[2025-08-02T13:51:43.579+0000] {manager.py:470} INFO - Processing files using up to 2 processes at a time 
[2025-08-02T13:51:43.580+0000] {manager.py:471} INFO - Process each file at most once every 30 seconds
[2025-08-02T13:51:43.580+0000] {manager.py:472} INFO - Checking for new files in /opt/airflow/dags every 300 seconds
[2025-08-02T13:51:43.581+0000] {manager.py:737} INFO - Searching for files in /opt/airflow/dags
[2025-08-02T13:51:43.583+0000] {manager.py:740} INFO - There are 2 files in /opt/airflow/dags
[2025-08-02T13:51:43.878+0000] {manager.py:878} INFO - 
================================================================================
DAG File Processing Stats

File Path                        PID    Runtime      # DAGs    # Errors  Last Runtime    Last Run
-------------------------------  -----  ---------  --------  ----------  --------------  -------------------
/opt/airflow/dags/exampledag.py                           0           1  0.19s           2025-08-02T13:51:43
/opt/airflow/dags/etl_dag.py                              0           1  0.08s           2025-08-02T13:51:43
================================================================================
[2025-08-02T13:52:14.780+0000] {manager.py:878} INFO - 
================================================================================
DAG File Processing Stats

File Path                          PID  Runtime      # DAGs    # Errors  Last Runtime    Last Run
-------------------------------  -----  ---------  --------  ----------  --------------  -------------------
/opt/airflow/dags/exampledag.py     69  0.00s             0           1  0.19s           2025-08-02T13:51:43
/opt/airflow/dags/etl_dag.py                              0           1  0.03s           2025-08-02T13:52:13
================================================================================
[2025-08-02T13:52:44.895+0000] {manager.py:878} INFO - 
================================================================================
DAG File Processing Stats

File Path                          PID  Runtime      # DAGs    # Errors  Last Runtime    Last Run
-------------------------------  -----  ---------  --------  ----------  --------------  -------------------
/opt/airflow/dags/etl_dag.py                              0           1  0.04s           2025-08-02T13:52:43
/opt/airflow/dags/exampledag.py     77  0.00s             0           1  0.04s           2025-08-02T13:52:14
================================================================================
[2025-08-02T13:53:15.016+0000] {manager.py:878} INFO - 
================================================================================
DAG File Processing Stats

File Path                          PID  Runtime      # DAGs    # Errors  Last Runtime    Last Run
-------------------------------  -----  ---------  --------  ----------  --------------  -------------------
/opt/airflow/dags/exampledag.py     85  0.00s             0           1  0.04s           2025-08-02T13:52:44
/opt/airflow/dags/etl_dag.py                              0           1  0.04s           2025-08-02T13:53:14
================================================================================
[2025-08-02T13:53:45.124+0000] {manager.py:878} INFO - 
================================================================================
DAG File Processing Stats

File Path                          PID  Runtime      # DAGs    # Errors  Last Runtime    Last Run
-------------------------------  -----  ---------  --------  ----------  --------------  -------------------
/opt/airflow/dags/exampledag.py     93  0.00s             0           1  0.03s           2025-08-02T13:53:15
/opt/airflow/dags/etl_dag.py                              0           1  0.03s           2025-08-02T13:53:44
================================================================================
[2025-08-02T13:54:15.236+0000] {manager.py:878} INFO - 
================================================================================
DAG File Processing Stats

File Path                          PID  Runtime      # DAGs    # Errors  Last Runtime    Last Run
-------------------------------  -----  ---------  --------  ----------  --------------  -------------------
/opt/airflow/dags/exampledag.py    101  0.00s             0           1  0.04s           2025-08-02T13:53:45
/opt/airflow/dags/etl_dag.py                              0           1  0.04s           2025-08-02T13:54:14
================================================================================
[2025-08-02T13:54:45.350+0000] {manager.py:878} INFO - 
================================================================================
DAG File Processing Stats

File Path                          PID  Runtime      # DAGs    # Errors  Last Runtime    Last Run
-------------------------------  -----  ---------  --------  ----------  --------------  -------------------
/opt/airflow/dags/exampledag.py    109  0.00s             0           1  0.04s           2025-08-02T13:54:15
/opt/airflow/dags/etl_dag.py                              0           1  0.03s           2025-08-02T13:54:44
================================================================================
[2025-08-02T13:55:15.469+0000] {manager.py:878} INFO - 
================================================================================
DAG File Processing Stats

File Path                          PID  Runtime      # DAGs    # Errors  Last Runtime    Last Run
-------------------------------  -----  ---------  --------  ----------  --------------  -------------------
/opt/airflow/dags/exampledag.py    117  0.00s             0           1  0.05s           2025-08-02T13:54:45
/opt/airflow/dags/etl_dag.py                              0           1  0.04s           2025-08-02T13:55:14
================================================================================
[2025-08-02T13:55:45.605+0000] {manager.py:878} INFO - 
================================================================================
DAG File Processing Stats

File Path                          PID  Runtime      # DAGs    # Errors  Last Runtime    Last Run
-------------------------------  -----  ---------  --------  ----------  --------------  -------------------
/opt/airflow/dags/exampledag.py    125  0.01s             0           1  0.05s           2025-08-02T13:55:15
/opt/airflow/dags/etl_dag.py                              0           1  0.04s           2025-08-02T13:55:44
================================================================================
[2025-08-02T13:56:15.728+0000] {manager.py:878} INFO - 
================================================================================
DAG File Processing Stats

File Path                          PID  Runtime      # DAGs    # Errors  Last Runtime    Last Run
-------------------------------  -----  ---------  --------  ----------  --------------  -------------------
/opt/airflow/dags/exampledag.py    133  0.00s             0           1  0.04s           2025-08-02T13:55:45
/opt/airflow/dags/etl_dag.py                              0           1  0.04s           2025-08-02T13:56:14
================================================================================
[2025-08-02T13:56:43.822+0000] {manager.py:737} INFO - Searching for files in /opt/airflow/dags
[2025-08-02T13:56:43.823+0000] {manager.py:740} INFO - There are 2 files in /opt/airflow/dags
[2025-08-02T13:56:45.850+0000] {manager.py:878} INFO - 
================================================================================
DAG File Processing Stats

File Path                          PID  Runtime      # DAGs    # Errors  Last Runtime    Last Run
-------------------------------  -----  ---------  --------  ----------  --------------  -------------------
/opt/airflow/dags/exampledag.py    141  0.00s             0           1  0.04s           2025-08-02T13:56:15
/opt/airflow/dags/etl_dag.py                              0           1  0.03s           2025-08-02T13:56:44
================================================================================
[2025-08-02T13:57:15.958+0000] {manager.py:878} INFO - 
================================================================================
DAG File Processing Stats

File Path                          PID  Runtime      # DAGs    # Errors  Last Runtime    Last Run
-------------------------------  -----  ---------  --------  ----------  --------------  -------------------
/opt/airflow/dags/exampledag.py    149  0.01s             0           1  0.04s           2025-08-02T13:56:45
/opt/airflow/dags/etl_dag.py                              0           1  0.03s           2025-08-02T13:57:14
================================================================================
[2025-08-02T13:57:46.074+0000] {manager.py:878} INFO - 
================================================================================
DAG File Processing Stats

File Path                        PID    Runtime      # DAGs    # Errors  Last Runtime    Last Run
-------------------------------  -----  ---------  --------  ----------  --------------  -------------------
/opt/airflow/dags/etl_dag.py                              0           1  0.04s           2025-08-02T13:57:45
/opt/airflow/dags/exampledag.py                           0           1  0.03s           2025-08-02T13:57:21
================================================================================
[2025-08-02T13:58:16.198+0000] {manager.py:878} INFO - 
================================================================================
DAG File Processing Stats

File Path                        PID    Runtime      # DAGs    # Errors  Last Runtime    Last Run
-------------------------------  -----  ---------  --------  ----------  --------------  -------------------
/opt/airflow/dags/exampledag.py                           1           0  0.25s           2025-08-02T13:58:14
/opt/airflow/dags/etl_dag.py                              0           1  0.04s           2025-08-02T13:58:15
================================================================================
[2025-08-02T13:58:36.568+0000] {manager.py:452} INFO - Exiting gracefully upon receiving signal 15
[2025-08-02T13:59:06.450+0000] {manager.py:470} INFO - Processing files using up to 2 processes at a time 
[2025-08-02T13:59:06.451+0000] {manager.py:471} INFO - Process each file at most once every 30 seconds
[2025-08-02T13:59:06.451+0000] {manager.py:472} INFO - Checking for new files in /opt/airflow/dags every 300 seconds
[2025-08-02T13:59:06.451+0000] {manager.py:737} INFO - Searching for files in /opt/airflow/dags
[2025-08-02T13:59:06.452+0000] {manager.py:740} INFO - There are 2 files in /opt/airflow/dags
[2025-08-02T13:59:06.561+0000] {manager.py:878} INFO - 
================================================================================
DAG File Processing Stats

File Path                          PID  Runtime      # DAGs    # Errors  Last Runtime    Last Run
-------------------------------  -----  ---------  --------  ----------  --------------  ----------
/opt/airflow/dags/etl_dag.py        76  0.05s             0           0
/opt/airflow/dags/exampledag.py     75  0.06s             0           0
================================================================================
[2025-08-02T13:59:36.650+0000] {manager.py:878} INFO - 
================================================================================
DAG File Processing Stats

File Path                          PID  Runtime      # DAGs    # Errors  Last Runtime    Last Run
-------------------------------  -----  ---------  --------  ----------  --------------  -------------------
/opt/airflow/dags/exampledag.py                           1           0  0.35s           2025-08-02T13:59:06
/opt/airflow/dags/etl_dag.py        83  0.00s             0           1  0.06s           2025-08-02T13:59:06
================================================================================
[2025-08-02T13:59:45.843+0000] {manager.py:452} INFO - Exiting gracefully upon receiving signal 15
[2025-08-02T14:01:36.475+0000] {manager.py:470} INFO - Processing files using up to 2 processes at a time 
[2025-08-02T14:01:36.476+0000] {manager.py:471} INFO - Process each file at most once every 30 seconds
[2025-08-02T14:01:36.476+0000] {manager.py:472} INFO - Checking for new files in /opt/airflow/dags every 300 seconds
[2025-08-02T14:01:36.476+0000] {manager.py:737} INFO - Searching for files in /opt/airflow/dags
[2025-08-02T14:01:36.478+0000] {manager.py:740} INFO - There are 2 files in /opt/airflow/dags
[2025-08-02T14:01:36.719+0000] {manager.py:878} INFO - 
================================================================================
DAG File Processing Stats

File Path                          PID  Runtime      # DAGs    # Errors  Last Runtime    Last Run
-------------------------------  -----  ---------  --------  ----------  --------------  -------------------
/opt/airflow/dags/etl_dag.py                              0           1  0.17s           2025-08-02T14:01:36
/opt/airflow/dags/exampledag.py     61  0.16s             0           0
================================================================================
[2025-08-02T14:02:06.805+0000] {manager.py:878} INFO - 
================================================================================
DAG File Processing Stats

File Path                          PID  Runtime      # DAGs    # Errors  Last Runtime    Last Run
-------------------------------  -----  ---------  --------  ----------  --------------  -------------------
/opt/airflow/dags/exampledag.py                           1           0  0.45s           2025-08-02T14:01:37
/opt/airflow/dags/etl_dag.py        68  0.00s             0           1  0.17s           2025-08-02T14:01:36
================================================================================
[2025-08-02T14:02:36.914+0000] {manager.py:878} INFO - 
================================================================================
DAG File Processing Stats

File Path                          PID  Runtime      # DAGs    # Errors  Last Runtime    Last Run
-------------------------------  -----  ---------  --------  ----------  --------------  -------------------
/opt/airflow/dags/exampledag.py                           1           0  0.08s           2025-08-02T14:02:07
/opt/airflow/dags/etl_dag.py        76  0.00s             0           1  0.03s           2025-08-02T14:02:06
================================================================================
[2025-08-02T14:03:04.844+0000] {manager.py:452} INFO - Exiting gracefully upon receiving signal 15
[2025-08-02T14:06:43.655+0000] {manager.py:470} INFO - Processing files using up to 2 processes at a time 
[2025-08-02T14:06:43.656+0000] {manager.py:471} INFO - Process each file at most once every 30 seconds
[2025-08-02T14:06:43.656+0000] {manager.py:472} INFO - Checking for new files in /opt/airflow/dags every 300 seconds
[2025-08-02T14:06:43.657+0000] {manager.py:737} INFO - Searching for files in /opt/airflow/dags
[2025-08-02T14:06:43.660+0000] {manager.py:740} INFO - There are 2 files in /opt/airflow/dags
[2025-08-02T14:06:43.971+0000] {manager.py:878} INFO - 
================================================================================
DAG File Processing Stats

File Path                          PID  Runtime      # DAGs    # Errors  Last Runtime    Last Run
-------------------------------  -----  ---------  --------  ----------  --------------  ----------
/opt/airflow/dags/etl_dag.py        54  0.23s             0           0
/opt/airflow/dags/exampledag.py     55  0.22s             0           0
================================================================================
[2025-08-02T14:07:14.392+0000] {manager.py:878} INFO - 
================================================================================
DAG File Processing Stats

File Path                          PID  Runtime      # DAGs    # Errors  Last Runtime    Last Run
-------------------------------  -----  ---------  --------  ----------  --------------  -------------------
/opt/airflow/dags/etl_dag.py        68  0.01s             1           0  0.55s           2025-08-02T14:06:44
/opt/airflow/dags/exampledag.py     69  0.00s             1           0  0.55s           2025-08-02T14:06:44
================================================================================
[2025-08-02T14:07:44.563+0000] {manager.py:878} INFO - 
================================================================================
DAG File Processing Stats

File Path                          PID  Runtime      # DAGs    # Errors  Last Runtime    Last Run
-------------------------------  -----  ---------  --------  ----------  --------------  -------------------
/opt/airflow/dags/exampledag.py     77  0.01s             1           0  0.09s           2025-08-02T14:07:14
/opt/airflow/dags/etl_dag.py        76  0.02s             1           0  0.08s           2025-08-02T14:07:14
================================================================================
[2025-08-02T14:08:14.744+0000] {manager.py:878} INFO - 
================================================================================
DAG File Processing Stats

File Path                          PID  Runtime      # DAGs    # Errors  Last Runtime    Last Run
-------------------------------  -----  ---------  --------  ----------  --------------  -------------------
/opt/airflow/dags/exampledag.py     85  0.00s             1           0  0.11s           2025-08-02T14:07:44
/opt/airflow/dags/etl_dag.py        84  0.01s             1           0  0.11s           2025-08-02T14:07:44
================================================================================
[2025-08-02T14:08:44.890+0000] {manager.py:878} INFO - 
================================================================================
DAG File Processing Stats

File Path                          PID  Runtime      # DAGs    # Errors  Last Runtime    Last Run
-------------------------------  -----  ---------  --------  ----------  --------------  -------------------
/opt/airflow/dags/exampledag.py     93  0.00s             1           0  0.07s           2025-08-02T14:08:14
/opt/airflow/dags/etl_dag.py        92  0.01s             1           0  0.07s           2025-08-02T14:08:14
================================================================================
[2025-08-02T14:09:15.050+0000] {manager.py:878} INFO - 
================================================================================
DAG File Processing Stats

File Path                          PID  Runtime      # DAGs    # Errors  Last Runtime    Last Run
-------------------------------  -----  ---------  --------  ----------  --------------  -------------------
/opt/airflow/dags/exampledag.py    101  0.00s             1           0  0.09s           2025-08-02T14:08:44
/opt/airflow/dags/etl_dag.py       100  0.01s             1           0  0.08s           2025-08-02T14:08:44
================================================================================
[2025-08-02T14:09:45.208+0000] {manager.py:878} INFO - 
================================================================================
DAG File Processing Stats

File Path                          PID  Runtime      # DAGs    # Errors  Last Runtime    Last Run
-------------------------------  -----  ---------  --------  ----------  --------------  -------------------
/opt/airflow/dags/exampledag.py    149  0.00s             1           0  0.09s           2025-08-02T14:09:15
/opt/airflow/dags/etl_dag.py       148  0.01s             1           0  0.08s           2025-08-02T14:09:15
================================================================================
[2025-08-02T14:10:15.286+0000] {manager.py:878} INFO - 
================================================================================
DAG File Processing Stats

File Path                        PID    Runtime      # DAGs    # Errors  Last Runtime    Last Run
-------------------------------  -----  ---------  --------  ----------  --------------  -------------------
/opt/airflow/dags/etl_dag.py                              1           0  0.10s           2025-08-02T14:09:45
/opt/airflow/dags/exampledag.py                           1           0  0.09s           2025-08-02T14:09:45
================================================================================
[2025-08-02T14:10:45.521+0000] {manager.py:878} INFO - 
================================================================================
DAG File Processing Stats

File Path                          PID  Runtime      # DAGs    # Errors  Last Runtime    Last Run
-------------------------------  -----  ---------  --------  ----------  --------------  -------------------
/opt/airflow/dags/exampledag.py    165  0.00s             1           0  0.09s           2025-08-02T14:10:15
/opt/airflow/dags/etl_dag.py       164  0.01s             1           0  0.08s           2025-08-02T14:10:15
================================================================================
[2025-08-02T14:11:15.667+0000] {manager.py:878} INFO - 
================================================================================
DAG File Processing Stats

File Path                          PID  Runtime      # DAGs    # Errors  Last Runtime    Last Run
-------------------------------  -----  ---------  --------  ----------  --------------  -------------------
/opt/airflow/dags/exampledag.py    173  0.00s             1           0  0.07s           2025-08-02T14:10:45
/opt/airflow/dags/etl_dag.py       172  0.01s             1           0  0.06s           2025-08-02T14:10:45
================================================================================
[2025-08-02T14:11:43.818+0000] {manager.py:737} INFO - Searching for files in /opt/airflow/dags
[2025-08-02T14:11:43.819+0000] {manager.py:740} INFO - There are 2 files in /opt/airflow/dags
[2025-08-02T14:11:45.837+0000] {manager.py:878} INFO - 
================================================================================
DAG File Processing Stats

File Path                          PID  Runtime      # DAGs    # Errors  Last Runtime    Last Run
-------------------------------  -----  ---------  --------  ----------  --------------  -------------------
/opt/airflow/dags/etl_dag.py       180  0.01s             1           0  0.09s           2025-08-02T14:11:15
/opt/airflow/dags/exampledag.py    181  0.00s             1           0  0.09s           2025-08-02T14:11:15
================================================================================
[2025-08-02T14:12:15.979+0000] {manager.py:878} INFO - 
================================================================================
DAG File Processing Stats

File Path                          PID  Runtime      # DAGs    # Errors  Last Runtime    Last Run
-------------------------------  -----  ---------  --------  ----------  --------------  -------------------
/opt/airflow/dags/etl_dag.py       188  0.01s             1           0  0.07s           2025-08-02T14:11:45
/opt/airflow/dags/exampledag.py    189  0.00s             1           0  0.06s           2025-08-02T14:11:45
================================================================================
[2025-08-02T14:12:46.050+0000] {manager.py:878} INFO - 
================================================================================
DAG File Processing Stats

File Path                        PID    Runtime      # DAGs    # Errors  Last Runtime    Last Run
-------------------------------  -----  ---------  --------  ----------  --------------  -------------------
/opt/airflow/dags/etl_dag.py                              1           0  0.08s           2025-08-02T14:12:16
/opt/airflow/dags/exampledag.py                           1           0  0.08s           2025-08-02T14:12:16
================================================================================
[2025-08-02T14:13:16.272+0000] {manager.py:878} INFO - 
================================================================================
DAG File Processing Stats

File Path                          PID  Runtime      # DAGs    # Errors  Last Runtime    Last Run
-------------------------------  -----  ---------  --------  ----------  --------------  -------------------
/opt/airflow/dags/etl_dag.py       204  0.01s             1           0  0.07s           2025-08-02T14:12:46
/opt/airflow/dags/exampledag.py    205  0.00s             1           0  0.07s           2025-08-02T14:12:46
================================================================================
[2025-08-02T14:13:46.416+0000] {manager.py:878} INFO - 
================================================================================
DAG File Processing Stats

File Path                          PID  Runtime      # DAGs    # Errors  Last Runtime    Last Run
-------------------------------  -----  ---------  --------  ----------  --------------  -------------------
/opt/airflow/dags/etl_dag.py       212  0.01s             1           0  0.07s           2025-08-02T14:13:16
/opt/airflow/dags/exampledag.py    213  0.00s             1           0  0.06s           2025-08-02T14:13:16
================================================================================
[2025-08-02T14:14:16.572+0000] {manager.py:878} INFO - 
================================================================================
DAG File Processing Stats

File Path                          PID  Runtime      # DAGs    # Errors  Last Runtime    Last Run
-------------------------------  -----  ---------  --------  ----------  --------------  -------------------
/opt/airflow/dags/exampledag.py    221  0.00s             1           0  0.08s           2025-08-02T14:13:46
/opt/airflow/dags/etl_dag.py       220  0.01s             1           0  0.08s           2025-08-02T14:13:46
================================================================================
[2025-08-02T14:14:46.722+0000] {manager.py:878} INFO - 
================================================================================
DAG File Processing Stats

File Path                          PID  Runtime      # DAGs    # Errors  Last Runtime    Last Run
-------------------------------  -----  ---------  --------  ----------  --------------  -------------------
/opt/airflow/dags/etl_dag.py       232  0.01s             1           0  0.08s           2025-08-02T14:14:16
/opt/airflow/dags/exampledag.py    233  0.00s             1           0  0.07s           2025-08-02T14:14:16
================================================================================
[2025-08-02T14:15:16.864+0000] {manager.py:878} INFO - 
================================================================================
DAG File Processing Stats

File Path                          PID  Runtime      # DAGs    # Errors  Last Runtime    Last Run
-------------------------------  -----  ---------  --------  ----------  --------------  -------------------
/opt/airflow/dags/etl_dag.py       240  0.01s             1           0  0.07s           2025-08-02T14:14:46
/opt/airflow/dags/exampledag.py    241  0.00s             1           0  0.07s           2025-08-02T14:14:46
================================================================================
[2025-08-02T14:15:47.012+0000] {manager.py:878} INFO - 
================================================================================
DAG File Processing Stats

File Path                          PID  Runtime      # DAGs    # Errors  Last Runtime    Last Run
-------------------------------  -----  ---------  --------  ----------  --------------  -------------------
/opt/airflow/dags/exampledag.py    249  0.00s             1           0  0.08s           2025-08-02T14:15:16
/opt/airflow/dags/etl_dag.py       248  0.01s             1           0  0.07s           2025-08-02T14:15:16
================================================================================
[2025-08-02T14:16:17.148+0000] {manager.py:878} INFO - 
================================================================================
DAG File Processing Stats

File Path                          PID  Runtime      # DAGs    # Errors  Last Runtime    Last Run
-------------------------------  -----  ---------  --------  ----------  --------------  -------------------
/opt/airflow/dags/exampledag.py    257  0.00s             1           0  0.07s           2025-08-02T14:15:47
/opt/airflow/dags/etl_dag.py       256  0.01s             1           0  0.06s           2025-08-02T14:15:47
================================================================================
[2025-08-02T14:16:44.282+0000] {manager.py:737} INFO - Searching for files in /opt/airflow/dags
[2025-08-02T14:16:44.283+0000] {manager.py:740} INFO - There are 2 files in /opt/airflow/dags
[2025-08-02T14:16:47.302+0000] {manager.py:878} INFO - 
================================================================================
DAG File Processing Stats

File Path                          PID  Runtime      # DAGs    # Errors  Last Runtime    Last Run
-------------------------------  -----  ---------  --------  ----------  --------------  -------------------
/opt/airflow/dags/exampledag.py    265  0.00s             1           0  0.08s           2025-08-02T14:16:17
/opt/airflow/dags/etl_dag.py       264  0.01s             1           0  0.07s           2025-08-02T14:16:17
================================================================================
[2025-08-02T14:17:17.445+0000] {manager.py:878} INFO - 
================================================================================
DAG File Processing Stats

File Path                          PID  Runtime      # DAGs    # Errors  Last Runtime    Last Run
-------------------------------  -----  ---------  --------  ----------  --------------  -------------------
/opt/airflow/dags/exampledag.py    273  0.00s             1           0  0.06s           2025-08-02T14:16:47
/opt/airflow/dags/etl_dag.py       272  0.01s             1           0  0.06s           2025-08-02T14:16:47
================================================================================
[2025-08-02T14:17:47.604+0000] {manager.py:878} INFO - 
================================================================================
DAG File Processing Stats

File Path                          PID  Runtime      # DAGs    # Errors  Last Runtime    Last Run
-------------------------------  -----  ---------  --------  ----------  --------------  -------------------
/opt/airflow/dags/etl_dag.py       279  0.01s             1           0  0.09s           2025-08-02T14:17:17
/opt/airflow/dags/exampledag.py    280  0.00s             1           0  0.09s           2025-08-02T14:17:17
================================================================================
[2025-08-02T14:18:17.752+0000] {manager.py:878} INFO - 
================================================================================
DAG File Processing Stats

File Path                          PID  Runtime      # DAGs    # Errors  Last Runtime    Last Run
-------------------------------  -----  ---------  --------  ----------  --------------  -------------------
/opt/airflow/dags/exampledag.py    288  0.00s             1           0  0.07s           2025-08-02T14:17:47
/opt/airflow/dags/etl_dag.py       287  0.01s             1           0  0.07s           2025-08-02T14:17:47
================================================================================
[2025-08-02T14:18:47.902+0000] {manager.py:878} INFO - 
================================================================================
DAG File Processing Stats

File Path                          PID  Runtime      # DAGs    # Errors  Last Runtime    Last Run
-------------------------------  -----  ---------  --------  ----------  --------------  -------------------
/opt/airflow/dags/exampledag.py    296  0.01s             1           0  0.07s           2025-08-02T14:18:17
/opt/airflow/dags/etl_dag.py       295  0.01s             1           0  0.07s           2025-08-02T14:18:17
================================================================================
[2025-08-02T14:19:18.083+0000] {manager.py:878} INFO - 
================================================================================
DAG File Processing Stats

File Path                          PID  Runtime      # DAGs    # Errors  Last Runtime    Last Run
-------------------------------  -----  ---------  --------  ----------  --------------  -------------------
/opt/airflow/dags/etl_dag.py       303  0.01s             1           0  0.10s           2025-08-02T14:18:47
/opt/airflow/dags/exampledag.py    304  0.01s             1           0  0.09s           2025-08-02T14:18:47
================================================================================
[2025-08-02T14:19:48.231+0000] {manager.py:878} INFO - 
================================================================================
DAG File Processing Stats

File Path                          PID  Runtime      # DAGs    # Errors  Last Runtime    Last Run
-------------------------------  -----  ---------  --------  ----------  --------------  -------------------
/opt/airflow/dags/exampledag.py    316  0.00s             1           0  0.08s           2025-08-02T14:19:18
/opt/airflow/dags/etl_dag.py       315  0.01s             1           0  0.07s           2025-08-02T14:19:18
================================================================================
[2025-08-02T14:20:18.369+0000] {manager.py:878} INFO - 
================================================================================
DAG File Processing Stats

File Path                          PID  Runtime      # DAGs    # Errors  Last Runtime    Last Run
-------------------------------  -----  ---------  --------  ----------  --------------  -------------------
/opt/airflow/dags/exampledag.py    324  0.00s             1           0  0.08s           2025-08-02T14:19:48
/opt/airflow/dags/etl_dag.py       323  0.01s             1           0  0.07s           2025-08-02T14:19:48
================================================================================
[2025-08-02T14:20:48.449+0000] {manager.py:878} INFO - 
================================================================================
DAG File Processing Stats

File Path                          PID  Runtime      # DAGs    # Errors  Last Runtime    Last Run
-------------------------------  -----  ---------  --------  ----------  --------------  -------------------
/opt/airflow/dags/etl_dag.py       331  0.01s             1           0  0.07s           2025-08-02T14:20:18
/opt/airflow/dags/exampledag.py    332  0.00s             1           0  0.06s           2025-08-02T14:20:18
================================================================================
[2025-08-02T14:21:18.599+0000] {manager.py:878} INFO - 
================================================================================
DAG File Processing Stats

File Path                          PID  Runtime      # DAGs    # Errors  Last Runtime    Last Run
-------------------------------  -----  ---------  --------  ----------  --------------  -------------------
/opt/airflow/dags/exampledag.py    340  0.00s             1           0  0.08s           2025-08-02T14:20:48
/opt/airflow/dags/etl_dag.py       339  0.01s             1           0  0.07s           2025-08-02T14:20:48
================================================================================
[2025-08-02T14:21:44.725+0000] {manager.py:737} INFO - Searching for files in /opt/airflow/dags
[2025-08-02T14:21:44.726+0000] {manager.py:740} INFO - There are 2 files in /opt/airflow/dags
[2025-08-02T14:21:48.752+0000] {manager.py:878} INFO - 
================================================================================
DAG File Processing Stats

File Path                          PID  Runtime      # DAGs    # Errors  Last Runtime    Last Run
-------------------------------  -----  ---------  --------  ----------  --------------  -------------------
/opt/airflow/dags/exampledag.py    348  0.00s             1           0  0.07s           2025-08-02T14:21:18
/opt/airflow/dags/etl_dag.py       347  0.01s             1           0  0.06s           2025-08-02T14:21:18
================================================================================
[2025-08-02T14:22:18.889+0000] {manager.py:878} INFO - 
================================================================================
DAG File Processing Stats

File Path                          PID  Runtime      # DAGs    # Errors  Last Runtime    Last Run
-------------------------------  -----  ---------  --------  ----------  --------------  -------------------
/opt/airflow/dags/etl_dag.py       355  0.01s             1           0  0.07s           2025-08-02T14:21:48
/opt/airflow/dags/exampledag.py    356  0.00s             1           0  0.06s           2025-08-02T14:21:48
================================================================================
[2025-08-02T14:22:48.977+0000] {manager.py:878} INFO - 
================================================================================
DAG File Processing Stats

File Path                          PID  Runtime      # DAGs    # Errors  Last Runtime    Last Run
-------------------------------  -----  ---------  --------  ----------  --------------  -------------------
/opt/airflow/dags/etl_dag.py       363  0.01s             1           0  0.07s           2025-08-02T14:22:18
/opt/airflow/dags/exampledag.py    364  0.00s             1           0  0.07s           2025-08-02T14:22:18
================================================================================
[2025-08-02T14:23:19.119+0000] {manager.py:878} INFO - 
================================================================================
DAG File Processing Stats

File Path                          PID  Runtime      # DAGs    # Errors  Last Runtime    Last Run
-------------------------------  -----  ---------  --------  ----------  --------------  -------------------
/opt/airflow/dags/etl_dag.py       371  0.02s             1           0  0.09s           2025-08-02T14:22:49
/opt/airflow/dags/exampledag.py    372  0.01s             1           0  0.08s           2025-08-02T14:22:49
================================================================================
[2025-08-02T14:23:49.199+0000] {manager.py:878} INFO - 
================================================================================
DAG File Processing Stats

File Path                        PID    Runtime      # DAGs    # Errors  Last Runtime    Last Run
-------------------------------  -----  ---------  --------  ----------  --------------  -------------------
/opt/airflow/dags/etl_dag.py                              1           0  0.10s           2025-08-02T14:23:19
/opt/airflow/dags/exampledag.py                           1           0  0.10s           2025-08-02T14:23:19
================================================================================
[2025-08-02T14:24:19.424+0000] {manager.py:878} INFO - 
================================================================================
DAG File Processing Stats

File Path                          PID  Runtime      # DAGs    # Errors  Last Runtime    Last Run
-------------------------------  -----  ---------  --------  ----------  --------------  -------------------
/opt/airflow/dags/exampledag.py    388  0.00s             1           0  0.07s           2025-08-02T14:23:49
/opt/airflow/dags/etl_dag.py       387  0.01s             1           0  0.06s           2025-08-02T14:23:49
================================================================================
[2025-08-02T14:24:49.509+0000] {manager.py:878} INFO - 
================================================================================
DAG File Processing Stats

File Path                          PID  Runtime      # DAGs    # Errors  Last Runtime    Last Run
-------------------------------  -----  ---------  --------  ----------  --------------  -------------------
/opt/airflow/dags/etl_dag.py       395  0.01s             1           0  0.07s           2025-08-02T14:24:19
/opt/airflow/dags/exampledag.py    396  0.00s             1           0  0.06s           2025-08-02T14:24:19
================================================================================
[2025-08-02T14:25:19.652+0000] {manager.py:878} INFO - 
================================================================================
DAG File Processing Stats

File Path                          PID  Runtime      # DAGs    # Errors  Last Runtime    Last Run
-------------------------------  -----  ---------  --------  ----------  --------------  -------------------
/opt/airflow/dags/etl_dag.py       403  0.01s             1           0  0.07s           2025-08-02T14:24:49
/opt/airflow/dags/exampledag.py    404  0.00s             1           0  0.06s           2025-08-02T14:24:49
================================================================================
