[2025-08-02T13:51:43.638+0000] {processor.py:161} INFO - Started process (PID=60) to work on /opt/airflow/dags/etl_dag.py
[2025-08-02T13:51:43.639+0000] {processor.py:830} INFO - Processing file /opt/airflow/dags/etl_dag.py for tasks to queue
[2025-08-02T13:51:43.640+0000] {logging_mixin.py:188} INFO - [2025-08-02T13:51:43.640+0000] {dagbag.py:545} INFO - Filling up the DagBag from /opt/airflow/dags/etl_dag.py
[2025-08-02T13:51:43.645+0000] {logging_mixin.py:188} INFO - [2025-08-02T13:51:43.643+0000] {dagbag.py:355} ERROR - Failed to import: /opt/airflow/dags/etl_dag.py
Traceback (most recent call last):
  File "/home/airflow/.local/lib/python3.11/site-packages/airflow/models/dagbag.py", line 351, in parse
    loader.exec_module(new_module)
  File "<frozen importlib._bootstrap_external>", line 936, in exec_module
  File "<frozen importlib._bootstrap_external>", line 1074, in get_code
  File "<frozen importlib._bootstrap_external>", line 1004, in source_to_code
  File "<frozen importlib._bootstrap>", line 241, in _call_with_frames_removed
  File "/opt/airflow/dags/etl_dag.py", line 71
    bash_command='''cd /opt/airflow/etl && python -c "
                 
SyntaxError: invalid syntax. Perhaps you forgot a comma?
[2025-08-02T13:51:43.646+0000] {processor.py:842} WARNING - No viable dags retrieved from /opt/airflow/dags/etl_dag.py
[2025-08-02T13:51:43.668+0000] {processor.py:183} INFO - Processing /opt/airflow/dags/etl_dag.py took 0.038 seconds
[2025-08-02T13:52:13.776+0000] {processor.py:161} INFO - Started process (PID=68) to work on /opt/airflow/dags/etl_dag.py
[2025-08-02T13:52:13.777+0000] {processor.py:830} INFO - Processing file /opt/airflow/dags/etl_dag.py for tasks to queue
[2025-08-02T13:52:13.777+0000] {logging_mixin.py:188} INFO - [2025-08-02T13:52:13.777+0000] {dagbag.py:545} INFO - Filling up the DagBag from /opt/airflow/dags/etl_dag.py
[2025-08-02T13:52:13.780+0000] {logging_mixin.py:188} INFO - [2025-08-02T13:52:13.779+0000] {dagbag.py:355} ERROR - Failed to import: /opt/airflow/dags/etl_dag.py
Traceback (most recent call last):
  File "/home/airflow/.local/lib/python3.11/site-packages/airflow/models/dagbag.py", line 351, in parse
    loader.exec_module(new_module)
  File "<frozen importlib._bootstrap_external>", line 936, in exec_module
  File "<frozen importlib._bootstrap_external>", line 1074, in get_code
  File "<frozen importlib._bootstrap_external>", line 1004, in source_to_code
  File "<frozen importlib._bootstrap>", line 241, in _call_with_frames_removed
  File "/opt/airflow/dags/etl_dag.py", line 71
    bash_command='''cd /opt/airflow/etl && python -c "
                 
SyntaxError: invalid syntax. Perhaps you forgot a comma?
[2025-08-02T13:52:13.780+0000] {processor.py:842} WARNING - No viable dags retrieved from /opt/airflow/dags/etl_dag.py
[2025-08-02T13:52:13.793+0000] {processor.py:183} INFO - Processing /opt/airflow/dags/etl_dag.py took 0.020 seconds
[2025-08-02T13:52:43.890+0000] {processor.py:161} INFO - Started process (PID=76) to work on /opt/airflow/dags/etl_dag.py
[2025-08-02T13:52:43.890+0000] {processor.py:830} INFO - Processing file /opt/airflow/dags/etl_dag.py for tasks to queue
[2025-08-02T13:52:43.891+0000] {logging_mixin.py:188} INFO - [2025-08-02T13:52:43.891+0000] {dagbag.py:545} INFO - Filling up the DagBag from /opt/airflow/dags/etl_dag.py
[2025-08-02T13:52:43.894+0000] {logging_mixin.py:188} INFO - [2025-08-02T13:52:43.893+0000] {dagbag.py:355} ERROR - Failed to import: /opt/airflow/dags/etl_dag.py
Traceback (most recent call last):
  File "/home/airflow/.local/lib/python3.11/site-packages/airflow/models/dagbag.py", line 351, in parse
    loader.exec_module(new_module)
  File "<frozen importlib._bootstrap_external>", line 936, in exec_module
  File "<frozen importlib._bootstrap_external>", line 1074, in get_code
  File "<frozen importlib._bootstrap_external>", line 1004, in source_to_code
  File "<frozen importlib._bootstrap>", line 241, in _call_with_frames_removed
  File "/opt/airflow/dags/etl_dag.py", line 71
    bash_command='''cd /opt/airflow/etl && python -c "
                 
SyntaxError: invalid syntax. Perhaps you forgot a comma?
[2025-08-02T13:52:43.894+0000] {processor.py:842} WARNING - No viable dags retrieved from /opt/airflow/dags/etl_dag.py
[2025-08-02T13:52:43.912+0000] {processor.py:183} INFO - Processing /opt/airflow/dags/etl_dag.py took 0.028 seconds
[2025-08-02T13:53:14.012+0000] {processor.py:161} INFO - Started process (PID=84) to work on /opt/airflow/dags/etl_dag.py
[2025-08-02T13:53:14.013+0000] {processor.py:830} INFO - Processing file /opt/airflow/dags/etl_dag.py for tasks to queue
[2025-08-02T13:53:14.014+0000] {logging_mixin.py:188} INFO - [2025-08-02T13:53:14.014+0000] {dagbag.py:545} INFO - Filling up the DagBag from /opt/airflow/dags/etl_dag.py
[2025-08-02T13:53:14.016+0000] {logging_mixin.py:188} INFO - [2025-08-02T13:53:14.015+0000] {dagbag.py:355} ERROR - Failed to import: /opt/airflow/dags/etl_dag.py
Traceback (most recent call last):
  File "/home/airflow/.local/lib/python3.11/site-packages/airflow/models/dagbag.py", line 351, in parse
    loader.exec_module(new_module)
  File "<frozen importlib._bootstrap_external>", line 936, in exec_module
  File "<frozen importlib._bootstrap_external>", line 1074, in get_code
  File "<frozen importlib._bootstrap_external>", line 1004, in source_to_code
  File "<frozen importlib._bootstrap>", line 241, in _call_with_frames_removed
  File "/opt/airflow/dags/etl_dag.py", line 71
    bash_command='''cd /opt/airflow/etl && python -c "
                 
SyntaxError: invalid syntax. Perhaps you forgot a comma?
[2025-08-02T13:53:14.016+0000] {processor.py:842} WARNING - No viable dags retrieved from /opt/airflow/dags/etl_dag.py
[2025-08-02T13:53:14.029+0000] {processor.py:183} INFO - Processing /opt/airflow/dags/etl_dag.py took 0.021 seconds
[2025-08-02T13:53:44.120+0000] {processor.py:161} INFO - Started process (PID=92) to work on /opt/airflow/dags/etl_dag.py
[2025-08-02T13:53:44.120+0000] {processor.py:830} INFO - Processing file /opt/airflow/dags/etl_dag.py for tasks to queue
[2025-08-02T13:53:44.121+0000] {logging_mixin.py:188} INFO - [2025-08-02T13:53:44.120+0000] {dagbag.py:545} INFO - Filling up the DagBag from /opt/airflow/dags/etl_dag.py
[2025-08-02T13:53:44.123+0000] {logging_mixin.py:188} INFO - [2025-08-02T13:53:44.122+0000] {dagbag.py:355} ERROR - Failed to import: /opt/airflow/dags/etl_dag.py
Traceback (most recent call last):
  File "/home/airflow/.local/lib/python3.11/site-packages/airflow/models/dagbag.py", line 351, in parse
    loader.exec_module(new_module)
  File "<frozen importlib._bootstrap_external>", line 936, in exec_module
  File "<frozen importlib._bootstrap_external>", line 1074, in get_code
  File "<frozen importlib._bootstrap_external>", line 1004, in source_to_code
  File "<frozen importlib._bootstrap>", line 241, in _call_with_frames_removed
  File "/opt/airflow/dags/etl_dag.py", line 71
    bash_command='''cd /opt/airflow/etl && python -c "
                 
SyntaxError: invalid syntax. Perhaps you forgot a comma?
[2025-08-02T13:53:44.123+0000] {processor.py:842} WARNING - No viable dags retrieved from /opt/airflow/dags/etl_dag.py
[2025-08-02T13:53:44.135+0000] {processor.py:183} INFO - Processing /opt/airflow/dags/etl_dag.py took 0.018 seconds
[2025-08-02T13:54:14.230+0000] {processor.py:161} INFO - Started process (PID=100) to work on /opt/airflow/dags/etl_dag.py
[2025-08-02T13:54:14.232+0000] {processor.py:830} INFO - Processing file /opt/airflow/dags/etl_dag.py for tasks to queue
[2025-08-02T13:54:14.233+0000] {logging_mixin.py:188} INFO - [2025-08-02T13:54:14.232+0000] {dagbag.py:545} INFO - Filling up the DagBag from /opt/airflow/dags/etl_dag.py
[2025-08-02T13:54:14.235+0000] {logging_mixin.py:188} INFO - [2025-08-02T13:54:14.234+0000] {dagbag.py:355} ERROR - Failed to import: /opt/airflow/dags/etl_dag.py
Traceback (most recent call last):
  File "/home/airflow/.local/lib/python3.11/site-packages/airflow/models/dagbag.py", line 351, in parse
    loader.exec_module(new_module)
  File "<frozen importlib._bootstrap_external>", line 936, in exec_module
  File "<frozen importlib._bootstrap_external>", line 1074, in get_code
  File "<frozen importlib._bootstrap_external>", line 1004, in source_to_code
  File "<frozen importlib._bootstrap>", line 241, in _call_with_frames_removed
  File "/opt/airflow/dags/etl_dag.py", line 71
    bash_command='''cd /opt/airflow/etl && python -c "
                 
SyntaxError: invalid syntax. Perhaps you forgot a comma?
[2025-08-02T13:54:14.235+0000] {processor.py:842} WARNING - No viable dags retrieved from /opt/airflow/dags/etl_dag.py
[2025-08-02T13:54:14.251+0000] {processor.py:183} INFO - Processing /opt/airflow/dags/etl_dag.py took 0.025 seconds
[2025-08-02T13:54:44.346+0000] {processor.py:161} INFO - Started process (PID=108) to work on /opt/airflow/dags/etl_dag.py
[2025-08-02T13:54:44.346+0000] {processor.py:830} INFO - Processing file /opt/airflow/dags/etl_dag.py for tasks to queue
[2025-08-02T13:54:44.347+0000] {logging_mixin.py:188} INFO - [2025-08-02T13:54:44.347+0000] {dagbag.py:545} INFO - Filling up the DagBag from /opt/airflow/dags/etl_dag.py
[2025-08-02T13:54:44.349+0000] {logging_mixin.py:188} INFO - [2025-08-02T13:54:44.348+0000] {dagbag.py:355} ERROR - Failed to import: /opt/airflow/dags/etl_dag.py
Traceback (most recent call last):
  File "/home/airflow/.local/lib/python3.11/site-packages/airflow/models/dagbag.py", line 351, in parse
    loader.exec_module(new_module)
  File "<frozen importlib._bootstrap_external>", line 936, in exec_module
  File "<frozen importlib._bootstrap_external>", line 1074, in get_code
  File "<frozen importlib._bootstrap_external>", line 1004, in source_to_code
  File "<frozen importlib._bootstrap>", line 241, in _call_with_frames_removed
  File "/opt/airflow/dags/etl_dag.py", line 71
    bash_command='''cd /opt/airflow/etl && python -c "
                 
SyntaxError: invalid syntax. Perhaps you forgot a comma?
[2025-08-02T13:54:44.349+0000] {processor.py:842} WARNING - No viable dags retrieved from /opt/airflow/dags/etl_dag.py
[2025-08-02T13:54:44.362+0000] {processor.py:183} INFO - Processing /opt/airflow/dags/etl_dag.py took 0.021 seconds
[2025-08-02T13:55:14.469+0000] {processor.py:161} INFO - Started process (PID=116) to work on /opt/airflow/dags/etl_dag.py
[2025-08-02T13:55:14.471+0000] {processor.py:830} INFO - Processing file /opt/airflow/dags/etl_dag.py for tasks to queue
[2025-08-02T13:55:14.471+0000] {logging_mixin.py:188} INFO - [2025-08-02T13:55:14.471+0000] {dagbag.py:545} INFO - Filling up the DagBag from /opt/airflow/dags/etl_dag.py
[2025-08-02T13:55:14.474+0000] {logging_mixin.py:188} INFO - [2025-08-02T13:55:14.474+0000] {dagbag.py:355} ERROR - Failed to import: /opt/airflow/dags/etl_dag.py
Traceback (most recent call last):
  File "/home/airflow/.local/lib/python3.11/site-packages/airflow/models/dagbag.py", line 351, in parse
    loader.exec_module(new_module)
  File "<frozen importlib._bootstrap_external>", line 936, in exec_module
  File "<frozen importlib._bootstrap_external>", line 1074, in get_code
  File "<frozen importlib._bootstrap_external>", line 1004, in source_to_code
  File "<frozen importlib._bootstrap>", line 241, in _call_with_frames_removed
  File "/opt/airflow/dags/etl_dag.py", line 71
    bash_command='''cd /opt/airflow/etl && python -c "
                 
SyntaxError: invalid syntax. Perhaps you forgot a comma?
[2025-08-02T13:55:14.475+0000] {processor.py:842} WARNING - No viable dags retrieved from /opt/airflow/dags/etl_dag.py
[2025-08-02T13:55:14.489+0000] {processor.py:183} INFO - Processing /opt/airflow/dags/etl_dag.py took 0.029 seconds
[2025-08-02T13:55:44.597+0000] {processor.py:161} INFO - Started process (PID=124) to work on /opt/airflow/dags/etl_dag.py
[2025-08-02T13:55:44.597+0000] {processor.py:830} INFO - Processing file /opt/airflow/dags/etl_dag.py for tasks to queue
[2025-08-02T13:55:44.598+0000] {logging_mixin.py:188} INFO - [2025-08-02T13:55:44.597+0000] {dagbag.py:545} INFO - Filling up the DagBag from /opt/airflow/dags/etl_dag.py
[2025-08-02T13:55:44.600+0000] {logging_mixin.py:188} INFO - [2025-08-02T13:55:44.600+0000] {dagbag.py:355} ERROR - Failed to import: /opt/airflow/dags/etl_dag.py
Traceback (most recent call last):
  File "/home/airflow/.local/lib/python3.11/site-packages/airflow/models/dagbag.py", line 351, in parse
    loader.exec_module(new_module)
  File "<frozen importlib._bootstrap_external>", line 936, in exec_module
  File "<frozen importlib._bootstrap_external>", line 1074, in get_code
  File "<frozen importlib._bootstrap_external>", line 1004, in source_to_code
  File "<frozen importlib._bootstrap>", line 241, in _call_with_frames_removed
  File "/opt/airflow/dags/etl_dag.py", line 71
    bash_command='''cd /opt/airflow/etl && python -c "
                 
SyntaxError: invalid syntax. Perhaps you forgot a comma?
[2025-08-02T13:55:44.601+0000] {processor.py:842} WARNING - No viable dags retrieved from /opt/airflow/dags/etl_dag.py
[2025-08-02T13:55:44.617+0000] {processor.py:183} INFO - Processing /opt/airflow/dags/etl_dag.py took 0.025 seconds
[2025-08-02T13:56:14.720+0000] {processor.py:161} INFO - Started process (PID=132) to work on /opt/airflow/dags/etl_dag.py
[2025-08-02T13:56:14.722+0000] {processor.py:830} INFO - Processing file /opt/airflow/dags/etl_dag.py for tasks to queue
[2025-08-02T13:56:14.723+0000] {logging_mixin.py:188} INFO - [2025-08-02T13:56:14.723+0000] {dagbag.py:545} INFO - Filling up the DagBag from /opt/airflow/dags/etl_dag.py
[2025-08-02T13:56:14.726+0000] {logging_mixin.py:188} INFO - [2025-08-02T13:56:14.725+0000] {dagbag.py:355} ERROR - Failed to import: /opt/airflow/dags/etl_dag.py
Traceback (most recent call last):
  File "/home/airflow/.local/lib/python3.11/site-packages/airflow/models/dagbag.py", line 351, in parse
    loader.exec_module(new_module)
  File "<frozen importlib._bootstrap_external>", line 936, in exec_module
  File "<frozen importlib._bootstrap_external>", line 1074, in get_code
  File "<frozen importlib._bootstrap_external>", line 1004, in source_to_code
  File "<frozen importlib._bootstrap>", line 241, in _call_with_frames_removed
  File "/opt/airflow/dags/etl_dag.py", line 71
    bash_command='''cd /opt/airflow/etl && python -c "
                 
SyntaxError: invalid syntax. Perhaps you forgot a comma?
[2025-08-02T13:56:14.726+0000] {processor.py:842} WARNING - No viable dags retrieved from /opt/airflow/dags/etl_dag.py
[2025-08-02T13:56:14.740+0000] {processor.py:183} INFO - Processing /opt/airflow/dags/etl_dag.py took 0.026 seconds
[2025-08-02T13:56:44.843+0000] {processor.py:161} INFO - Started process (PID=140) to work on /opt/airflow/dags/etl_dag.py
[2025-08-02T13:56:44.843+0000] {processor.py:830} INFO - Processing file /opt/airflow/dags/etl_dag.py for tasks to queue
[2025-08-02T13:56:44.844+0000] {logging_mixin.py:188} INFO - [2025-08-02T13:56:44.844+0000] {dagbag.py:545} INFO - Filling up the DagBag from /opt/airflow/dags/etl_dag.py
[2025-08-02T13:56:44.846+0000] {logging_mixin.py:188} INFO - [2025-08-02T13:56:44.845+0000] {dagbag.py:355} ERROR - Failed to import: /opt/airflow/dags/etl_dag.py
Traceback (most recent call last):
  File "/home/airflow/.local/lib/python3.11/site-packages/airflow/models/dagbag.py", line 351, in parse
    loader.exec_module(new_module)
  File "<frozen importlib._bootstrap_external>", line 936, in exec_module
  File "<frozen importlib._bootstrap_external>", line 1074, in get_code
  File "<frozen importlib._bootstrap_external>", line 1004, in source_to_code
  File "<frozen importlib._bootstrap>", line 241, in _call_with_frames_removed
  File "/opt/airflow/dags/etl_dag.py", line 71
    bash_command='''cd /opt/airflow/etl && python -c "
                 
SyntaxError: invalid syntax. Perhaps you forgot a comma?
[2025-08-02T13:56:44.846+0000] {processor.py:842} WARNING - No viable dags retrieved from /opt/airflow/dags/etl_dag.py
[2025-08-02T13:56:44.858+0000] {processor.py:183} INFO - Processing /opt/airflow/dags/etl_dag.py took 0.019 seconds
[2025-08-02T13:57:14.947+0000] {processor.py:161} INFO - Started process (PID=148) to work on /opt/airflow/dags/etl_dag.py
[2025-08-02T13:57:14.949+0000] {processor.py:830} INFO - Processing file /opt/airflow/dags/etl_dag.py for tasks to queue
[2025-08-02T13:57:14.949+0000] {logging_mixin.py:188} INFO - [2025-08-02T13:57:14.949+0000] {dagbag.py:545} INFO - Filling up the DagBag from /opt/airflow/dags/etl_dag.py
[2025-08-02T13:57:14.951+0000] {logging_mixin.py:188} INFO - [2025-08-02T13:57:14.951+0000] {dagbag.py:355} ERROR - Failed to import: /opt/airflow/dags/etl_dag.py
Traceback (most recent call last):
  File "/home/airflow/.local/lib/python3.11/site-packages/airflow/models/dagbag.py", line 351, in parse
    loader.exec_module(new_module)
  File "<frozen importlib._bootstrap_external>", line 936, in exec_module
  File "<frozen importlib._bootstrap_external>", line 1074, in get_code
  File "<frozen importlib._bootstrap_external>", line 1004, in source_to_code
  File "<frozen importlib._bootstrap>", line 241, in _call_with_frames_removed
  File "/opt/airflow/dags/etl_dag.py", line 71
    bash_command='''cd /opt/airflow/etl && python -c "
                 
SyntaxError: invalid syntax. Perhaps you forgot a comma?
[2025-08-02T13:57:14.952+0000] {processor.py:842} WARNING - No viable dags retrieved from /opt/airflow/dags/etl_dag.py
[2025-08-02T13:57:14.963+0000] {processor.py:183} INFO - Processing /opt/airflow/dags/etl_dag.py took 0.019 seconds
[2025-08-02T13:57:45.076+0000] {processor.py:161} INFO - Started process (PID=157) to work on /opt/airflow/dags/etl_dag.py
[2025-08-02T13:57:45.077+0000] {processor.py:830} INFO - Processing file /opt/airflow/dags/etl_dag.py for tasks to queue
[2025-08-02T13:57:45.077+0000] {logging_mixin.py:188} INFO - [2025-08-02T13:57:45.077+0000] {dagbag.py:545} INFO - Filling up the DagBag from /opt/airflow/dags/etl_dag.py
[2025-08-02T13:57:45.079+0000] {logging_mixin.py:188} INFO - [2025-08-02T13:57:45.079+0000] {dagbag.py:355} ERROR - Failed to import: /opt/airflow/dags/etl_dag.py
Traceback (most recent call last):
  File "/home/airflow/.local/lib/python3.11/site-packages/airflow/models/dagbag.py", line 351, in parse
    loader.exec_module(new_module)
  File "<frozen importlib._bootstrap_external>", line 936, in exec_module
  File "<frozen importlib._bootstrap_external>", line 1074, in get_code
  File "<frozen importlib._bootstrap_external>", line 1004, in source_to_code
  File "<frozen importlib._bootstrap>", line 241, in _call_with_frames_removed
  File "/opt/airflow/dags/etl_dag.py", line 71
    bash_command='''cd /opt/airflow/etl && python -c "
                 
SyntaxError: invalid syntax. Perhaps you forgot a comma?
[2025-08-02T13:57:45.080+0000] {processor.py:842} WARNING - No viable dags retrieved from /opt/airflow/dags/etl_dag.py
[2025-08-02T13:57:45.095+0000] {processor.py:183} INFO - Processing /opt/airflow/dags/etl_dag.py took 0.025 seconds
[2025-08-02T13:58:15.204+0000] {processor.py:161} INFO - Started process (PID=166) to work on /opt/airflow/dags/etl_dag.py
[2025-08-02T13:58:15.206+0000] {processor.py:830} INFO - Processing file /opt/airflow/dags/etl_dag.py for tasks to queue
[2025-08-02T13:58:15.207+0000] {logging_mixin.py:188} INFO - [2025-08-02T13:58:15.206+0000] {dagbag.py:545} INFO - Filling up the DagBag from /opt/airflow/dags/etl_dag.py
[2025-08-02T13:58:15.209+0000] {logging_mixin.py:188} INFO - [2025-08-02T13:58:15.208+0000] {dagbag.py:355} ERROR - Failed to import: /opt/airflow/dags/etl_dag.py
Traceback (most recent call last):
  File "/home/airflow/.local/lib/python3.11/site-packages/airflow/models/dagbag.py", line 351, in parse
    loader.exec_module(new_module)
  File "<frozen importlib._bootstrap_external>", line 936, in exec_module
  File "<frozen importlib._bootstrap_external>", line 1074, in get_code
  File "<frozen importlib._bootstrap_external>", line 1004, in source_to_code
  File "<frozen importlib._bootstrap>", line 241, in _call_with_frames_removed
  File "/opt/airflow/dags/etl_dag.py", line 71
    bash_command='''cd /opt/airflow/etl && python -c "
                 
SyntaxError: invalid syntax. Perhaps you forgot a comma?
[2025-08-02T13:58:15.209+0000] {processor.py:842} WARNING - No viable dags retrieved from /opt/airflow/dags/etl_dag.py
[2025-08-02T13:58:15.224+0000] {processor.py:183} INFO - Processing /opt/airflow/dags/etl_dag.py took 0.025 seconds
[2025-08-02T13:59:06.530+0000] {processor.py:161} INFO - Started process (PID=76) to work on /opt/airflow/dags/etl_dag.py
[2025-08-02T13:59:06.532+0000] {processor.py:830} INFO - Processing file /opt/airflow/dags/etl_dag.py for tasks to queue
[2025-08-02T13:59:06.533+0000] {logging_mixin.py:188} INFO - [2025-08-02T13:59:06.533+0000] {dagbag.py:545} INFO - Filling up the DagBag from /opt/airflow/dags/etl_dag.py
[2025-08-02T13:59:06.538+0000] {logging_mixin.py:188} INFO - [2025-08-02T13:59:06.535+0000] {dagbag.py:355} ERROR - Failed to import: /opt/airflow/dags/etl_dag.py
Traceback (most recent call last):
  File "/home/airflow/.local/lib/python3.11/site-packages/airflow/models/dagbag.py", line 351, in parse
    loader.exec_module(new_module)
  File "<frozen importlib._bootstrap_external>", line 936, in exec_module
  File "<frozen importlib._bootstrap_external>", line 1074, in get_code
  File "<frozen importlib._bootstrap_external>", line 1004, in source_to_code
  File "<frozen importlib._bootstrap>", line 241, in _call_with_frames_removed
  File "/opt/airflow/dags/etl_dag.py", line 71
    bash_command='''cd /opt/airflow/etl && python -c "
                 
SyntaxError: invalid syntax. Perhaps you forgot a comma?
[2025-08-02T13:59:06.538+0000] {processor.py:842} WARNING - No viable dags retrieved from /opt/airflow/dags/etl_dag.py
[2025-08-02T13:59:06.561+0000] {processor.py:183} INFO - Processing /opt/airflow/dags/etl_dag.py took 0.038 seconds
[2025-08-02T13:59:36.655+0000] {processor.py:161} INFO - Started process (PID=83) to work on /opt/airflow/dags/etl_dag.py
[2025-08-02T13:59:36.656+0000] {processor.py:830} INFO - Processing file /opt/airflow/dags/etl_dag.py for tasks to queue
[2025-08-02T13:59:36.657+0000] {logging_mixin.py:188} INFO - [2025-08-02T13:59:36.656+0000] {dagbag.py:545} INFO - Filling up the DagBag from /opt/airflow/dags/etl_dag.py
[2025-08-02T13:59:36.763+0000] {logging_mixin.py:188} INFO - [2025-08-02T13:59:36.658+0000] {dagbag.py:355} ERROR - Failed to import: /opt/airflow/dags/etl_dag.py
Traceback (most recent call last):
  File "/home/airflow/.local/lib/python3.11/site-packages/airflow/models/dagbag.py", line 351, in parse
    loader.exec_module(new_module)
  File "<frozen importlib._bootstrap_external>", line 936, in exec_module
  File "<frozen importlib._bootstrap_external>", line 1074, in get_code
  File "<frozen importlib._bootstrap_external>", line 1004, in source_to_code
  File "<frozen importlib._bootstrap>", line 241, in _call_with_frames_removed
  File "/opt/airflow/dags/etl_dag.py", line 71
    bash_command='''cd /opt/airflow/etl && python -c "
                 
SyntaxError: invalid syntax. Perhaps you forgot a comma?
[2025-08-02T13:59:36.764+0000] {processor.py:842} WARNING - No viable dags retrieved from /opt/airflow/dags/etl_dag.py
[2025-08-02T13:59:36.777+0000] {processor.py:183} INFO - Processing /opt/airflow/dags/etl_dag.py took 0.125 seconds
[2025-08-02T14:01:36.563+0000] {processor.py:161} INFO - Started process (PID=60) to work on /opt/airflow/dags/etl_dag.py
[2025-08-02T14:01:36.564+0000] {processor.py:830} INFO - Processing file /opt/airflow/dags/etl_dag.py for tasks to queue
[2025-08-02T14:01:36.565+0000] {logging_mixin.py:188} INFO - [2025-08-02T14:01:36.565+0000] {dagbag.py:545} INFO - Filling up the DagBag from /opt/airflow/dags/etl_dag.py
[2025-08-02T14:01:36.571+0000] {logging_mixin.py:188} INFO - [2025-08-02T14:01:36.569+0000] {dagbag.py:355} ERROR - Failed to import: /opt/airflow/dags/etl_dag.py
Traceback (most recent call last):
  File "/home/airflow/.local/lib/python3.11/site-packages/airflow/models/dagbag.py", line 351, in parse
    loader.exec_module(new_module)
  File "<frozen importlib._bootstrap_external>", line 940, in exec_module
  File "<frozen importlib._bootstrap>", line 241, in _call_with_frames_removed
  File "/opt/airflow/dags/etl_dag.py", line 26, in <module>
    "retry_delay": datetime.timedelta(minutes=5)
                   ^^^^^^^^^^^^^^^^^^
AttributeError: 'function' object has no attribute 'timedelta'
[2025-08-02T14:01:36.572+0000] {processor.py:842} WARNING - No viable dags retrieved from /opt/airflow/dags/etl_dag.py
[2025-08-02T14:01:36.600+0000] {processor.py:183} INFO - Processing /opt/airflow/dags/etl_dag.py took 0.043 seconds
[2025-08-02T14:02:06.812+0000] {processor.py:161} INFO - Started process (PID=68) to work on /opt/airflow/dags/etl_dag.py
[2025-08-02T14:02:06.812+0000] {processor.py:830} INFO - Processing file /opt/airflow/dags/etl_dag.py for tasks to queue
[2025-08-02T14:02:06.813+0000] {logging_mixin.py:188} INFO - [2025-08-02T14:02:06.812+0000] {dagbag.py:545} INFO - Filling up the DagBag from /opt/airflow/dags/etl_dag.py
[2025-08-02T14:02:06.815+0000] {logging_mixin.py:188} INFO - [2025-08-02T14:02:06.814+0000] {dagbag.py:355} ERROR - Failed to import: /opt/airflow/dags/etl_dag.py
Traceback (most recent call last):
  File "/home/airflow/.local/lib/python3.11/site-packages/airflow/models/dagbag.py", line 351, in parse
    loader.exec_module(new_module)
  File "<frozen importlib._bootstrap_external>", line 940, in exec_module
  File "<frozen importlib._bootstrap>", line 241, in _call_with_frames_removed
  File "/opt/airflow/dags/etl_dag.py", line 26, in <module>
    "retry_delay": datetime.timedelta(minutes=5)
                   ^^^^^^^^^^^^^^^^^^
AttributeError: 'function' object has no attribute 'timedelta'
[2025-08-02T14:02:06.815+0000] {processor.py:842} WARNING - No viable dags retrieved from /opt/airflow/dags/etl_dag.py
[2025-08-02T14:02:06.830+0000] {processor.py:183} INFO - Processing /opt/airflow/dags/etl_dag.py took 0.023 seconds
[2025-08-02T14:02:36.922+0000] {processor.py:161} INFO - Started process (PID=76) to work on /opt/airflow/dags/etl_dag.py
[2025-08-02T14:02:36.924+0000] {processor.py:830} INFO - Processing file /opt/airflow/dags/etl_dag.py for tasks to queue
[2025-08-02T14:02:36.925+0000] {logging_mixin.py:188} INFO - [2025-08-02T14:02:36.924+0000] {dagbag.py:545} INFO - Filling up the DagBag from /opt/airflow/dags/etl_dag.py
[2025-08-02T14:02:36.928+0000] {logging_mixin.py:188} INFO - [2025-08-02T14:02:36.926+0000] {dagbag.py:355} ERROR - Failed to import: /opt/airflow/dags/etl_dag.py
Traceback (most recent call last):
  File "/home/airflow/.local/lib/python3.11/site-packages/airflow/models/dagbag.py", line 351, in parse
    loader.exec_module(new_module)
  File "<frozen importlib._bootstrap_external>", line 940, in exec_module
  File "<frozen importlib._bootstrap>", line 241, in _call_with_frames_removed
  File "/opt/airflow/dags/etl_dag.py", line 26, in <module>
    "retry_delay": datetime.timedelta(minutes=5)
                   ^^^^^^^^^^^^^^^^^^
AttributeError: 'function' object has no attribute 'timedelta'
[2025-08-02T14:02:36.928+0000] {processor.py:842} WARNING - No viable dags retrieved from /opt/airflow/dags/etl_dag.py
[2025-08-02T14:02:36.941+0000] {processor.py:183} INFO - Processing /opt/airflow/dags/etl_dag.py took 0.025 seconds
[2025-08-02T14:02:59.011+0000] {processor.py:161} INFO - Started process (PID=84) to work on /opt/airflow/dags/etl_dag.py
[2025-08-02T14:02:59.012+0000] {processor.py:830} INFO - Processing file /opt/airflow/dags/etl_dag.py for tasks to queue
[2025-08-02T14:02:59.012+0000] {logging_mixin.py:188} INFO - [2025-08-02T14:02:59.012+0000] {dagbag.py:545} INFO - Filling up the DagBag from /opt/airflow/dags/etl_dag.py
[2025-08-02T14:02:59.020+0000] {processor.py:840} INFO - DAG(s) 'transaction_etl_pipeline' retrieved from /opt/airflow/dags/etl_dag.py
[2025-08-02T14:02:59.090+0000] {logging_mixin.py:188} INFO - [2025-08-02T14:02:59.090+0000] {override.py:1858} INFO - Created Permission View: can edit on DAG:transaction_etl_pipeline
[2025-08-02T14:02:59.097+0000] {logging_mixin.py:188} INFO - [2025-08-02T14:02:59.096+0000] {override.py:1858} INFO - Created Permission View: can delete on DAG:transaction_etl_pipeline
[2025-08-02T14:02:59.101+0000] {logging_mixin.py:188} INFO - [2025-08-02T14:02:59.100+0000] {override.py:1858} INFO - Created Permission View: can read on DAG:transaction_etl_pipeline
[2025-08-02T14:02:59.101+0000] {logging_mixin.py:188} INFO - [2025-08-02T14:02:59.101+0000] {dag.py:3089} INFO - Sync 1 DAGs
[2025-08-02T14:02:59.108+0000] {logging_mixin.py:188} INFO - [2025-08-02T14:02:59.108+0000] {dag.py:3111} INFO - Creating ORM DAG for transaction_etl_pipeline
[2025-08-02T14:02:59.114+0000] {logging_mixin.py:188} INFO - [2025-08-02T14:02:59.114+0000] {dag.py:3947} INFO - Setting next_dagrun for transaction_etl_pipeline to 2025-08-01 00:00:00+00:00, run_after=2025-08-02 00:00:00+00:00
[2025-08-02T14:02:59.127+0000] {processor.py:183} INFO - Processing /opt/airflow/dags/etl_dag.py took 0.119 seconds
[2025-08-02T14:06:43.757+0000] {processor.py:161} INFO - Started process (PID=54) to work on /opt/airflow/dags/etl_dag.py
[2025-08-02T14:06:43.758+0000] {processor.py:830} INFO - Processing file /opt/airflow/dags/etl_dag.py for tasks to queue
[2025-08-02T14:06:43.759+0000] {logging_mixin.py:188} INFO - [2025-08-02T14:06:43.758+0000] {dagbag.py:545} INFO - Filling up the DagBag from /opt/airflow/dags/etl_dag.py
[2025-08-02T14:06:43.785+0000] {processor.py:840} INFO - DAG(s) 'transaction_etl_pipeline' retrieved from /opt/airflow/dags/etl_dag.py
[2025-08-02T14:06:44.243+0000] {logging_mixin.py:188} INFO - [2025-08-02T14:06:44.243+0000] {dag.py:3089} INFO - Sync 1 DAGs
[2025-08-02T14:06:44.267+0000] {logging_mixin.py:188} INFO - [2025-08-02T14:06:44.267+0000] {dag.py:3947} INFO - Setting next_dagrun for transaction_etl_pipeline to 2025-08-01 00:00:00+00:00, run_after=2025-08-02 00:00:00+00:00
[2025-08-02T14:06:44.288+0000] {processor.py:183} INFO - Processing /opt/airflow/dags/etl_dag.py took 0.536 seconds
[2025-08-02T14:07:14.392+0000] {processor.py:161} INFO - Started process (PID=68) to work on /opt/airflow/dags/etl_dag.py
[2025-08-02T14:07:14.393+0000] {processor.py:830} INFO - Processing file /opt/airflow/dags/etl_dag.py for tasks to queue
[2025-08-02T14:07:14.393+0000] {logging_mixin.py:188} INFO - [2025-08-02T14:07:14.393+0000] {dagbag.py:545} INFO - Filling up the DagBag from /opt/airflow/dags/etl_dag.py
[2025-08-02T14:07:14.401+0000] {processor.py:840} INFO - DAG(s) 'transaction_etl_pipeline' retrieved from /opt/airflow/dags/etl_dag.py
[2025-08-02T14:07:14.427+0000] {logging_mixin.py:188} INFO - [2025-08-02T14:07:14.427+0000] {dag.py:3089} INFO - Sync 1 DAGs
[2025-08-02T14:07:14.443+0000] {logging_mixin.py:188} INFO - [2025-08-02T14:07:14.443+0000] {dag.py:3947} INFO - Setting next_dagrun for transaction_etl_pipeline to 2025-08-01 00:00:00+00:00, run_after=2025-08-02 00:00:00+00:00
[2025-08-02T14:07:14.458+0000] {processor.py:183} INFO - Processing /opt/airflow/dags/etl_dag.py took 0.070 seconds
[2025-08-02T14:07:44.559+0000] {processor.py:161} INFO - Started process (PID=76) to work on /opt/airflow/dags/etl_dag.py
[2025-08-02T14:07:44.561+0000] {processor.py:830} INFO - Processing file /opt/airflow/dags/etl_dag.py for tasks to queue
[2025-08-02T14:07:44.563+0000] {logging_mixin.py:188} INFO - [2025-08-02T14:07:44.562+0000] {dagbag.py:545} INFO - Filling up the DagBag from /opt/airflow/dags/etl_dag.py
[2025-08-02T14:07:44.576+0000] {processor.py:840} INFO - DAG(s) 'transaction_etl_pipeline' retrieved from /opt/airflow/dags/etl_dag.py
[2025-08-02T14:07:44.606+0000] {logging_mixin.py:188} INFO - [2025-08-02T14:07:44.606+0000] {dag.py:3089} INFO - Sync 1 DAGs
[2025-08-02T14:07:44.628+0000] {logging_mixin.py:188} INFO - [2025-08-02T14:07:44.627+0000] {dag.py:3947} INFO - Setting next_dagrun for transaction_etl_pipeline to 2025-08-01 00:00:00+00:00, run_after=2025-08-02 00:00:00+00:00
[2025-08-02T14:07:44.648+0000] {processor.py:183} INFO - Processing /opt/airflow/dags/etl_dag.py took 0.095 seconds
[2025-08-02T14:08:14.745+0000] {processor.py:161} INFO - Started process (PID=84) to work on /opt/airflow/dags/etl_dag.py
[2025-08-02T14:08:14.745+0000] {processor.py:830} INFO - Processing file /opt/airflow/dags/etl_dag.py for tasks to queue
[2025-08-02T14:08:14.746+0000] {logging_mixin.py:188} INFO - [2025-08-02T14:08:14.746+0000] {dagbag.py:545} INFO - Filling up the DagBag from /opt/airflow/dags/etl_dag.py
[2025-08-02T14:08:14.754+0000] {processor.py:840} INFO - DAG(s) 'transaction_etl_pipeline' retrieved from /opt/airflow/dags/etl_dag.py
[2025-08-02T14:08:14.772+0000] {logging_mixin.py:188} INFO - [2025-08-02T14:08:14.771+0000] {dag.py:3089} INFO - Sync 1 DAGs
[2025-08-02T14:08:14.784+0000] {logging_mixin.py:188} INFO - [2025-08-02T14:08:14.784+0000] {dag.py:3947} INFO - Setting next_dagrun for transaction_etl_pipeline to 2025-08-01 00:00:00+00:00, run_after=2025-08-02 00:00:00+00:00
[2025-08-02T14:08:14.796+0000] {processor.py:183} INFO - Processing /opt/airflow/dags/etl_dag.py took 0.056 seconds
[2025-08-02T14:08:44.894+0000] {processor.py:161} INFO - Started process (PID=92) to work on /opt/airflow/dags/etl_dag.py
[2025-08-02T14:08:44.895+0000] {processor.py:830} INFO - Processing file /opt/airflow/dags/etl_dag.py for tasks to queue
[2025-08-02T14:08:44.895+0000] {logging_mixin.py:188} INFO - [2025-08-02T14:08:44.895+0000] {dagbag.py:545} INFO - Filling up the DagBag from /opt/airflow/dags/etl_dag.py
[2025-08-02T14:08:44.908+0000] {processor.py:840} INFO - DAG(s) 'transaction_etl_pipeline' retrieved from /opt/airflow/dags/etl_dag.py
[2025-08-02T14:08:44.929+0000] {logging_mixin.py:188} INFO - [2025-08-02T14:08:44.929+0000] {dag.py:3089} INFO - Sync 1 DAGs
[2025-08-02T14:08:44.944+0000] {logging_mixin.py:188} INFO - [2025-08-02T14:08:44.943+0000] {dag.py:3947} INFO - Setting next_dagrun for transaction_etl_pipeline to 2025-08-01 00:00:00+00:00, run_after=2025-08-02 00:00:00+00:00
[2025-08-02T14:08:44.957+0000] {processor.py:183} INFO - Processing /opt/airflow/dags/etl_dag.py took 0.071 seconds
[2025-08-02T14:09:15.051+0000] {processor.py:161} INFO - Started process (PID=100) to work on /opt/airflow/dags/etl_dag.py
[2025-08-02T14:09:15.052+0000] {processor.py:830} INFO - Processing file /opt/airflow/dags/etl_dag.py for tasks to queue
[2025-08-02T14:09:15.052+0000] {logging_mixin.py:188} INFO - [2025-08-02T14:09:15.052+0000] {dagbag.py:545} INFO - Filling up the DagBag from /opt/airflow/dags/etl_dag.py
[2025-08-02T14:09:15.061+0000] {processor.py:840} INFO - DAG(s) 'transaction_etl_pipeline' retrieved from /opt/airflow/dags/etl_dag.py
[2025-08-02T14:09:15.083+0000] {logging_mixin.py:188} INFO - [2025-08-02T14:09:15.082+0000] {dag.py:3089} INFO - Sync 1 DAGs
[2025-08-02T14:09:15.097+0000] {logging_mixin.py:188} INFO - [2025-08-02T14:09:15.096+0000] {dag.py:3947} INFO - Setting next_dagrun for transaction_etl_pipeline to 2025-08-01 00:00:00+00:00, run_after=2025-08-02 00:00:00+00:00
[2025-08-02T14:09:15.112+0000] {processor.py:183} INFO - Processing /opt/airflow/dags/etl_dag.py took 0.065 seconds
[2025-08-02T14:09:45.208+0000] {processor.py:161} INFO - Started process (PID=148) to work on /opt/airflow/dags/etl_dag.py
[2025-08-02T14:09:45.211+0000] {processor.py:830} INFO - Processing file /opt/airflow/dags/etl_dag.py for tasks to queue
[2025-08-02T14:09:45.211+0000] {logging_mixin.py:188} INFO - [2025-08-02T14:09:45.211+0000] {dagbag.py:545} INFO - Filling up the DagBag from /opt/airflow/dags/etl_dag.py
[2025-08-02T14:09:45.220+0000] {processor.py:840} INFO - DAG(s) 'transaction_etl_pipeline' retrieved from /opt/airflow/dags/etl_dag.py
[2025-08-02T14:09:45.244+0000] {logging_mixin.py:188} INFO - [2025-08-02T14:09:45.244+0000] {dag.py:3089} INFO - Sync 1 DAGs
[2025-08-02T14:09:45.264+0000] {logging_mixin.py:188} INFO - [2025-08-02T14:09:45.264+0000] {dag.py:3947} INFO - Setting next_dagrun for transaction_etl_pipeline to 2025-08-02 00:00:00+00:00, run_after=2025-08-03 00:00:00+00:00
[2025-08-02T14:09:45.283+0000] {processor.py:183} INFO - Processing /opt/airflow/dags/etl_dag.py took 0.079 seconds
[2025-08-02T14:10:15.366+0000] {processor.py:161} INFO - Started process (PID=156) to work on /opt/airflow/dags/etl_dag.py
[2025-08-02T14:10:15.367+0000] {processor.py:830} INFO - Processing file /opt/airflow/dags/etl_dag.py for tasks to queue
[2025-08-02T14:10:15.368+0000] {logging_mixin.py:188} INFO - [2025-08-02T14:10:15.368+0000] {dagbag.py:545} INFO - Filling up the DagBag from /opt/airflow/dags/etl_dag.py
[2025-08-02T14:10:15.379+0000] {processor.py:840} INFO - DAG(s) 'transaction_etl_pipeline' retrieved from /opt/airflow/dags/etl_dag.py
[2025-08-02T14:10:15.401+0000] {logging_mixin.py:188} INFO - [2025-08-02T14:10:15.400+0000] {dag.py:3089} INFO - Sync 1 DAGs
[2025-08-02T14:10:15.418+0000] {logging_mixin.py:188} INFO - [2025-08-02T14:10:15.418+0000] {dag.py:3947} INFO - Setting next_dagrun for transaction_etl_pipeline to 2025-08-02 00:00:00+00:00, run_after=2025-08-03 00:00:00+00:00
[2025-08-02T14:10:15.431+0000] {processor.py:183} INFO - Processing /opt/airflow/dags/etl_dag.py took 0.072 seconds
[2025-08-02T14:10:45.521+0000] {processor.py:161} INFO - Started process (PID=164) to work on /opt/airflow/dags/etl_dag.py
[2025-08-02T14:10:45.522+0000] {processor.py:830} INFO - Processing file /opt/airflow/dags/etl_dag.py for tasks to queue
[2025-08-02T14:10:45.522+0000] {logging_mixin.py:188} INFO - [2025-08-02T14:10:45.522+0000] {dagbag.py:545} INFO - Filling up the DagBag from /opt/airflow/dags/etl_dag.py
[2025-08-02T14:10:45.529+0000] {processor.py:840} INFO - DAG(s) 'transaction_etl_pipeline' retrieved from /opt/airflow/dags/etl_dag.py
[2025-08-02T14:10:45.549+0000] {logging_mixin.py:188} INFO - [2025-08-02T14:10:45.549+0000] {dag.py:3089} INFO - Sync 1 DAGs
[2025-08-02T14:10:45.562+0000] {logging_mixin.py:188} INFO - [2025-08-02T14:10:45.562+0000] {dag.py:3947} INFO - Setting next_dagrun for transaction_etl_pipeline to 2025-08-02 00:00:00+00:00, run_after=2025-08-03 00:00:00+00:00
[2025-08-02T14:10:45.572+0000] {processor.py:183} INFO - Processing /opt/airflow/dags/etl_dag.py took 0.055 seconds
[2025-08-02T14:11:15.670+0000] {processor.py:161} INFO - Started process (PID=172) to work on /opt/airflow/dags/etl_dag.py
[2025-08-02T14:11:15.671+0000] {processor.py:830} INFO - Processing file /opt/airflow/dags/etl_dag.py for tasks to queue
[2025-08-02T14:11:15.672+0000] {logging_mixin.py:188} INFO - [2025-08-02T14:11:15.672+0000] {dagbag.py:545} INFO - Filling up the DagBag from /opt/airflow/dags/etl_dag.py
[2025-08-02T14:11:15.683+0000] {processor.py:840} INFO - DAG(s) 'transaction_etl_pipeline' retrieved from /opt/airflow/dags/etl_dag.py
[2025-08-02T14:11:15.709+0000] {logging_mixin.py:188} INFO - [2025-08-02T14:11:15.709+0000] {dag.py:3089} INFO - Sync 1 DAGs
[2025-08-02T14:11:15.724+0000] {logging_mixin.py:188} INFO - [2025-08-02T14:11:15.724+0000] {dag.py:3947} INFO - Setting next_dagrun for transaction_etl_pipeline to 2025-08-02 00:00:00+00:00, run_after=2025-08-03 00:00:00+00:00
[2025-08-02T14:11:15.739+0000] {processor.py:183} INFO - Processing /opt/airflow/dags/etl_dag.py took 0.077 seconds
[2025-08-02T14:11:45.838+0000] {processor.py:161} INFO - Started process (PID=180) to work on /opt/airflow/dags/etl_dag.py
[2025-08-02T14:11:45.840+0000] {processor.py:830} INFO - Processing file /opt/airflow/dags/etl_dag.py for tasks to queue
[2025-08-02T14:11:45.840+0000] {logging_mixin.py:188} INFO - [2025-08-02T14:11:45.840+0000] {dagbag.py:545} INFO - Filling up the DagBag from /opt/airflow/dags/etl_dag.py
[2025-08-02T14:11:45.848+0000] {processor.py:840} INFO - DAG(s) 'transaction_etl_pipeline' retrieved from /opt/airflow/dags/etl_dag.py
[2025-08-02T14:11:45.867+0000] {logging_mixin.py:188} INFO - [2025-08-02T14:11:45.867+0000] {dag.py:3089} INFO - Sync 1 DAGs
[2025-08-02T14:11:45.879+0000] {logging_mixin.py:188} INFO - [2025-08-02T14:11:45.879+0000] {dag.py:3947} INFO - Setting next_dagrun for transaction_etl_pipeline to 2025-08-02 00:00:00+00:00, run_after=2025-08-03 00:00:00+00:00
[2025-08-02T14:11:45.890+0000] {processor.py:183} INFO - Processing /opt/airflow/dags/etl_dag.py took 0.056 seconds
[2025-08-02T14:12:15.979+0000] {processor.py:161} INFO - Started process (PID=188) to work on /opt/airflow/dags/etl_dag.py
[2025-08-02T14:12:15.980+0000] {processor.py:830} INFO - Processing file /opt/airflow/dags/etl_dag.py for tasks to queue
[2025-08-02T14:12:15.980+0000] {logging_mixin.py:188} INFO - [2025-08-02T14:12:15.980+0000] {dagbag.py:545} INFO - Filling up the DagBag from /opt/airflow/dags/etl_dag.py
[2025-08-02T14:12:15.988+0000] {processor.py:840} INFO - DAG(s) 'transaction_etl_pipeline' retrieved from /opt/airflow/dags/etl_dag.py
[2025-08-02T14:12:16.015+0000] {logging_mixin.py:188} INFO - [2025-08-02T14:12:16.015+0000] {dag.py:3089} INFO - Sync 1 DAGs
[2025-08-02T14:12:16.034+0000] {logging_mixin.py:188} INFO - [2025-08-02T14:12:16.034+0000] {dag.py:3947} INFO - Setting next_dagrun for transaction_etl_pipeline to 2025-08-02 00:00:00+00:00, run_after=2025-08-03 00:00:00+00:00
[2025-08-02T14:12:16.047+0000] {processor.py:183} INFO - Processing /opt/airflow/dags/etl_dag.py took 0.072 seconds
[2025-08-02T14:12:46.125+0000] {processor.py:161} INFO - Started process (PID=196) to work on /opt/airflow/dags/etl_dag.py
[2025-08-02T14:12:46.127+0000] {processor.py:830} INFO - Processing file /opt/airflow/dags/etl_dag.py for tasks to queue
[2025-08-02T14:12:46.128+0000] {logging_mixin.py:188} INFO - [2025-08-02T14:12:46.127+0000] {dagbag.py:545} INFO - Filling up the DagBag from /opt/airflow/dags/etl_dag.py
[2025-08-02T14:12:46.134+0000] {processor.py:840} INFO - DAG(s) 'transaction_etl_pipeline' retrieved from /opt/airflow/dags/etl_dag.py
[2025-08-02T14:12:46.153+0000] {logging_mixin.py:188} INFO - [2025-08-02T14:12:46.152+0000] {dag.py:3089} INFO - Sync 1 DAGs
[2025-08-02T14:12:46.166+0000] {logging_mixin.py:188} INFO - [2025-08-02T14:12:46.166+0000] {dag.py:3947} INFO - Setting next_dagrun for transaction_etl_pipeline to 2025-08-02 00:00:00+00:00, run_after=2025-08-03 00:00:00+00:00
[2025-08-02T14:12:46.178+0000] {processor.py:183} INFO - Processing /opt/airflow/dags/etl_dag.py took 0.056 seconds
[2025-08-02T14:13:16.272+0000] {processor.py:161} INFO - Started process (PID=204) to work on /opt/airflow/dags/etl_dag.py
[2025-08-02T14:13:16.272+0000] {processor.py:830} INFO - Processing file /opt/airflow/dags/etl_dag.py for tasks to queue
[2025-08-02T14:13:16.272+0000] {logging_mixin.py:188} INFO - [2025-08-02T14:13:16.272+0000] {dagbag.py:545} INFO - Filling up the DagBag from /opt/airflow/dags/etl_dag.py
[2025-08-02T14:13:16.280+0000] {processor.py:840} INFO - DAG(s) 'transaction_etl_pipeline' retrieved from /opt/airflow/dags/etl_dag.py
[2025-08-02T14:13:16.299+0000] {logging_mixin.py:188} INFO - [2025-08-02T14:13:16.299+0000] {dag.py:3089} INFO - Sync 1 DAGs
[2025-08-02T14:13:16.313+0000] {logging_mixin.py:188} INFO - [2025-08-02T14:13:16.312+0000] {dag.py:3947} INFO - Setting next_dagrun for transaction_etl_pipeline to 2025-08-02 00:00:00+00:00, run_after=2025-08-03 00:00:00+00:00
[2025-08-02T14:13:16.323+0000] {processor.py:183} INFO - Processing /opt/airflow/dags/etl_dag.py took 0.055 seconds
[2025-08-02T14:13:46.416+0000] {processor.py:161} INFO - Started process (PID=212) to work on /opt/airflow/dags/etl_dag.py
[2025-08-02T14:13:46.418+0000] {processor.py:830} INFO - Processing file /opt/airflow/dags/etl_dag.py for tasks to queue
[2025-08-02T14:13:46.418+0000] {logging_mixin.py:188} INFO - [2025-08-02T14:13:46.418+0000] {dagbag.py:545} INFO - Filling up the DagBag from /opt/airflow/dags/etl_dag.py
[2025-08-02T14:13:46.426+0000] {processor.py:840} INFO - DAG(s) 'transaction_etl_pipeline' retrieved from /opt/airflow/dags/etl_dag.py
[2025-08-02T14:13:46.448+0000] {logging_mixin.py:188} INFO - [2025-08-02T14:13:46.448+0000] {dag.py:3089} INFO - Sync 1 DAGs
[2025-08-02T14:13:46.464+0000] {logging_mixin.py:188} INFO - [2025-08-02T14:13:46.464+0000] {dag.py:3947} INFO - Setting next_dagrun for transaction_etl_pipeline to 2025-08-02 00:00:00+00:00, run_after=2025-08-03 00:00:00+00:00
[2025-08-02T14:13:46.476+0000] {processor.py:183} INFO - Processing /opt/airflow/dags/etl_dag.py took 0.064 seconds
[2025-08-02T14:14:16.574+0000] {processor.py:161} INFO - Started process (PID=220) to work on /opt/airflow/dags/etl_dag.py
[2025-08-02T14:14:16.574+0000] {processor.py:830} INFO - Processing file /opt/airflow/dags/etl_dag.py for tasks to queue
[2025-08-02T14:14:16.575+0000] {logging_mixin.py:188} INFO - [2025-08-02T14:14:16.575+0000] {dagbag.py:545} INFO - Filling up the DagBag from /opt/airflow/dags/etl_dag.py
[2025-08-02T14:14:16.587+0000] {processor.py:840} INFO - DAG(s) 'transaction_etl_pipeline' retrieved from /opt/airflow/dags/etl_dag.py
[2025-08-02T14:14:16.605+0000] {logging_mixin.py:188} INFO - [2025-08-02T14:14:16.604+0000] {dag.py:3089} INFO - Sync 1 DAGs
[2025-08-02T14:14:16.619+0000] {logging_mixin.py:188} INFO - [2025-08-02T14:14:16.619+0000] {dag.py:3947} INFO - Setting next_dagrun for transaction_etl_pipeline to 2025-08-02 00:00:00+00:00, run_after=2025-08-03 00:00:00+00:00
[2025-08-02T14:14:16.631+0000] {processor.py:183} INFO - Processing /opt/airflow/dags/etl_dag.py took 0.063 seconds
[2025-08-02T14:14:46.724+0000] {processor.py:161} INFO - Started process (PID=232) to work on /opt/airflow/dags/etl_dag.py
[2025-08-02T14:14:46.726+0000] {processor.py:830} INFO - Processing file /opt/airflow/dags/etl_dag.py for tasks to queue
[2025-08-02T14:14:46.726+0000] {logging_mixin.py:188} INFO - [2025-08-02T14:14:46.726+0000] {dagbag.py:545} INFO - Filling up the DagBag from /opt/airflow/dags/etl_dag.py
[2025-08-02T14:14:46.733+0000] {processor.py:840} INFO - DAG(s) 'transaction_etl_pipeline' retrieved from /opt/airflow/dags/etl_dag.py
[2025-08-02T14:14:46.752+0000] {logging_mixin.py:188} INFO - [2025-08-02T14:14:46.752+0000] {dag.py:3089} INFO - Sync 1 DAGs
[2025-08-02T14:14:46.765+0000] {logging_mixin.py:188} INFO - [2025-08-02T14:14:46.765+0000] {dag.py:3947} INFO - Setting next_dagrun for transaction_etl_pipeline to 2025-08-02 00:00:00+00:00, run_after=2025-08-03 00:00:00+00:00
[2025-08-02T14:14:46.777+0000] {processor.py:183} INFO - Processing /opt/airflow/dags/etl_dag.py took 0.058 seconds
[2025-08-02T14:15:16.866+0000] {processor.py:161} INFO - Started process (PID=240) to work on /opt/airflow/dags/etl_dag.py
[2025-08-02T14:15:16.867+0000] {processor.py:830} INFO - Processing file /opt/airflow/dags/etl_dag.py for tasks to queue
[2025-08-02T14:15:16.868+0000] {logging_mixin.py:188} INFO - [2025-08-02T14:15:16.868+0000] {dagbag.py:545} INFO - Filling up the DagBag from /opt/airflow/dags/etl_dag.py
[2025-08-02T14:15:16.878+0000] {processor.py:840} INFO - DAG(s) 'transaction_etl_pipeline' retrieved from /opt/airflow/dags/etl_dag.py
[2025-08-02T14:15:16.899+0000] {logging_mixin.py:188} INFO - [2025-08-02T14:15:16.898+0000] {dag.py:3089} INFO - Sync 1 DAGs
[2025-08-02T14:15:16.915+0000] {logging_mixin.py:188} INFO - [2025-08-02T14:15:16.914+0000] {dag.py:3947} INFO - Setting next_dagrun for transaction_etl_pipeline to 2025-08-02 00:00:00+00:00, run_after=2025-08-03 00:00:00+00:00
[2025-08-02T14:15:16.925+0000] {processor.py:183} INFO - Processing /opt/airflow/dags/etl_dag.py took 0.064 seconds
[2025-08-02T14:15:47.012+0000] {processor.py:161} INFO - Started process (PID=248) to work on /opt/airflow/dags/etl_dag.py
[2025-08-02T14:15:47.014+0000] {processor.py:830} INFO - Processing file /opt/airflow/dags/etl_dag.py for tasks to queue
[2025-08-02T14:15:47.014+0000] {logging_mixin.py:188} INFO - [2025-08-02T14:15:47.014+0000] {dagbag.py:545} INFO - Filling up the DagBag from /opt/airflow/dags/etl_dag.py
[2025-08-02T14:15:47.021+0000] {processor.py:840} INFO - DAG(s) 'transaction_etl_pipeline' retrieved from /opt/airflow/dags/etl_dag.py
[2025-08-02T14:15:47.038+0000] {logging_mixin.py:188} INFO - [2025-08-02T14:15:47.038+0000] {dag.py:3089} INFO - Sync 1 DAGs
[2025-08-02T14:15:47.051+0000] {logging_mixin.py:188} INFO - [2025-08-02T14:15:47.051+0000] {dag.py:3947} INFO - Setting next_dagrun for transaction_etl_pipeline to 2025-08-02 00:00:00+00:00, run_after=2025-08-03 00:00:00+00:00
[2025-08-02T14:15:47.061+0000] {processor.py:183} INFO - Processing /opt/airflow/dags/etl_dag.py took 0.053 seconds
[2025-08-02T14:16:17.151+0000] {processor.py:161} INFO - Started process (PID=256) to work on /opt/airflow/dags/etl_dag.py
[2025-08-02T14:16:17.151+0000] {processor.py:830} INFO - Processing file /opt/airflow/dags/etl_dag.py for tasks to queue
[2025-08-02T14:16:17.152+0000] {logging_mixin.py:188} INFO - [2025-08-02T14:16:17.152+0000] {dagbag.py:545} INFO - Filling up the DagBag from /opt/airflow/dags/etl_dag.py
[2025-08-02T14:16:17.159+0000] {processor.py:840} INFO - DAG(s) 'transaction_etl_pipeline' retrieved from /opt/airflow/dags/etl_dag.py
[2025-08-02T14:16:17.179+0000] {logging_mixin.py:188} INFO - [2025-08-02T14:16:17.179+0000] {dag.py:3089} INFO - Sync 1 DAGs
[2025-08-02T14:16:17.193+0000] {logging_mixin.py:188} INFO - [2025-08-02T14:16:17.193+0000] {dag.py:3947} INFO - Setting next_dagrun for transaction_etl_pipeline to 2025-08-02 00:00:00+00:00, run_after=2025-08-03 00:00:00+00:00
[2025-08-02T14:16:17.206+0000] {processor.py:183} INFO - Processing /opt/airflow/dags/etl_dag.py took 0.060 seconds
[2025-08-02T14:16:47.302+0000] {processor.py:161} INFO - Started process (PID=264) to work on /opt/airflow/dags/etl_dag.py
[2025-08-02T14:16:47.304+0000] {processor.py:830} INFO - Processing file /opt/airflow/dags/etl_dag.py for tasks to queue
[2025-08-02T14:16:47.305+0000] {logging_mixin.py:188} INFO - [2025-08-02T14:16:47.305+0000] {dagbag.py:545} INFO - Filling up the DagBag from /opt/airflow/dags/etl_dag.py
[2025-08-02T14:16:47.311+0000] {processor.py:840} INFO - DAG(s) 'transaction_etl_pipeline' retrieved from /opt/airflow/dags/etl_dag.py
[2025-08-02T14:16:47.330+0000] {logging_mixin.py:188} INFO - [2025-08-02T14:16:47.330+0000] {dag.py:3089} INFO - Sync 1 DAGs
[2025-08-02T14:16:47.343+0000] {logging_mixin.py:188} INFO - [2025-08-02T14:16:47.343+0000] {dag.py:3947} INFO - Setting next_dagrun for transaction_etl_pipeline to 2025-08-02 00:00:00+00:00, run_after=2025-08-03 00:00:00+00:00
[2025-08-02T14:16:47.353+0000] {processor.py:183} INFO - Processing /opt/airflow/dags/etl_dag.py took 0.054 seconds
[2025-08-02T14:17:17.447+0000] {processor.py:161} INFO - Started process (PID=272) to work on /opt/airflow/dags/etl_dag.py
[2025-08-02T14:17:17.448+0000] {processor.py:830} INFO - Processing file /opt/airflow/dags/etl_dag.py for tasks to queue
[2025-08-02T14:17:17.448+0000] {logging_mixin.py:188} INFO - [2025-08-02T14:17:17.448+0000] {dagbag.py:545} INFO - Filling up the DagBag from /opt/airflow/dags/etl_dag.py
[2025-08-02T14:17:17.458+0000] {processor.py:840} INFO - DAG(s) 'transaction_etl_pipeline' retrieved from /opt/airflow/dags/etl_dag.py
[2025-08-02T14:17:17.482+0000] {logging_mixin.py:188} INFO - [2025-08-02T14:17:17.482+0000] {dag.py:3089} INFO - Sync 1 DAGs
[2025-08-02T14:17:17.497+0000] {logging_mixin.py:188} INFO - [2025-08-02T14:17:17.497+0000] {dag.py:3947} INFO - Setting next_dagrun for transaction_etl_pipeline to 2025-08-02 00:00:00+00:00, run_after=2025-08-03 00:00:00+00:00
[2025-08-02T14:17:17.513+0000] {processor.py:183} INFO - Processing /opt/airflow/dags/etl_dag.py took 0.073 seconds
[2025-08-02T14:17:47.604+0000] {processor.py:161} INFO - Started process (PID=279) to work on /opt/airflow/dags/etl_dag.py
[2025-08-02T14:17:47.607+0000] {processor.py:830} INFO - Processing file /opt/airflow/dags/etl_dag.py for tasks to queue
[2025-08-02T14:17:47.608+0000] {logging_mixin.py:188} INFO - [2025-08-02T14:17:47.607+0000] {dagbag.py:545} INFO - Filling up the DagBag from /opt/airflow/dags/etl_dag.py
[2025-08-02T14:17:47.614+0000] {processor.py:840} INFO - DAG(s) 'transaction_etl_pipeline' retrieved from /opt/airflow/dags/etl_dag.py
[2025-08-02T14:17:47.633+0000] {logging_mixin.py:188} INFO - [2025-08-02T14:17:47.632+0000] {dag.py:3089} INFO - Sync 1 DAGs
[2025-08-02T14:17:47.646+0000] {logging_mixin.py:188} INFO - [2025-08-02T14:17:47.646+0000] {dag.py:3947} INFO - Setting next_dagrun for transaction_etl_pipeline to 2025-08-02 00:00:00+00:00, run_after=2025-08-03 00:00:00+00:00
[2025-08-02T14:17:47.657+0000] {processor.py:183} INFO - Processing /opt/airflow/dags/etl_dag.py took 0.056 seconds
[2025-08-02T14:18:17.752+0000] {processor.py:161} INFO - Started process (PID=287) to work on /opt/airflow/dags/etl_dag.py
[2025-08-02T14:18:17.752+0000] {processor.py:830} INFO - Processing file /opt/airflow/dags/etl_dag.py for tasks to queue
[2025-08-02T14:18:17.753+0000] {logging_mixin.py:188} INFO - [2025-08-02T14:18:17.753+0000] {dagbag.py:545} INFO - Filling up the DagBag from /opt/airflow/dags/etl_dag.py
[2025-08-02T14:18:17.760+0000] {processor.py:840} INFO - DAG(s) 'transaction_etl_pipeline' retrieved from /opt/airflow/dags/etl_dag.py
[2025-08-02T14:18:17.779+0000] {logging_mixin.py:188} INFO - [2025-08-02T14:18:17.778+0000] {dag.py:3089} INFO - Sync 1 DAGs
[2025-08-02T14:18:17.792+0000] {logging_mixin.py:188} INFO - [2025-08-02T14:18:17.792+0000] {dag.py:3947} INFO - Setting next_dagrun for transaction_etl_pipeline to 2025-08-02 00:00:00+00:00, run_after=2025-08-03 00:00:00+00:00
[2025-08-02T14:18:17.803+0000] {processor.py:183} INFO - Processing /opt/airflow/dags/etl_dag.py took 0.055 seconds
[2025-08-02T14:18:47.904+0000] {processor.py:161} INFO - Started process (PID=295) to work on /opt/airflow/dags/etl_dag.py
[2025-08-02T14:18:47.906+0000] {processor.py:830} INFO - Processing file /opt/airflow/dags/etl_dag.py for tasks to queue
[2025-08-02T14:18:47.907+0000] {logging_mixin.py:188} INFO - [2025-08-02T14:18:47.907+0000] {dagbag.py:545} INFO - Filling up the DagBag from /opt/airflow/dags/etl_dag.py
[2025-08-02T14:18:47.922+0000] {processor.py:840} INFO - DAG(s) 'transaction_etl_pipeline' retrieved from /opt/airflow/dags/etl_dag.py
[2025-08-02T14:18:47.948+0000] {logging_mixin.py:188} INFO - [2025-08-02T14:18:47.948+0000] {dag.py:3089} INFO - Sync 1 DAGs
[2025-08-02T14:18:47.963+0000] {logging_mixin.py:188} INFO - [2025-08-02T14:18:47.963+0000] {dag.py:3947} INFO - Setting next_dagrun for transaction_etl_pipeline to 2025-08-02 00:00:00+00:00, run_after=2025-08-03 00:00:00+00:00
[2025-08-02T14:18:47.975+0000] {processor.py:183} INFO - Processing /opt/airflow/dags/etl_dag.py took 0.080 seconds
[2025-08-02T14:19:18.079+0000] {processor.py:161} INFO - Started process (PID=303) to work on /opt/airflow/dags/etl_dag.py
[2025-08-02T14:19:18.080+0000] {processor.py:830} INFO - Processing file /opt/airflow/dags/etl_dag.py for tasks to queue
[2025-08-02T14:19:18.080+0000] {logging_mixin.py:188} INFO - [2025-08-02T14:19:18.080+0000] {dagbag.py:545} INFO - Filling up the DagBag from /opt/airflow/dags/etl_dag.py
[2025-08-02T14:19:18.088+0000] {processor.py:840} INFO - DAG(s) 'transaction_etl_pipeline' retrieved from /opt/airflow/dags/etl_dag.py
[2025-08-02T14:19:18.108+0000] {logging_mixin.py:188} INFO - [2025-08-02T14:19:18.108+0000] {dag.py:3089} INFO - Sync 1 DAGs
[2025-08-02T14:19:18.123+0000] {logging_mixin.py:188} INFO - [2025-08-02T14:19:18.123+0000] {dag.py:3947} INFO - Setting next_dagrun for transaction_etl_pipeline to 2025-08-02 00:00:00+00:00, run_after=2025-08-03 00:00:00+00:00
[2025-08-02T14:19:18.136+0000] {processor.py:183} INFO - Processing /opt/airflow/dags/etl_dag.py took 0.061 seconds
[2025-08-02T14:19:48.231+0000] {processor.py:161} INFO - Started process (PID=315) to work on /opt/airflow/dags/etl_dag.py
[2025-08-02T14:19:48.233+0000] {processor.py:830} INFO - Processing file /opt/airflow/dags/etl_dag.py for tasks to queue
[2025-08-02T14:19:48.233+0000] {logging_mixin.py:188} INFO - [2025-08-02T14:19:48.233+0000] {dagbag.py:545} INFO - Filling up the DagBag from /opt/airflow/dags/etl_dag.py
[2025-08-02T14:19:48.240+0000] {processor.py:840} INFO - DAG(s) 'transaction_etl_pipeline' retrieved from /opt/airflow/dags/etl_dag.py
[2025-08-02T14:19:48.259+0000] {logging_mixin.py:188} INFO - [2025-08-02T14:19:48.259+0000] {dag.py:3089} INFO - Sync 1 DAGs
[2025-08-02T14:19:48.272+0000] {logging_mixin.py:188} INFO - [2025-08-02T14:19:48.272+0000] {dag.py:3947} INFO - Setting next_dagrun for transaction_etl_pipeline to 2025-08-02 00:00:00+00:00, run_after=2025-08-03 00:00:00+00:00
[2025-08-02T14:19:48.284+0000] {processor.py:183} INFO - Processing /opt/airflow/dags/etl_dag.py took 0.056 seconds
[2025-08-02T14:20:18.369+0000] {processor.py:161} INFO - Started process (PID=323) to work on /opt/airflow/dags/etl_dag.py
[2025-08-02T14:20:18.370+0000] {processor.py:830} INFO - Processing file /opt/airflow/dags/etl_dag.py for tasks to queue
[2025-08-02T14:20:18.370+0000] {logging_mixin.py:188} INFO - [2025-08-02T14:20:18.370+0000] {dagbag.py:545} INFO - Filling up the DagBag from /opt/airflow/dags/etl_dag.py
[2025-08-02T14:20:18.377+0000] {processor.py:840} INFO - DAG(s) 'transaction_etl_pipeline' retrieved from /opt/airflow/dags/etl_dag.py
[2025-08-02T14:20:18.397+0000] {logging_mixin.py:188} INFO - [2025-08-02T14:20:18.397+0000] {dag.py:3089} INFO - Sync 1 DAGs
[2025-08-02T14:20:18.409+0000] {logging_mixin.py:188} INFO - [2025-08-02T14:20:18.409+0000] {dag.py:3947} INFO - Setting next_dagrun for transaction_etl_pipeline to 2025-08-02 00:00:00+00:00, run_after=2025-08-03 00:00:00+00:00
[2025-08-02T14:20:18.422+0000] {processor.py:183} INFO - Processing /opt/airflow/dags/etl_dag.py took 0.056 seconds
[2025-08-02T14:20:48.451+0000] {processor.py:161} INFO - Started process (PID=331) to work on /opt/airflow/dags/etl_dag.py
[2025-08-02T14:20:48.454+0000] {processor.py:830} INFO - Processing file /opt/airflow/dags/etl_dag.py for tasks to queue
[2025-08-02T14:20:48.454+0000] {logging_mixin.py:188} INFO - [2025-08-02T14:20:48.454+0000] {dagbag.py:545} INFO - Filling up the DagBag from /opt/airflow/dags/etl_dag.py
[2025-08-02T14:20:48.461+0000] {processor.py:840} INFO - DAG(s) 'transaction_etl_pipeline' retrieved from /opt/airflow/dags/etl_dag.py
[2025-08-02T14:20:48.479+0000] {logging_mixin.py:188} INFO - [2025-08-02T14:20:48.479+0000] {dag.py:3089} INFO - Sync 1 DAGs
[2025-08-02T14:20:48.495+0000] {logging_mixin.py:188} INFO - [2025-08-02T14:20:48.495+0000] {dag.py:3947} INFO - Setting next_dagrun for transaction_etl_pipeline to 2025-08-02 00:00:00+00:00, run_after=2025-08-03 00:00:00+00:00
[2025-08-02T14:20:48.509+0000] {processor.py:183} INFO - Processing /opt/airflow/dags/etl_dag.py took 0.063 seconds
[2025-08-02T14:21:18.599+0000] {processor.py:161} INFO - Started process (PID=339) to work on /opt/airflow/dags/etl_dag.py
[2025-08-02T14:21:18.599+0000] {processor.py:830} INFO - Processing file /opt/airflow/dags/etl_dag.py for tasks to queue
[2025-08-02T14:21:18.600+0000] {logging_mixin.py:188} INFO - [2025-08-02T14:21:18.600+0000] {dagbag.py:545} INFO - Filling up the DagBag from /opt/airflow/dags/etl_dag.py
[2025-08-02T14:21:18.609+0000] {processor.py:840} INFO - DAG(s) 'transaction_etl_pipeline' retrieved from /opt/airflow/dags/etl_dag.py
[2025-08-02T14:21:18.627+0000] {logging_mixin.py:188} INFO - [2025-08-02T14:21:18.627+0000] {dag.py:3089} INFO - Sync 1 DAGs
[2025-08-02T14:21:18.640+0000] {logging_mixin.py:188} INFO - [2025-08-02T14:21:18.640+0000] {dag.py:3947} INFO - Setting next_dagrun for transaction_etl_pipeline to 2025-08-02 00:00:00+00:00, run_after=2025-08-03 00:00:00+00:00
[2025-08-02T14:21:18.651+0000] {processor.py:183} INFO - Processing /opt/airflow/dags/etl_dag.py took 0.055 seconds
[2025-08-02T14:21:48.754+0000] {processor.py:161} INFO - Started process (PID=347) to work on /opt/airflow/dags/etl_dag.py
[2025-08-02T14:21:48.756+0000] {processor.py:830} INFO - Processing file /opt/airflow/dags/etl_dag.py for tasks to queue
[2025-08-02T14:21:48.757+0000] {logging_mixin.py:188} INFO - [2025-08-02T14:21:48.757+0000] {dagbag.py:545} INFO - Filling up the DagBag from /opt/airflow/dags/etl_dag.py
[2025-08-02T14:21:48.764+0000] {processor.py:840} INFO - DAG(s) 'transaction_etl_pipeline' retrieved from /opt/airflow/dags/etl_dag.py
[2025-08-02T14:21:48.781+0000] {logging_mixin.py:188} INFO - [2025-08-02T14:21:48.781+0000] {dag.py:3089} INFO - Sync 1 DAGs
[2025-08-02T14:21:48.794+0000] {logging_mixin.py:188} INFO - [2025-08-02T14:21:48.794+0000] {dag.py:3947} INFO - Setting next_dagrun for transaction_etl_pipeline to 2025-08-02 00:00:00+00:00, run_after=2025-08-03 00:00:00+00:00
[2025-08-02T14:21:48.805+0000] {processor.py:183} INFO - Processing /opt/airflow/dags/etl_dag.py took 0.056 seconds
[2025-08-02T14:22:18.890+0000] {processor.py:161} INFO - Started process (PID=355) to work on /opt/airflow/dags/etl_dag.py
[2025-08-02T14:22:18.890+0000] {processor.py:830} INFO - Processing file /opt/airflow/dags/etl_dag.py for tasks to queue
[2025-08-02T14:22:18.891+0000] {logging_mixin.py:188} INFO - [2025-08-02T14:22:18.890+0000] {dagbag.py:545} INFO - Filling up the DagBag from /opt/airflow/dags/etl_dag.py
[2025-08-02T14:22:18.898+0000] {processor.py:840} INFO - DAG(s) 'transaction_etl_pipeline' retrieved from /opt/airflow/dags/etl_dag.py
[2025-08-02T14:22:18.918+0000] {logging_mixin.py:188} INFO - [2025-08-02T14:22:18.918+0000] {dag.py:3089} INFO - Sync 1 DAGs
[2025-08-02T14:22:18.932+0000] {logging_mixin.py:188} INFO - [2025-08-02T14:22:18.931+0000] {dag.py:3947} INFO - Setting next_dagrun for transaction_etl_pipeline to 2025-08-02 00:00:00+00:00, run_after=2025-08-03 00:00:00+00:00
[2025-08-02T14:22:18.947+0000] {processor.py:183} INFO - Processing /opt/airflow/dags/etl_dag.py took 0.061 seconds
[2025-08-02T14:22:48.977+0000] {processor.py:161} INFO - Started process (PID=363) to work on /opt/airflow/dags/etl_dag.py
[2025-08-02T14:22:48.979+0000] {processor.py:830} INFO - Processing file /opt/airflow/dags/etl_dag.py for tasks to queue
[2025-08-02T14:22:48.979+0000] {logging_mixin.py:188} INFO - [2025-08-02T14:22:48.979+0000] {dagbag.py:545} INFO - Filling up the DagBag from /opt/airflow/dags/etl_dag.py
[2025-08-02T14:22:48.988+0000] {processor.py:840} INFO - DAG(s) 'transaction_etl_pipeline' retrieved from /opt/airflow/dags/etl_dag.py
[2025-08-02T14:22:49.019+0000] {logging_mixin.py:188} INFO - [2025-08-02T14:22:49.019+0000] {dag.py:3089} INFO - Sync 1 DAGs
[2025-08-02T14:22:49.033+0000] {logging_mixin.py:188} INFO - [2025-08-02T14:22:49.033+0000] {dag.py:3947} INFO - Setting next_dagrun for transaction_etl_pipeline to 2025-08-02 00:00:00+00:00, run_after=2025-08-03 00:00:00+00:00
[2025-08-02T14:22:49.048+0000] {processor.py:183} INFO - Processing /opt/airflow/dags/etl_dag.py took 0.076 seconds
[2025-08-02T14:23:19.114+0000] {processor.py:161} INFO - Started process (PID=371) to work on /opt/airflow/dags/etl_dag.py
[2025-08-02T14:23:19.116+0000] {processor.py:830} INFO - Processing file /opt/airflow/dags/etl_dag.py for tasks to queue
[2025-08-02T14:23:19.117+0000] {logging_mixin.py:188} INFO - [2025-08-02T14:23:19.117+0000] {dagbag.py:545} INFO - Filling up the DagBag from /opt/airflow/dags/etl_dag.py
[2025-08-02T14:23:19.126+0000] {processor.py:840} INFO - DAG(s) 'transaction_etl_pipeline' retrieved from /opt/airflow/dags/etl_dag.py
[2025-08-02T14:23:19.158+0000] {logging_mixin.py:188} INFO - [2025-08-02T14:23:19.157+0000] {dag.py:3089} INFO - Sync 1 DAGs
[2025-08-02T14:23:19.180+0000] {logging_mixin.py:188} INFO - [2025-08-02T14:23:19.180+0000] {dag.py:3947} INFO - Setting next_dagrun for transaction_etl_pipeline to 2025-08-02 00:00:00+00:00, run_after=2025-08-03 00:00:00+00:00
[2025-08-02T14:23:19.199+0000] {processor.py:183} INFO - Processing /opt/airflow/dags/etl_dag.py took 0.089 seconds
[2025-08-02T14:23:49.281+0000] {processor.py:161} INFO - Started process (PID=379) to work on /opt/airflow/dags/etl_dag.py
[2025-08-02T14:23:49.281+0000] {processor.py:830} INFO - Processing file /opt/airflow/dags/etl_dag.py for tasks to queue
[2025-08-02T14:23:49.281+0000] {logging_mixin.py:188} INFO - [2025-08-02T14:23:49.281+0000] {dagbag.py:545} INFO - Filling up the DagBag from /opt/airflow/dags/etl_dag.py
[2025-08-02T14:23:49.288+0000] {processor.py:840} INFO - DAG(s) 'transaction_etl_pipeline' retrieved from /opt/airflow/dags/etl_dag.py
[2025-08-02T14:23:49.306+0000] {logging_mixin.py:188} INFO - [2025-08-02T14:23:49.306+0000] {dag.py:3089} INFO - Sync 1 DAGs
[2025-08-02T14:23:49.320+0000] {logging_mixin.py:188} INFO - [2025-08-02T14:23:49.320+0000] {dag.py:3947} INFO - Setting next_dagrun for transaction_etl_pipeline to 2025-08-02 00:00:00+00:00, run_after=2025-08-03 00:00:00+00:00
[2025-08-02T14:23:49.331+0000] {processor.py:183} INFO - Processing /opt/airflow/dags/etl_dag.py took 0.055 seconds
[2025-08-02T14:24:19.425+0000] {processor.py:161} INFO - Started process (PID=387) to work on /opt/airflow/dags/etl_dag.py
[2025-08-02T14:24:19.427+0000] {processor.py:830} INFO - Processing file /opt/airflow/dags/etl_dag.py for tasks to queue
[2025-08-02T14:24:19.427+0000] {logging_mixin.py:188} INFO - [2025-08-02T14:24:19.427+0000] {dagbag.py:545} INFO - Filling up the DagBag from /opt/airflow/dags/etl_dag.py
[2025-08-02T14:24:19.435+0000] {processor.py:840} INFO - DAG(s) 'transaction_etl_pipeline' retrieved from /opt/airflow/dags/etl_dag.py
[2025-08-02T14:24:19.454+0000] {logging_mixin.py:188} INFO - [2025-08-02T14:24:19.454+0000] {dag.py:3089} INFO - Sync 1 DAGs
[2025-08-02T14:24:19.467+0000] {logging_mixin.py:188} INFO - [2025-08-02T14:24:19.467+0000] {dag.py:3947} INFO - Setting next_dagrun for transaction_etl_pipeline to 2025-08-02 00:00:00+00:00, run_after=2025-08-03 00:00:00+00:00
[2025-08-02T14:24:19.478+0000] {processor.py:183} INFO - Processing /opt/airflow/dags/etl_dag.py took 0.057 seconds
[2025-08-02T14:24:49.510+0000] {processor.py:161} INFO - Started process (PID=395) to work on /opt/airflow/dags/etl_dag.py
[2025-08-02T14:24:49.510+0000] {processor.py:830} INFO - Processing file /opt/airflow/dags/etl_dag.py for tasks to queue
[2025-08-02T14:24:49.511+0000] {logging_mixin.py:188} INFO - [2025-08-02T14:24:49.511+0000] {dagbag.py:545} INFO - Filling up the DagBag from /opt/airflow/dags/etl_dag.py
[2025-08-02T14:24:49.518+0000] {processor.py:840} INFO - DAG(s) 'transaction_etl_pipeline' retrieved from /opt/airflow/dags/etl_dag.py
[2025-08-02T14:24:49.537+0000] {logging_mixin.py:188} INFO - [2025-08-02T14:24:49.537+0000] {dag.py:3089} INFO - Sync 1 DAGs
[2025-08-02T14:24:49.551+0000] {logging_mixin.py:188} INFO - [2025-08-02T14:24:49.550+0000] {dag.py:3947} INFO - Setting next_dagrun for transaction_etl_pipeline to 2025-08-02 00:00:00+00:00, run_after=2025-08-03 00:00:00+00:00
[2025-08-02T14:24:49.561+0000] {processor.py:183} INFO - Processing /opt/airflow/dags/etl_dag.py took 0.055 seconds
[2025-08-02T14:25:19.652+0000] {processor.py:161} INFO - Started process (PID=403) to work on /opt/airflow/dags/etl_dag.py
[2025-08-02T14:25:19.654+0000] {processor.py:830} INFO - Processing file /opt/airflow/dags/etl_dag.py for tasks to queue
[2025-08-02T14:25:19.654+0000] {logging_mixin.py:188} INFO - [2025-08-02T14:25:19.654+0000] {dagbag.py:545} INFO - Filling up the DagBag from /opt/airflow/dags/etl_dag.py
[2025-08-02T14:25:19.664+0000] {processor.py:840} INFO - DAG(s) 'transaction_etl_pipeline' retrieved from /opt/airflow/dags/etl_dag.py
[2025-08-02T14:25:19.688+0000] {logging_mixin.py:188} INFO - [2025-08-02T14:25:19.687+0000] {dag.py:3089} INFO - Sync 1 DAGs
[2025-08-02T14:25:19.704+0000] {logging_mixin.py:188} INFO - [2025-08-02T14:25:19.704+0000] {dag.py:3947} INFO - Setting next_dagrun for transaction_etl_pipeline to 2025-08-02 00:00:00+00:00, run_after=2025-08-03 00:00:00+00:00
[2025-08-02T14:25:19.719+0000] {processor.py:183} INFO - Processing /opt/airflow/dags/etl_dag.py took 0.071 seconds
[2025-08-02T14:25:49.815+0000] {processor.py:161} INFO - Started process (PID=411) to work on /opt/airflow/dags/etl_dag.py
[2025-08-02T14:25:49.816+0000] {processor.py:830} INFO - Processing file /opt/airflow/dags/etl_dag.py for tasks to queue
[2025-08-02T14:25:49.816+0000] {logging_mixin.py:188} INFO - [2025-08-02T14:25:49.816+0000] {dagbag.py:545} INFO - Filling up the DagBag from /opt/airflow/dags/etl_dag.py
[2025-08-02T14:25:49.823+0000] {processor.py:840} INFO - DAG(s) 'transaction_etl_pipeline' retrieved from /opt/airflow/dags/etl_dag.py
[2025-08-02T14:25:49.843+0000] {logging_mixin.py:188} INFO - [2025-08-02T14:25:49.843+0000] {dag.py:3089} INFO - Sync 1 DAGs
[2025-08-02T14:25:49.856+0000] {logging_mixin.py:188} INFO - [2025-08-02T14:25:49.856+0000] {dag.py:3947} INFO - Setting next_dagrun for transaction_etl_pipeline to 2025-08-02 00:00:00+00:00, run_after=2025-08-03 00:00:00+00:00
[2025-08-02T14:25:49.868+0000] {processor.py:183} INFO - Processing /opt/airflow/dags/etl_dag.py took 0.056 seconds
[2025-08-02T14:26:19.958+0000] {processor.py:161} INFO - Started process (PID=420) to work on /opt/airflow/dags/etl_dag.py
[2025-08-02T14:26:19.960+0000] {processor.py:830} INFO - Processing file /opt/airflow/dags/etl_dag.py for tasks to queue
[2025-08-02T14:26:19.960+0000] {logging_mixin.py:188} INFO - [2025-08-02T14:26:19.960+0000] {dagbag.py:545} INFO - Filling up the DagBag from /opt/airflow/dags/etl_dag.py
[2025-08-02T14:26:19.967+0000] {processor.py:840} INFO - DAG(s) 'transaction_etl_pipeline' retrieved from /opt/airflow/dags/etl_dag.py
[2025-08-02T14:26:19.987+0000] {logging_mixin.py:188} INFO - [2025-08-02T14:26:19.987+0000] {dag.py:3089} INFO - Sync 1 DAGs
[2025-08-02T14:26:20.004+0000] {logging_mixin.py:188} INFO - [2025-08-02T14:26:20.004+0000] {dag.py:3947} INFO - Setting next_dagrun for transaction_etl_pipeline to 2025-08-02 00:00:00+00:00, run_after=2025-08-03 00:00:00+00:00
[2025-08-02T14:26:20.017+0000] {processor.py:183} INFO - Processing /opt/airflow/dags/etl_dag.py took 0.063 seconds
[2025-08-02T14:26:50.068+0000] {processor.py:161} INFO - Started process (PID=428) to work on /opt/airflow/dags/etl_dag.py
[2025-08-02T14:26:50.068+0000] {processor.py:830} INFO - Processing file /opt/airflow/dags/etl_dag.py for tasks to queue
[2025-08-02T14:26:50.069+0000] {logging_mixin.py:188} INFO - [2025-08-02T14:26:50.069+0000] {dagbag.py:545} INFO - Filling up the DagBag from /opt/airflow/dags/etl_dag.py
[2025-08-02T14:26:50.081+0000] {processor.py:840} INFO - DAG(s) 'transaction_etl_pipeline' retrieved from /opt/airflow/dags/etl_dag.py
[2025-08-02T14:26:50.108+0000] {logging_mixin.py:188} INFO - [2025-08-02T14:26:50.108+0000] {dag.py:3089} INFO - Sync 1 DAGs
[2025-08-02T14:26:50.125+0000] {logging_mixin.py:188} INFO - [2025-08-02T14:26:50.125+0000] {dag.py:3947} INFO - Setting next_dagrun for transaction_etl_pipeline to 2025-08-02 00:00:00+00:00, run_after=2025-08-03 00:00:00+00:00
[2025-08-02T14:26:50.141+0000] {processor.py:183} INFO - Processing /opt/airflow/dags/etl_dag.py took 0.084 seconds
[2025-08-02T14:27:20.224+0000] {processor.py:161} INFO - Started process (PID=436) to work on /opt/airflow/dags/etl_dag.py
[2025-08-02T14:27:20.226+0000] {processor.py:830} INFO - Processing file /opt/airflow/dags/etl_dag.py for tasks to queue
[2025-08-02T14:27:20.227+0000] {logging_mixin.py:188} INFO - [2025-08-02T14:27:20.227+0000] {dagbag.py:545} INFO - Filling up the DagBag from /opt/airflow/dags/etl_dag.py
[2025-08-02T14:27:20.236+0000] {processor.py:840} INFO - DAG(s) 'transaction_etl_pipeline' retrieved from /opt/airflow/dags/etl_dag.py
[2025-08-02T14:27:20.257+0000] {logging_mixin.py:188} INFO - [2025-08-02T14:27:20.257+0000] {dag.py:3089} INFO - Sync 1 DAGs
[2025-08-02T14:27:20.272+0000] {logging_mixin.py:188} INFO - [2025-08-02T14:27:20.272+0000] {dag.py:3947} INFO - Setting next_dagrun for transaction_etl_pipeline to 2025-08-02 00:00:00+00:00, run_after=2025-08-03 00:00:00+00:00
[2025-08-02T14:27:20.286+0000] {processor.py:183} INFO - Processing /opt/airflow/dags/etl_dag.py took 0.067 seconds
[2025-08-02T14:27:50.380+0000] {processor.py:161} INFO - Started process (PID=444) to work on /opt/airflow/dags/etl_dag.py
[2025-08-02T14:27:50.381+0000] {processor.py:830} INFO - Processing file /opt/airflow/dags/etl_dag.py for tasks to queue
[2025-08-02T14:27:50.381+0000] {logging_mixin.py:188} INFO - [2025-08-02T14:27:50.381+0000] {dagbag.py:545} INFO - Filling up the DagBag from /opt/airflow/dags/etl_dag.py
[2025-08-02T14:27:50.388+0000] {processor.py:840} INFO - DAG(s) 'transaction_etl_pipeline' retrieved from /opt/airflow/dags/etl_dag.py
[2025-08-02T14:27:50.408+0000] {logging_mixin.py:188} INFO - [2025-08-02T14:27:50.407+0000] {dag.py:3089} INFO - Sync 1 DAGs
[2025-08-02T14:27:50.421+0000] {logging_mixin.py:188} INFO - [2025-08-02T14:27:50.420+0000] {dag.py:3947} INFO - Setting next_dagrun for transaction_etl_pipeline to 2025-08-02 00:00:00+00:00, run_after=2025-08-03 00:00:00+00:00
[2025-08-02T14:27:50.431+0000] {processor.py:183} INFO - Processing /opt/airflow/dags/etl_dag.py took 0.055 seconds
[2025-08-02T14:28:20.529+0000] {processor.py:161} INFO - Started process (PID=452) to work on /opt/airflow/dags/etl_dag.py
[2025-08-02T14:28:20.531+0000] {processor.py:830} INFO - Processing file /opt/airflow/dags/etl_dag.py for tasks to queue
[2025-08-02T14:28:20.532+0000] {logging_mixin.py:188} INFO - [2025-08-02T14:28:20.531+0000] {dagbag.py:545} INFO - Filling up the DagBag from /opt/airflow/dags/etl_dag.py
[2025-08-02T14:28:20.541+0000] {processor.py:840} INFO - DAG(s) 'transaction_etl_pipeline' retrieved from /opt/airflow/dags/etl_dag.py
[2025-08-02T14:28:20.564+0000] {logging_mixin.py:188} INFO - [2025-08-02T14:28:20.563+0000] {dag.py:3089} INFO - Sync 1 DAGs
[2025-08-02T14:28:20.580+0000] {logging_mixin.py:188} INFO - [2025-08-02T14:28:20.580+0000] {dag.py:3947} INFO - Setting next_dagrun for transaction_etl_pipeline to 2025-08-02 00:00:00+00:00, run_after=2025-08-03 00:00:00+00:00
[2025-08-02T14:28:20.596+0000] {processor.py:183} INFO - Processing /opt/airflow/dags/etl_dag.py took 0.072 seconds
