[2025-08-02T13:51:43.716+0000] {processor.py:161} INFO - Started process (PID=61) to work on /opt/airflow/dags/exampledag.py
[2025-08-02T13:51:43.717+0000] {processor.py:830} INFO - Processing file /opt/airflow/dags/exampledag.py for tasks to queue
[2025-08-02T13:51:43.718+0000] {logging_mixin.py:188} INFO - [2025-08-02T13:51:43.717+0000] {dagbag.py:545} INFO - Filling up the DagBag from /opt/airflow/dags/exampledag.py
[2025-08-02T13:51:43.723+0000] {logging_mixin.py:188} INFO - [2025-08-02T13:51:43.722+0000] {dagbag.py:355} ERROR - Failed to import: /opt/airflow/dags/exampledag.py
Traceback (most recent call last):
  File "/home/airflow/.local/lib/python3.11/site-packages/airflow/models/dagbag.py", line 351, in parse
    loader.exec_module(new_module)
  File "<frozen importlib._bootstrap_external>", line 940, in exec_module
  File "<frozen importlib._bootstrap>", line 241, in _call_with_frames_removed
  File "/opt/airflow/dags/exampledag.py", line 23, in <module>
    from airflow.sdk.definitions.asset import Asset
ModuleNotFoundError: No module named 'airflow.sdk'
[2025-08-02T13:51:43.725+0000] {processor.py:842} WARNING - No viable dags retrieved from /opt/airflow/dags/exampledag.py
[2025-08-02T13:51:43.746+0000] {processor.py:183} INFO - Processing /opt/airflow/dags/exampledag.py took 0.041 seconds
[2025-08-02T13:52:14.787+0000] {processor.py:161} INFO - Started process (PID=69) to work on /opt/airflow/dags/exampledag.py
[2025-08-02T13:52:14.788+0000] {processor.py:830} INFO - Processing file /opt/airflow/dags/exampledag.py for tasks to queue
[2025-08-02T13:52:14.788+0000] {logging_mixin.py:188} INFO - [2025-08-02T13:52:14.788+0000] {dagbag.py:545} INFO - Filling up the DagBag from /opt/airflow/dags/exampledag.py
[2025-08-02T13:52:14.791+0000] {logging_mixin.py:188} INFO - [2025-08-02T13:52:14.790+0000] {dagbag.py:355} ERROR - Failed to import: /opt/airflow/dags/exampledag.py
Traceback (most recent call last):
  File "/home/airflow/.local/lib/python3.11/site-packages/airflow/models/dagbag.py", line 351, in parse
    loader.exec_module(new_module)
  File "<frozen importlib._bootstrap_external>", line 940, in exec_module
  File "<frozen importlib._bootstrap>", line 241, in _call_with_frames_removed
  File "/opt/airflow/dags/exampledag.py", line 23, in <module>
    from airflow.sdk.definitions.asset import Asset
ModuleNotFoundError: No module named 'airflow.sdk'
[2025-08-02T13:52:14.791+0000] {processor.py:842} WARNING - No viable dags retrieved from /opt/airflow/dags/exampledag.py
[2025-08-02T13:52:14.807+0000] {processor.py:183} INFO - Processing /opt/airflow/dags/exampledag.py took 0.025 seconds
[2025-08-02T13:52:44.901+0000] {processor.py:161} INFO - Started process (PID=77) to work on /opt/airflow/dags/exampledag.py
[2025-08-02T13:52:44.902+0000] {processor.py:830} INFO - Processing file /opt/airflow/dags/exampledag.py for tasks to queue
[2025-08-02T13:52:44.902+0000] {logging_mixin.py:188} INFO - [2025-08-02T13:52:44.902+0000] {dagbag.py:545} INFO - Filling up the DagBag from /opt/airflow/dags/exampledag.py
[2025-08-02T13:52:44.904+0000] {logging_mixin.py:188} INFO - [2025-08-02T13:52:44.903+0000] {dagbag.py:355} ERROR - Failed to import: /opt/airflow/dags/exampledag.py
Traceback (most recent call last):
  File "/home/airflow/.local/lib/python3.11/site-packages/airflow/models/dagbag.py", line 351, in parse
    loader.exec_module(new_module)
  File "<frozen importlib._bootstrap_external>", line 940, in exec_module
  File "<frozen importlib._bootstrap>", line 241, in _call_with_frames_removed
  File "/opt/airflow/dags/exampledag.py", line 23, in <module>
    from airflow.sdk.definitions.asset import Asset
ModuleNotFoundError: No module named 'airflow.sdk'
[2025-08-02T13:52:44.905+0000] {processor.py:842} WARNING - No viable dags retrieved from /opt/airflow/dags/exampledag.py
[2025-08-02T13:52:44.920+0000] {processor.py:183} INFO - Processing /opt/airflow/dags/exampledag.py took 0.024 seconds
[2025-08-02T13:53:15.021+0000] {processor.py:161} INFO - Started process (PID=85) to work on /opt/airflow/dags/exampledag.py
[2025-08-02T13:53:15.022+0000] {processor.py:830} INFO - Processing file /opt/airflow/dags/exampledag.py for tasks to queue
[2025-08-02T13:53:15.022+0000] {logging_mixin.py:188} INFO - [2025-08-02T13:53:15.022+0000] {dagbag.py:545} INFO - Filling up the DagBag from /opt/airflow/dags/exampledag.py
[2025-08-02T13:53:15.025+0000] {logging_mixin.py:188} INFO - [2025-08-02T13:53:15.024+0000] {dagbag.py:355} ERROR - Failed to import: /opt/airflow/dags/exampledag.py
Traceback (most recent call last):
  File "/home/airflow/.local/lib/python3.11/site-packages/airflow/models/dagbag.py", line 351, in parse
    loader.exec_module(new_module)
  File "<frozen importlib._bootstrap_external>", line 940, in exec_module
  File "<frozen importlib._bootstrap>", line 241, in _call_with_frames_removed
  File "/opt/airflow/dags/exampledag.py", line 23, in <module>
    from airflow.sdk.definitions.asset import Asset
ModuleNotFoundError: No module named 'airflow.sdk'
[2025-08-02T13:53:15.026+0000] {processor.py:842} WARNING - No viable dags retrieved from /opt/airflow/dags/exampledag.py
[2025-08-02T13:53:15.041+0000] {processor.py:183} INFO - Processing /opt/airflow/dags/exampledag.py took 0.023 seconds
[2025-08-02T13:53:45.130+0000] {processor.py:161} INFO - Started process (PID=93) to work on /opt/airflow/dags/exampledag.py
[2025-08-02T13:53:45.132+0000] {processor.py:830} INFO - Processing file /opt/airflow/dags/exampledag.py for tasks to queue
[2025-08-02T13:53:45.133+0000] {logging_mixin.py:188} INFO - [2025-08-02T13:53:45.133+0000] {dagbag.py:545} INFO - Filling up the DagBag from /opt/airflow/dags/exampledag.py
[2025-08-02T13:53:45.135+0000] {logging_mixin.py:188} INFO - [2025-08-02T13:53:45.135+0000] {dagbag.py:355} ERROR - Failed to import: /opt/airflow/dags/exampledag.py
Traceback (most recent call last):
  File "/home/airflow/.local/lib/python3.11/site-packages/airflow/models/dagbag.py", line 351, in parse
    loader.exec_module(new_module)
  File "<frozen importlib._bootstrap_external>", line 940, in exec_module
  File "<frozen importlib._bootstrap>", line 241, in _call_with_frames_removed
  File "/opt/airflow/dags/exampledag.py", line 23, in <module>
    from airflow.sdk.definitions.asset import Asset
ModuleNotFoundError: No module named 'airflow.sdk'
[2025-08-02T13:53:45.136+0000] {processor.py:842} WARNING - No viable dags retrieved from /opt/airflow/dags/exampledag.py
[2025-08-02T13:53:45.150+0000] {processor.py:183} INFO - Processing /opt/airflow/dags/exampledag.py took 0.024 seconds
[2025-08-02T13:54:15.242+0000] {processor.py:161} INFO - Started process (PID=101) to work on /opt/airflow/dags/exampledag.py
[2025-08-02T13:54:15.243+0000] {processor.py:830} INFO - Processing file /opt/airflow/dags/exampledag.py for tasks to queue
[2025-08-02T13:54:15.243+0000] {logging_mixin.py:188} INFO - [2025-08-02T13:54:15.243+0000] {dagbag.py:545} INFO - Filling up the DagBag from /opt/airflow/dags/exampledag.py
[2025-08-02T13:54:15.245+0000] {logging_mixin.py:188} INFO - [2025-08-02T13:54:15.245+0000] {dagbag.py:355} ERROR - Failed to import: /opt/airflow/dags/exampledag.py
Traceback (most recent call last):
  File "/home/airflow/.local/lib/python3.11/site-packages/airflow/models/dagbag.py", line 351, in parse
    loader.exec_module(new_module)
  File "<frozen importlib._bootstrap_external>", line 940, in exec_module
  File "<frozen importlib._bootstrap>", line 241, in _call_with_frames_removed
  File "/opt/airflow/dags/exampledag.py", line 23, in <module>
    from airflow.sdk.definitions.asset import Asset
ModuleNotFoundError: No module named 'airflow.sdk'
[2025-08-02T13:54:15.246+0000] {processor.py:842} WARNING - No viable dags retrieved from /opt/airflow/dags/exampledag.py
[2025-08-02T13:54:15.262+0000] {processor.py:183} INFO - Processing /opt/airflow/dags/exampledag.py took 0.025 seconds
[2025-08-02T13:54:45.357+0000] {processor.py:161} INFO - Started process (PID=109) to work on /opt/airflow/dags/exampledag.py
[2025-08-02T13:54:45.359+0000] {processor.py:830} INFO - Processing file /opt/airflow/dags/exampledag.py for tasks to queue
[2025-08-02T13:54:45.360+0000] {logging_mixin.py:188} INFO - [2025-08-02T13:54:45.360+0000] {dagbag.py:545} INFO - Filling up the DagBag from /opt/airflow/dags/exampledag.py
[2025-08-02T13:54:45.364+0000] {logging_mixin.py:188} INFO - [2025-08-02T13:54:45.363+0000] {dagbag.py:355} ERROR - Failed to import: /opt/airflow/dags/exampledag.py
Traceback (most recent call last):
  File "/home/airflow/.local/lib/python3.11/site-packages/airflow/models/dagbag.py", line 351, in parse
    loader.exec_module(new_module)
  File "<frozen importlib._bootstrap_external>", line 940, in exec_module
  File "<frozen importlib._bootstrap>", line 241, in _call_with_frames_removed
  File "/opt/airflow/dags/exampledag.py", line 23, in <module>
    from airflow.sdk.definitions.asset import Asset
ModuleNotFoundError: No module named 'airflow.sdk'
[2025-08-02T13:54:45.364+0000] {processor.py:842} WARNING - No viable dags retrieved from /opt/airflow/dags/exampledag.py
[2025-08-02T13:54:45.390+0000] {processor.py:183} INFO - Processing /opt/airflow/dags/exampledag.py took 0.039 seconds
[2025-08-02T13:55:15.477+0000] {processor.py:161} INFO - Started process (PID=117) to work on /opt/airflow/dags/exampledag.py
[2025-08-02T13:55:15.477+0000] {processor.py:830} INFO - Processing file /opt/airflow/dags/exampledag.py for tasks to queue
[2025-08-02T13:55:15.479+0000] {logging_mixin.py:188} INFO - [2025-08-02T13:55:15.478+0000] {dagbag.py:545} INFO - Filling up the DagBag from /opt/airflow/dags/exampledag.py
[2025-08-02T13:55:15.486+0000] {logging_mixin.py:188} INFO - [2025-08-02T13:55:15.483+0000] {dagbag.py:355} ERROR - Failed to import: /opt/airflow/dags/exampledag.py
Traceback (most recent call last):
  File "/home/airflow/.local/lib/python3.11/site-packages/airflow/models/dagbag.py", line 351, in parse
    loader.exec_module(new_module)
  File "<frozen importlib._bootstrap_external>", line 940, in exec_module
  File "<frozen importlib._bootstrap>", line 241, in _call_with_frames_removed
  File "/opt/airflow/dags/exampledag.py", line 23, in <module>
    from airflow.sdk.definitions.asset import Asset
ModuleNotFoundError: No module named 'airflow.sdk'
[2025-08-02T13:55:15.487+0000] {processor.py:842} WARNING - No viable dags retrieved from /opt/airflow/dags/exampledag.py
[2025-08-02T13:55:15.511+0000] {processor.py:183} INFO - Processing /opt/airflow/dags/exampledag.py took 0.040 seconds
[2025-08-02T13:55:45.610+0000] {processor.py:161} INFO - Started process (PID=125) to work on /opt/airflow/dags/exampledag.py
[2025-08-02T13:55:45.612+0000] {processor.py:830} INFO - Processing file /opt/airflow/dags/exampledag.py for tasks to queue
[2025-08-02T13:55:45.613+0000] {logging_mixin.py:188} INFO - [2025-08-02T13:55:45.613+0000] {dagbag.py:545} INFO - Filling up the DagBag from /opt/airflow/dags/exampledag.py
[2025-08-02T13:55:45.616+0000] {logging_mixin.py:188} INFO - [2025-08-02T13:55:45.615+0000] {dagbag.py:355} ERROR - Failed to import: /opt/airflow/dags/exampledag.py
Traceback (most recent call last):
  File "/home/airflow/.local/lib/python3.11/site-packages/airflow/models/dagbag.py", line 351, in parse
    loader.exec_module(new_module)
  File "<frozen importlib._bootstrap_external>", line 940, in exec_module
  File "<frozen importlib._bootstrap>", line 241, in _call_with_frames_removed
  File "/opt/airflow/dags/exampledag.py", line 23, in <module>
    from airflow.sdk.definitions.asset import Asset
ModuleNotFoundError: No module named 'airflow.sdk'
[2025-08-02T13:55:45.616+0000] {processor.py:842} WARNING - No viable dags retrieved from /opt/airflow/dags/exampledag.py
[2025-08-02T13:55:45.635+0000] {processor.py:183} INFO - Processing /opt/airflow/dags/exampledag.py took 0.029 seconds
[2025-08-02T13:56:15.734+0000] {processor.py:161} INFO - Started process (PID=133) to work on /opt/airflow/dags/exampledag.py
[2025-08-02T13:56:15.734+0000] {processor.py:830} INFO - Processing file /opt/airflow/dags/exampledag.py for tasks to queue
[2025-08-02T13:56:15.735+0000] {logging_mixin.py:188} INFO - [2025-08-02T13:56:15.735+0000] {dagbag.py:545} INFO - Filling up the DagBag from /opt/airflow/dags/exampledag.py
[2025-08-02T13:56:15.738+0000] {logging_mixin.py:188} INFO - [2025-08-02T13:56:15.737+0000] {dagbag.py:355} ERROR - Failed to import: /opt/airflow/dags/exampledag.py
Traceback (most recent call last):
  File "/home/airflow/.local/lib/python3.11/site-packages/airflow/models/dagbag.py", line 351, in parse
    loader.exec_module(new_module)
  File "<frozen importlib._bootstrap_external>", line 940, in exec_module
  File "<frozen importlib._bootstrap>", line 241, in _call_with_frames_removed
  File "/opt/airflow/dags/exampledag.py", line 23, in <module>
    from airflow.sdk.definitions.asset import Asset
ModuleNotFoundError: No module named 'airflow.sdk'
[2025-08-02T13:56:15.738+0000] {processor.py:842} WARNING - No viable dags retrieved from /opt/airflow/dags/exampledag.py
[2025-08-02T13:56:15.752+0000] {processor.py:183} INFO - Processing /opt/airflow/dags/exampledag.py took 0.022 seconds
[2025-08-02T13:56:45.857+0000] {processor.py:161} INFO - Started process (PID=141) to work on /opt/airflow/dags/exampledag.py
[2025-08-02T13:56:45.860+0000] {processor.py:830} INFO - Processing file /opt/airflow/dags/exampledag.py for tasks to queue
[2025-08-02T13:56:45.861+0000] {logging_mixin.py:188} INFO - [2025-08-02T13:56:45.860+0000] {dagbag.py:545} INFO - Filling up the DagBag from /opt/airflow/dags/exampledag.py
[2025-08-02T13:56:45.863+0000] {logging_mixin.py:188} INFO - [2025-08-02T13:56:45.862+0000] {dagbag.py:355} ERROR - Failed to import: /opt/airflow/dags/exampledag.py
Traceback (most recent call last):
  File "/home/airflow/.local/lib/python3.11/site-packages/airflow/models/dagbag.py", line 351, in parse
    loader.exec_module(new_module)
  File "<frozen importlib._bootstrap_external>", line 940, in exec_module
  File "<frozen importlib._bootstrap>", line 241, in _call_with_frames_removed
  File "/opt/airflow/dags/exampledag.py", line 23, in <module>
    from airflow.sdk.definitions.asset import Asset
ModuleNotFoundError: No module named 'airflow.sdk'
[2025-08-02T13:56:45.864+0000] {processor.py:842} WARNING - No viable dags retrieved from /opt/airflow/dags/exampledag.py
[2025-08-02T13:56:45.880+0000] {processor.py:183} INFO - Processing /opt/airflow/dags/exampledag.py took 0.028 seconds
[2025-08-02T13:57:15.965+0000] {processor.py:161} INFO - Started process (PID=149) to work on /opt/airflow/dags/exampledag.py
[2025-08-02T13:57:15.965+0000] {processor.py:830} INFO - Processing file /opt/airflow/dags/exampledag.py for tasks to queue
[2025-08-02T13:57:15.966+0000] {logging_mixin.py:188} INFO - [2025-08-02T13:57:15.965+0000] {dagbag.py:545} INFO - Filling up the DagBag from /opt/airflow/dags/exampledag.py
[2025-08-02T13:57:15.969+0000] {logging_mixin.py:188} INFO - [2025-08-02T13:57:15.967+0000] {dagbag.py:355} ERROR - Failed to import: /opt/airflow/dags/exampledag.py
Traceback (most recent call last):
  File "/home/airflow/.local/lib/python3.11/site-packages/airflow/models/dagbag.py", line 351, in parse
    loader.exec_module(new_module)
  File "<frozen importlib._bootstrap_external>", line 940, in exec_module
  File "<frozen importlib._bootstrap>", line 241, in _call_with_frames_removed
  File "/opt/airflow/dags/exampledag.py", line 23, in <module>
    from airflow.sdk.definitions.asset import Asset
ModuleNotFoundError: No module named 'airflow.sdk'
[2025-08-02T13:57:15.969+0000] {processor.py:842} WARNING - No viable dags retrieved from /opt/airflow/dags/exampledag.py
[2025-08-02T13:57:15.986+0000] {processor.py:183} INFO - Processing /opt/airflow/dags/exampledag.py took 0.026 seconds
[2025-08-02T13:57:20.998+0000] {processor.py:161} INFO - Started process (PID=156) to work on /opt/airflow/dags/exampledag.py
[2025-08-02T13:57:21.000+0000] {processor.py:830} INFO - Processing file /opt/airflow/dags/exampledag.py for tasks to queue
[2025-08-02T13:57:21.001+0000] {logging_mixin.py:188} INFO - [2025-08-02T13:57:21.000+0000] {dagbag.py:545} INFO - Filling up the DagBag from /opt/airflow/dags/exampledag.py
[2025-08-02T13:57:21.006+0000] {logging_mixin.py:188} INFO - [2025-08-02T13:57:21.004+0000] {dagbag.py:355} ERROR - Failed to import: /opt/airflow/dags/exampledag.py
Traceback (most recent call last):
  File "/home/airflow/.local/lib/python3.11/site-packages/airflow/models/dagbag.py", line 351, in parse
    loader.exec_module(new_module)
  File "<frozen importlib._bootstrap_external>", line 940, in exec_module
  File "<frozen importlib._bootstrap>", line 241, in _call_with_frames_removed
  File "/opt/airflow/dags/exampledag.py", line 100, in <module>
    example_astronauts()
  File "/home/airflow/.local/lib/python3.11/site-packages/airflow/models/dag.py", line 4074, in factory
    f(**f_kwargs)
  File "/opt/airflow/dags/exampledag.py", line 42, in example_astronauts
    outlets=[Asset("current_astronauts")]
             ^^^^^
NameError: name 'Asset' is not defined
[2025-08-02T13:57:21.006+0000] {processor.py:842} WARNING - No viable dags retrieved from /opt/airflow/dags/exampledag.py
[2025-08-02T13:57:21.016+0000] {processor.py:183} INFO - Processing /opt/airflow/dags/exampledag.py took 0.021 seconds
[2025-08-02T13:57:51.100+0000] {processor.py:161} INFO - Started process (PID=164) to work on /opt/airflow/dags/exampledag.py
[2025-08-02T13:57:51.100+0000] {processor.py:830} INFO - Processing file /opt/airflow/dags/exampledag.py for tasks to queue
[2025-08-02T13:57:51.101+0000] {logging_mixin.py:188} INFO - [2025-08-02T13:57:51.100+0000] {dagbag.py:545} INFO - Filling up the DagBag from /opt/airflow/dags/exampledag.py
[2025-08-02T13:57:51.105+0000] {logging_mixin.py:188} INFO - [2025-08-02T13:57:51.104+0000] {dagbag.py:355} ERROR - Failed to import: /opt/airflow/dags/exampledag.py
Traceback (most recent call last):
  File "/home/airflow/.local/lib/python3.11/site-packages/airflow/models/dagbag.py", line 351, in parse
    loader.exec_module(new_module)
  File "<frozen importlib._bootstrap_external>", line 940, in exec_module
  File "<frozen importlib._bootstrap>", line 241, in _call_with_frames_removed
  File "/opt/airflow/dags/exampledag.py", line 100, in <module>
    example_astronauts()
  File "/home/airflow/.local/lib/python3.11/site-packages/airflow/models/dag.py", line 4074, in factory
    f(**f_kwargs)
  File "/opt/airflow/dags/exampledag.py", line 42, in example_astronauts
    outlets=[Asset("current_astronauts")]
             ^^^^^
NameError: name 'Asset' is not defined
[2025-08-02T13:57:51.106+0000] {processor.py:842} WARNING - No viable dags retrieved from /opt/airflow/dags/exampledag.py
[2025-08-02T13:57:51.123+0000] {processor.py:183} INFO - Processing /opt/airflow/dags/exampledag.py took 0.027 seconds
[2025-08-02T13:58:14.192+0000] {processor.py:161} INFO - Started process (PID=165) to work on /opt/airflow/dags/exampledag.py
[2025-08-02T13:58:14.194+0000] {processor.py:830} INFO - Processing file /opt/airflow/dags/exampledag.py for tasks to queue
[2025-08-02T13:58:14.195+0000] {logging_mixin.py:188} INFO - [2025-08-02T13:58:14.194+0000] {dagbag.py:545} INFO - Filling up the DagBag from /opt/airflow/dags/exampledag.py
[2025-08-02T13:58:14.212+0000] {processor.py:840} INFO - DAG(s) 'example_astronauts' retrieved from /opt/airflow/dags/exampledag.py
[2025-08-02T13:58:14.392+0000] {logging_mixin.py:188} INFO - [2025-08-02T13:58:14.391+0000] {override.py:1858} INFO - Created Permission View: can edit on DAG:example_astronauts
[2025-08-02T13:58:14.398+0000] {logging_mixin.py:188} INFO - [2025-08-02T13:58:14.398+0000] {override.py:1858} INFO - Created Permission View: can read on DAG:example_astronauts
[2025-08-02T13:58:14.405+0000] {logging_mixin.py:188} INFO - [2025-08-02T13:58:14.404+0000] {override.py:1858} INFO - Created Permission View: can delete on DAG:example_astronauts
[2025-08-02T13:58:14.405+0000] {logging_mixin.py:188} INFO - [2025-08-02T13:58:14.405+0000] {dag.py:3089} INFO - Sync 1 DAGs
[2025-08-02T13:58:14.411+0000] {logging_mixin.py:188} INFO - [2025-08-02T13:58:14.411+0000] {dag.py:3111} INFO - Creating ORM DAG for example_astronauts
[2025-08-02T13:58:14.417+0000] {logging_mixin.py:188} INFO - [2025-08-02T13:58:14.417+0000] {dag.py:3947} INFO - Setting next_dagrun for example_astronauts to 2025-08-01 00:00:00+00:00, run_after=2025-08-02 00:00:00+00:00
[2025-08-02T13:58:14.430+0000] {processor.py:183} INFO - Processing /opt/airflow/dags/exampledag.py took 0.241 seconds
[2025-08-02T13:59:06.523+0000] {processor.py:161} INFO - Started process (PID=75) to work on /opt/airflow/dags/exampledag.py
[2025-08-02T13:59:06.526+0000] {processor.py:830} INFO - Processing file /opt/airflow/dags/exampledag.py for tasks to queue
[2025-08-02T13:59:06.528+0000] {logging_mixin.py:188} INFO - [2025-08-02T13:59:06.527+0000] {dagbag.py:545} INFO - Filling up the DagBag from /opt/airflow/dags/exampledag.py
[2025-08-02T13:59:06.547+0000] {processor.py:840} INFO - DAG(s) 'example_astronauts' retrieved from /opt/airflow/dags/exampledag.py
[2025-08-02T13:59:06.807+0000] {logging_mixin.py:188} INFO - [2025-08-02T13:59:06.807+0000] {dag.py:3089} INFO - Sync 1 DAGs
[2025-08-02T13:59:06.822+0000] {logging_mixin.py:188} INFO - [2025-08-02T13:59:06.822+0000] {dag.py:3947} INFO - Setting next_dagrun for example_astronauts to 2025-08-01 00:00:00+00:00, run_after=2025-08-02 00:00:00+00:00
[2025-08-02T13:59:06.841+0000] {processor.py:183} INFO - Processing /opt/airflow/dags/exampledag.py took 0.331 seconds
[2025-08-02T13:59:37.765+0000] {processor.py:161} INFO - Started process (PID=84) to work on /opt/airflow/dags/exampledag.py
[2025-08-02T13:59:37.767+0000] {processor.py:830} INFO - Processing file /opt/airflow/dags/exampledag.py for tasks to queue
[2025-08-02T13:59:37.768+0000] {logging_mixin.py:188} INFO - [2025-08-02T13:59:37.768+0000] {dagbag.py:545} INFO - Filling up the DagBag from /opt/airflow/dags/exampledag.py
[2025-08-02T13:59:37.775+0000] {processor.py:840} INFO - DAG(s) 'example_astronauts' retrieved from /opt/airflow/dags/exampledag.py
[2025-08-02T13:59:37.795+0000] {logging_mixin.py:188} INFO - [2025-08-02T13:59:37.795+0000] {dag.py:3089} INFO - Sync 1 DAGs
[2025-08-02T13:59:37.810+0000] {logging_mixin.py:188} INFO - [2025-08-02T13:59:37.810+0000] {dag.py:3947} INFO - Setting next_dagrun for example_astronauts to 2025-08-01 00:00:00+00:00, run_after=2025-08-02 00:00:00+00:00
[2025-08-02T13:59:37.825+0000] {processor.py:183} INFO - Processing /opt/airflow/dags/exampledag.py took 0.064 seconds
[2025-08-02T14:01:36.570+0000] {processor.py:161} INFO - Started process (PID=61) to work on /opt/airflow/dags/exampledag.py
[2025-08-02T14:01:36.571+0000] {processor.py:830} INFO - Processing file /opt/airflow/dags/exampledag.py for tasks to queue
[2025-08-02T14:01:36.572+0000] {logging_mixin.py:188} INFO - [2025-08-02T14:01:36.571+0000] {dagbag.py:545} INFO - Filling up the DagBag from /opt/airflow/dags/exampledag.py
[2025-08-02T14:01:36.597+0000] {processor.py:840} INFO - DAG(s) 'example_astronauts' retrieved from /opt/airflow/dags/exampledag.py
[2025-08-02T14:01:36.961+0000] {logging_mixin.py:188} INFO - [2025-08-02T14:01:36.960+0000] {dag.py:3089} INFO - Sync 1 DAGs
[2025-08-02T14:01:36.980+0000] {logging_mixin.py:188} INFO - [2025-08-02T14:01:36.979+0000] {dag.py:3947} INFO - Setting next_dagrun for example_astronauts to 2025-08-01 00:00:00+00:00, run_after=2025-08-02 00:00:00+00:00
[2025-08-02T14:01:36.998+0000] {processor.py:183} INFO - Processing /opt/airflow/dags/exampledag.py took 0.432 seconds
[2025-08-02T14:02:07.819+0000] {processor.py:161} INFO - Started process (PID=69) to work on /opt/airflow/dags/exampledag.py
[2025-08-02T14:02:07.820+0000] {processor.py:830} INFO - Processing file /opt/airflow/dags/exampledag.py for tasks to queue
[2025-08-02T14:02:07.820+0000] {logging_mixin.py:188} INFO - [2025-08-02T14:02:07.820+0000] {dagbag.py:545} INFO - Filling up the DagBag from /opt/airflow/dags/exampledag.py
[2025-08-02T14:02:07.828+0000] {processor.py:840} INFO - DAG(s) 'example_astronauts' retrieved from /opt/airflow/dags/exampledag.py
[2025-08-02T14:02:07.850+0000] {logging_mixin.py:188} INFO - [2025-08-02T14:02:07.849+0000] {dag.py:3089} INFO - Sync 1 DAGs
[2025-08-02T14:02:07.865+0000] {logging_mixin.py:188} INFO - [2025-08-02T14:02:07.865+0000] {dag.py:3947} INFO - Setting next_dagrun for example_astronauts to 2025-08-01 00:00:00+00:00, run_after=2025-08-02 00:00:00+00:00
[2025-08-02T14:02:07.880+0000] {processor.py:183} INFO - Processing /opt/airflow/dags/exampledag.py took 0.066 seconds
[2025-08-02T14:02:37.929+0000] {processor.py:161} INFO - Started process (PID=77) to work on /opt/airflow/dags/exampledag.py
[2025-08-02T14:02:37.931+0000] {processor.py:830} INFO - Processing file /opt/airflow/dags/exampledag.py for tasks to queue
[2025-08-02T14:02:37.932+0000] {logging_mixin.py:188} INFO - [2025-08-02T14:02:37.932+0000] {dagbag.py:545} INFO - Filling up the DagBag from /opt/airflow/dags/exampledag.py
[2025-08-02T14:02:37.939+0000] {processor.py:840} INFO - DAG(s) 'example_astronauts' retrieved from /opt/airflow/dags/exampledag.py
[2025-08-02T14:02:37.961+0000] {logging_mixin.py:188} INFO - [2025-08-02T14:02:37.960+0000] {dag.py:3089} INFO - Sync 1 DAGs
[2025-08-02T14:02:37.979+0000] {logging_mixin.py:188} INFO - [2025-08-02T14:02:37.978+0000] {dag.py:3947} INFO - Setting next_dagrun for example_astronauts to 2025-08-01 00:00:00+00:00, run_after=2025-08-02 00:00:00+00:00
[2025-08-02T14:02:37.997+0000] {processor.py:183} INFO - Processing /opt/airflow/dags/exampledag.py took 0.072 seconds
[2025-08-02T14:06:43.765+0000] {processor.py:161} INFO - Started process (PID=55) to work on /opt/airflow/dags/exampledag.py
[2025-08-02T14:06:43.766+0000] {processor.py:830} INFO - Processing file /opt/airflow/dags/exampledag.py for tasks to queue
[2025-08-02T14:06:43.766+0000] {logging_mixin.py:188} INFO - [2025-08-02T14:06:43.766+0000] {dagbag.py:545} INFO - Filling up the DagBag from /opt/airflow/dags/exampledag.py
[2025-08-02T14:06:43.784+0000] {processor.py:840} INFO - DAG(s) 'example_astronauts' retrieved from /opt/airflow/dags/exampledag.py
[2025-08-02T14:06:44.241+0000] {logging_mixin.py:188} INFO - [2025-08-02T14:06:44.240+0000] {dag.py:3089} INFO - Sync 1 DAGs
[2025-08-02T14:06:44.267+0000] {logging_mixin.py:188} INFO - [2025-08-02T14:06:44.267+0000] {dag.py:3947} INFO - Setting next_dagrun for example_astronauts to 2025-08-01 00:00:00+00:00, run_after=2025-08-02 00:00:00+00:00
[2025-08-02T14:06:44.291+0000] {processor.py:183} INFO - Processing /opt/airflow/dags/exampledag.py took 0.531 seconds
[2025-08-02T14:07:14.398+0000] {processor.py:161} INFO - Started process (PID=69) to work on /opt/airflow/dags/exampledag.py
[2025-08-02T14:07:14.398+0000] {processor.py:830} INFO - Processing file /opt/airflow/dags/exampledag.py for tasks to queue
[2025-08-02T14:07:14.398+0000] {logging_mixin.py:188} INFO - [2025-08-02T14:07:14.398+0000] {dagbag.py:545} INFO - Filling up the DagBag from /opt/airflow/dags/exampledag.py
[2025-08-02T14:07:14.406+0000] {processor.py:840} INFO - DAG(s) 'example_astronauts' retrieved from /opt/airflow/dags/exampledag.py
[2025-08-02T14:07:14.431+0000] {logging_mixin.py:188} INFO - [2025-08-02T14:07:14.430+0000] {dag.py:3089} INFO - Sync 1 DAGs
[2025-08-02T14:07:14.453+0000] {logging_mixin.py:188} INFO - [2025-08-02T14:07:14.453+0000] {dag.py:3947} INFO - Setting next_dagrun for example_astronauts to 2025-08-01 00:00:00+00:00, run_after=2025-08-02 00:00:00+00:00
[2025-08-02T14:07:14.472+0000] {processor.py:183} INFO - Processing /opt/airflow/dags/exampledag.py took 0.079 seconds
[2025-08-02T14:07:44.570+0000] {processor.py:161} INFO - Started process (PID=77) to work on /opt/airflow/dags/exampledag.py
[2025-08-02T14:07:44.571+0000] {processor.py:830} INFO - Processing file /opt/airflow/dags/exampledag.py for tasks to queue
[2025-08-02T14:07:44.571+0000] {logging_mixin.py:188} INFO - [2025-08-02T14:07:44.571+0000] {dagbag.py:545} INFO - Filling up the DagBag from /opt/airflow/dags/exampledag.py
[2025-08-02T14:07:44.583+0000] {processor.py:840} INFO - DAG(s) 'example_astronauts' retrieved from /opt/airflow/dags/exampledag.py
[2025-08-02T14:07:44.615+0000] {logging_mixin.py:188} INFO - [2025-08-02T14:07:44.615+0000] {dag.py:3089} INFO - Sync 1 DAGs
[2025-08-02T14:07:44.637+0000] {logging_mixin.py:188} INFO - [2025-08-02T14:07:44.637+0000] {dag.py:3947} INFO - Setting next_dagrun for example_astronauts to 2025-08-01 00:00:00+00:00, run_after=2025-08-02 00:00:00+00:00
[2025-08-02T14:07:44.659+0000] {processor.py:183} INFO - Processing /opt/airflow/dags/exampledag.py took 0.096 seconds
[2025-08-02T14:08:14.748+0000] {processor.py:161} INFO - Started process (PID=85) to work on /opt/airflow/dags/exampledag.py
[2025-08-02T14:08:14.748+0000] {processor.py:830} INFO - Processing file /opt/airflow/dags/exampledag.py for tasks to queue
[2025-08-02T14:08:14.749+0000] {logging_mixin.py:188} INFO - [2025-08-02T14:08:14.749+0000] {dagbag.py:545} INFO - Filling up the DagBag from /opt/airflow/dags/exampledag.py
[2025-08-02T14:08:14.756+0000] {processor.py:840} INFO - DAG(s) 'example_astronauts' retrieved from /opt/airflow/dags/exampledag.py
[2025-08-02T14:08:14.775+0000] {logging_mixin.py:188} INFO - [2025-08-02T14:08:14.775+0000] {dag.py:3089} INFO - Sync 1 DAGs
[2025-08-02T14:08:14.788+0000] {logging_mixin.py:188} INFO - [2025-08-02T14:08:14.787+0000] {dag.py:3947} INFO - Setting next_dagrun for example_astronauts to 2025-08-01 00:00:00+00:00, run_after=2025-08-02 00:00:00+00:00
[2025-08-02T14:08:14.804+0000] {processor.py:183} INFO - Processing /opt/airflow/dags/exampledag.py took 0.060 seconds
[2025-08-02T14:08:44.899+0000] {processor.py:161} INFO - Started process (PID=93) to work on /opt/airflow/dags/exampledag.py
[2025-08-02T14:08:44.900+0000] {processor.py:830} INFO - Processing file /opt/airflow/dags/exampledag.py for tasks to queue
[2025-08-02T14:08:44.901+0000] {logging_mixin.py:188} INFO - [2025-08-02T14:08:44.900+0000] {dagbag.py:545} INFO - Filling up the DagBag from /opt/airflow/dags/exampledag.py
[2025-08-02T14:08:44.911+0000] {processor.py:840} INFO - DAG(s) 'example_astronauts' retrieved from /opt/airflow/dags/exampledag.py
[2025-08-02T14:08:44.936+0000] {logging_mixin.py:188} INFO - [2025-08-02T14:08:44.935+0000] {dag.py:3089} INFO - Sync 1 DAGs
[2025-08-02T14:08:44.950+0000] {logging_mixin.py:188} INFO - [2025-08-02T14:08:44.950+0000] {dag.py:3947} INFO - Setting next_dagrun for example_astronauts to 2025-08-01 00:00:00+00:00, run_after=2025-08-02 00:00:00+00:00
[2025-08-02T14:08:44.968+0000] {processor.py:183} INFO - Processing /opt/airflow/dags/exampledag.py took 0.075 seconds
[2025-08-02T14:09:15.055+0000] {processor.py:161} INFO - Started process (PID=101) to work on /opt/airflow/dags/exampledag.py
[2025-08-02T14:09:15.056+0000] {processor.py:830} INFO - Processing file /opt/airflow/dags/exampledag.py for tasks to queue
[2025-08-02T14:09:15.056+0000] {logging_mixin.py:188} INFO - [2025-08-02T14:09:15.056+0000] {dagbag.py:545} INFO - Filling up the DagBag from /opt/airflow/dags/exampledag.py
[2025-08-02T14:09:15.067+0000] {processor.py:840} INFO - DAG(s) 'example_astronauts' retrieved from /opt/airflow/dags/exampledag.py
[2025-08-02T14:09:15.092+0000] {logging_mixin.py:188} INFO - [2025-08-02T14:09:15.092+0000] {dag.py:3089} INFO - Sync 1 DAGs
[2025-08-02T14:09:15.110+0000] {logging_mixin.py:188} INFO - [2025-08-02T14:09:15.110+0000] {dag.py:3947} INFO - Setting next_dagrun for example_astronauts to 2025-08-01 00:00:00+00:00, run_after=2025-08-02 00:00:00+00:00
[2025-08-02T14:09:15.125+0000] {processor.py:183} INFO - Processing /opt/airflow/dags/exampledag.py took 0.074 seconds
[2025-08-02T14:09:45.215+0000] {processor.py:161} INFO - Started process (PID=149) to work on /opt/airflow/dags/exampledag.py
[2025-08-02T14:09:45.215+0000] {processor.py:830} INFO - Processing file /opt/airflow/dags/exampledag.py for tasks to queue
[2025-08-02T14:09:45.216+0000] {logging_mixin.py:188} INFO - [2025-08-02T14:09:45.216+0000] {dagbag.py:545} INFO - Filling up the DagBag from /opt/airflow/dags/exampledag.py
[2025-08-02T14:09:45.224+0000] {processor.py:840} INFO - DAG(s) 'example_astronauts' retrieved from /opt/airflow/dags/exampledag.py
[2025-08-02T14:09:45.248+0000] {logging_mixin.py:188} INFO - [2025-08-02T14:09:45.248+0000] {dag.py:3089} INFO - Sync 1 DAGs
[2025-08-02T14:09:45.267+0000] {logging_mixin.py:188} INFO - [2025-08-02T14:09:45.267+0000] {dag.py:3947} INFO - Setting next_dagrun for example_astronauts to 2025-08-02 00:00:00+00:00, run_after=2025-08-03 00:00:00+00:00
[2025-08-02T14:09:45.286+0000] {processor.py:183} INFO - Processing /opt/airflow/dags/exampledag.py took 0.077 seconds
[2025-08-02T14:10:15.376+0000] {processor.py:161} INFO - Started process (PID=157) to work on /opt/airflow/dags/exampledag.py
[2025-08-02T14:10:15.377+0000] {processor.py:830} INFO - Processing file /opt/airflow/dags/exampledag.py for tasks to queue
[2025-08-02T14:10:15.377+0000] {logging_mixin.py:188} INFO - [2025-08-02T14:10:15.377+0000] {dagbag.py:545} INFO - Filling up the DagBag from /opt/airflow/dags/exampledag.py
[2025-08-02T14:10:15.390+0000] {processor.py:840} INFO - DAG(s) 'example_astronauts' retrieved from /opt/airflow/dags/exampledag.py
[2025-08-02T14:10:15.411+0000] {logging_mixin.py:188} INFO - [2025-08-02T14:10:15.411+0000] {dag.py:3089} INFO - Sync 1 DAGs
[2025-08-02T14:10:15.426+0000] {logging_mixin.py:188} INFO - [2025-08-02T14:10:15.426+0000] {dag.py:3947} INFO - Setting next_dagrun for example_astronauts to 2025-08-02 00:00:00+00:00, run_after=2025-08-03 00:00:00+00:00
[2025-08-02T14:10:15.441+0000] {processor.py:183} INFO - Processing /opt/airflow/dags/exampledag.py took 0.071 seconds
[2025-08-02T14:10:45.528+0000] {processor.py:161} INFO - Started process (PID=165) to work on /opt/airflow/dags/exampledag.py
[2025-08-02T14:10:45.528+0000] {processor.py:830} INFO - Processing file /opt/airflow/dags/exampledag.py for tasks to queue
[2025-08-02T14:10:45.529+0000] {logging_mixin.py:188} INFO - [2025-08-02T14:10:45.529+0000] {dagbag.py:545} INFO - Filling up the DagBag from /opt/airflow/dags/exampledag.py
[2025-08-02T14:10:45.536+0000] {processor.py:840} INFO - DAG(s) 'example_astronauts' retrieved from /opt/airflow/dags/exampledag.py
[2025-08-02T14:10:45.553+0000] {logging_mixin.py:188} INFO - [2025-08-02T14:10:45.553+0000] {dag.py:3089} INFO - Sync 1 DAGs
[2025-08-02T14:10:45.566+0000] {logging_mixin.py:188} INFO - [2025-08-02T14:10:45.565+0000] {dag.py:3947} INFO - Setting next_dagrun for example_astronauts to 2025-08-02 00:00:00+00:00, run_after=2025-08-03 00:00:00+00:00
[2025-08-02T14:10:45.580+0000] {processor.py:183} INFO - Processing /opt/airflow/dags/exampledag.py took 0.058 seconds
[2025-08-02T14:11:15.673+0000] {processor.py:161} INFO - Started process (PID=173) to work on /opt/airflow/dags/exampledag.py
[2025-08-02T14:11:15.674+0000] {processor.py:830} INFO - Processing file /opt/airflow/dags/exampledag.py for tasks to queue
[2025-08-02T14:11:15.674+0000] {logging_mixin.py:188} INFO - [2025-08-02T14:11:15.674+0000] {dagbag.py:545} INFO - Filling up the DagBag from /opt/airflow/dags/exampledag.py
[2025-08-02T14:11:15.685+0000] {processor.py:840} INFO - DAG(s) 'example_astronauts' retrieved from /opt/airflow/dags/exampledag.py
[2025-08-02T14:11:15.709+0000] {logging_mixin.py:188} INFO - [2025-08-02T14:11:15.709+0000] {dag.py:3089} INFO - Sync 1 DAGs
[2025-08-02T14:11:15.725+0000] {logging_mixin.py:188} INFO - [2025-08-02T14:11:15.724+0000] {dag.py:3947} INFO - Setting next_dagrun for example_astronauts to 2025-08-02 00:00:00+00:00, run_after=2025-08-03 00:00:00+00:00
[2025-08-02T14:11:15.743+0000] {processor.py:183} INFO - Processing /opt/airflow/dags/exampledag.py took 0.074 seconds
[2025-08-02T14:11:45.843+0000] {processor.py:161} INFO - Started process (PID=181) to work on /opt/airflow/dags/exampledag.py
[2025-08-02T14:11:45.844+0000] {processor.py:830} INFO - Processing file /opt/airflow/dags/exampledag.py for tasks to queue
[2025-08-02T14:11:45.844+0000] {logging_mixin.py:188} INFO - [2025-08-02T14:11:45.844+0000] {dagbag.py:545} INFO - Filling up the DagBag from /opt/airflow/dags/exampledag.py
[2025-08-02T14:11:45.851+0000] {processor.py:840} INFO - DAG(s) 'example_astronauts' retrieved from /opt/airflow/dags/exampledag.py
[2025-08-02T14:11:45.867+0000] {logging_mixin.py:188} INFO - [2025-08-02T14:11:45.867+0000] {dag.py:3089} INFO - Sync 1 DAGs
[2025-08-02T14:11:45.880+0000] {logging_mixin.py:188} INFO - [2025-08-02T14:11:45.879+0000] {dag.py:3947} INFO - Setting next_dagrun for example_astronauts to 2025-08-02 00:00:00+00:00, run_after=2025-08-03 00:00:00+00:00
[2025-08-02T14:11:45.893+0000] {processor.py:183} INFO - Processing /opt/airflow/dags/exampledag.py took 0.054 seconds
[2025-08-02T14:12:15.984+0000] {processor.py:161} INFO - Started process (PID=189) to work on /opt/airflow/dags/exampledag.py
[2025-08-02T14:12:15.984+0000] {processor.py:830} INFO - Processing file /opt/airflow/dags/exampledag.py for tasks to queue
[2025-08-02T14:12:15.985+0000] {logging_mixin.py:188} INFO - [2025-08-02T14:12:15.985+0000] {dagbag.py:545} INFO - Filling up the DagBag from /opt/airflow/dags/exampledag.py
[2025-08-02T14:12:15.993+0000] {processor.py:840} INFO - DAG(s) 'example_astronauts' retrieved from /opt/airflow/dags/exampledag.py
[2025-08-02T14:12:16.011+0000] {logging_mixin.py:188} INFO - [2025-08-02T14:12:16.011+0000] {dag.py:3089} INFO - Sync 1 DAGs
[2025-08-02T14:12:16.028+0000] {logging_mixin.py:188} INFO - [2025-08-02T14:12:16.028+0000] {dag.py:3947} INFO - Setting next_dagrun for example_astronauts to 2025-08-02 00:00:00+00:00, run_after=2025-08-03 00:00:00+00:00
[2025-08-02T14:12:16.046+0000] {processor.py:183} INFO - Processing /opt/airflow/dags/exampledag.py took 0.066 seconds
[2025-08-02T14:12:46.130+0000] {processor.py:161} INFO - Started process (PID=197) to work on /opt/airflow/dags/exampledag.py
[2025-08-02T14:12:46.131+0000] {processor.py:830} INFO - Processing file /opt/airflow/dags/exampledag.py for tasks to queue
[2025-08-02T14:12:46.131+0000] {logging_mixin.py:188} INFO - [2025-08-02T14:12:46.131+0000] {dagbag.py:545} INFO - Filling up the DagBag from /opt/airflow/dags/exampledag.py
[2025-08-02T14:12:46.138+0000] {processor.py:840} INFO - DAG(s) 'example_astronauts' retrieved from /opt/airflow/dags/exampledag.py
[2025-08-02T14:12:46.156+0000] {logging_mixin.py:188} INFO - [2025-08-02T14:12:46.156+0000] {dag.py:3089} INFO - Sync 1 DAGs
[2025-08-02T14:12:46.169+0000] {logging_mixin.py:188} INFO - [2025-08-02T14:12:46.169+0000] {dag.py:3947} INFO - Setting next_dagrun for example_astronauts to 2025-08-02 00:00:00+00:00, run_after=2025-08-03 00:00:00+00:00
[2025-08-02T14:12:46.183+0000] {processor.py:183} INFO - Processing /opt/airflow/dags/exampledag.py took 0.057 seconds
[2025-08-02T14:13:16.278+0000] {processor.py:161} INFO - Started process (PID=205) to work on /opt/airflow/dags/exampledag.py
[2025-08-02T14:13:16.278+0000] {processor.py:830} INFO - Processing file /opt/airflow/dags/exampledag.py for tasks to queue
[2025-08-02T14:13:16.279+0000] {logging_mixin.py:188} INFO - [2025-08-02T14:13:16.278+0000] {dagbag.py:545} INFO - Filling up the DagBag from /opt/airflow/dags/exampledag.py
[2025-08-02T14:13:16.285+0000] {processor.py:840} INFO - DAG(s) 'example_astronauts' retrieved from /opt/airflow/dags/exampledag.py
[2025-08-02T14:13:16.303+0000] {logging_mixin.py:188} INFO - [2025-08-02T14:13:16.303+0000] {dag.py:3089} INFO - Sync 1 DAGs
[2025-08-02T14:13:16.315+0000] {logging_mixin.py:188} INFO - [2025-08-02T14:13:16.315+0000] {dag.py:3947} INFO - Setting next_dagrun for example_astronauts to 2025-08-02 00:00:00+00:00, run_after=2025-08-03 00:00:00+00:00
[2025-08-02T14:13:16.327+0000] {processor.py:183} INFO - Processing /opt/airflow/dags/exampledag.py took 0.054 seconds
[2025-08-02T14:13:46.423+0000] {processor.py:161} INFO - Started process (PID=213) to work on /opt/airflow/dags/exampledag.py
[2025-08-02T14:13:46.424+0000] {processor.py:830} INFO - Processing file /opt/airflow/dags/exampledag.py for tasks to queue
[2025-08-02T14:13:46.424+0000] {logging_mixin.py:188} INFO - [2025-08-02T14:13:46.424+0000] {dagbag.py:545} INFO - Filling up the DagBag from /opt/airflow/dags/exampledag.py
[2025-08-02T14:13:46.437+0000] {processor.py:840} INFO - DAG(s) 'example_astronauts' retrieved from /opt/airflow/dags/exampledag.py
[2025-08-02T14:13:46.459+0000] {logging_mixin.py:188} INFO - [2025-08-02T14:13:46.459+0000] {dag.py:3089} INFO - Sync 1 DAGs
[2025-08-02T14:13:46.474+0000] {logging_mixin.py:188} INFO - [2025-08-02T14:13:46.474+0000] {dag.py:3947} INFO - Setting next_dagrun for example_astronauts to 2025-08-02 00:00:00+00:00, run_after=2025-08-03 00:00:00+00:00
[2025-08-02T14:13:46.488+0000] {processor.py:183} INFO - Processing /opt/airflow/dags/exampledag.py took 0.070 seconds
[2025-08-02T14:14:16.578+0000] {processor.py:161} INFO - Started process (PID=221) to work on /opt/airflow/dags/exampledag.py
[2025-08-02T14:14:16.578+0000] {processor.py:830} INFO - Processing file /opt/airflow/dags/exampledag.py for tasks to queue
[2025-08-02T14:14:16.579+0000] {logging_mixin.py:188} INFO - [2025-08-02T14:14:16.579+0000] {dagbag.py:545} INFO - Filling up the DagBag from /opt/airflow/dags/exampledag.py
[2025-08-02T14:14:16.586+0000] {processor.py:840} INFO - DAG(s) 'example_astronauts' retrieved from /opt/airflow/dags/exampledag.py
[2025-08-02T14:14:16.605+0000] {logging_mixin.py:188} INFO - [2025-08-02T14:14:16.604+0000] {dag.py:3089} INFO - Sync 1 DAGs
[2025-08-02T14:14:16.619+0000] {logging_mixin.py:188} INFO - [2025-08-02T14:14:16.619+0000] {dag.py:3947} INFO - Setting next_dagrun for example_astronauts to 2025-08-02 00:00:00+00:00, run_after=2025-08-03 00:00:00+00:00
[2025-08-02T14:14:16.635+0000] {processor.py:183} INFO - Processing /opt/airflow/dags/exampledag.py took 0.062 seconds
[2025-08-02T14:14:46.726+0000] {processor.py:161} INFO - Started process (PID=233) to work on /opt/airflow/dags/exampledag.py
[2025-08-02T14:14:46.727+0000] {processor.py:830} INFO - Processing file /opt/airflow/dags/exampledag.py for tasks to queue
[2025-08-02T14:14:46.727+0000] {logging_mixin.py:188} INFO - [2025-08-02T14:14:46.727+0000] {dagbag.py:545} INFO - Filling up the DagBag from /opt/airflow/dags/exampledag.py
[2025-08-02T14:14:46.734+0000] {processor.py:840} INFO - DAG(s) 'example_astronauts' retrieved from /opt/airflow/dags/exampledag.py
[2025-08-02T14:14:46.752+0000] {logging_mixin.py:188} INFO - [2025-08-02T14:14:46.752+0000] {dag.py:3089} INFO - Sync 1 DAGs
[2025-08-02T14:14:46.765+0000] {logging_mixin.py:188} INFO - [2025-08-02T14:14:46.765+0000] {dag.py:3947} INFO - Setting next_dagrun for example_astronauts to 2025-08-02 00:00:00+00:00, run_after=2025-08-03 00:00:00+00:00
[2025-08-02T14:14:46.781+0000] {processor.py:183} INFO - Processing /opt/airflow/dags/exampledag.py took 0.058 seconds
[2025-08-02T14:15:16.871+0000] {processor.py:161} INFO - Started process (PID=241) to work on /opt/airflow/dags/exampledag.py
[2025-08-02T14:15:16.871+0000] {processor.py:830} INFO - Processing file /opt/airflow/dags/exampledag.py for tasks to queue
[2025-08-02T14:15:16.872+0000] {logging_mixin.py:188} INFO - [2025-08-02T14:15:16.872+0000] {dagbag.py:545} INFO - Filling up the DagBag from /opt/airflow/dags/exampledag.py
[2025-08-02T14:15:16.882+0000] {processor.py:840} INFO - DAG(s) 'example_astronauts' retrieved from /opt/airflow/dags/exampledag.py
[2025-08-02T14:15:16.901+0000] {logging_mixin.py:188} INFO - [2025-08-02T14:15:16.900+0000] {dag.py:3089} INFO - Sync 1 DAGs
[2025-08-02T14:15:16.922+0000] {logging_mixin.py:188} INFO - [2025-08-02T14:15:16.922+0000] {dag.py:3947} INFO - Setting next_dagrun for example_astronauts to 2025-08-02 00:00:00+00:00, run_after=2025-08-03 00:00:00+00:00
[2025-08-02T14:15:16.939+0000] {processor.py:183} INFO - Processing /opt/airflow/dags/exampledag.py took 0.073 seconds
[2025-08-02T14:15:47.018+0000] {processor.py:161} INFO - Started process (PID=249) to work on /opt/airflow/dags/exampledag.py
[2025-08-02T14:15:47.019+0000] {processor.py:830} INFO - Processing file /opt/airflow/dags/exampledag.py for tasks to queue
[2025-08-02T14:15:47.019+0000] {logging_mixin.py:188} INFO - [2025-08-02T14:15:47.019+0000] {dagbag.py:545} INFO - Filling up the DagBag from /opt/airflow/dags/exampledag.py
[2025-08-02T14:15:47.027+0000] {processor.py:840} INFO - DAG(s) 'example_astronauts' retrieved from /opt/airflow/dags/exampledag.py
[2025-08-02T14:15:47.044+0000] {logging_mixin.py:188} INFO - [2025-08-02T14:15:47.044+0000] {dag.py:3089} INFO - Sync 1 DAGs
[2025-08-02T14:15:47.057+0000] {logging_mixin.py:188} INFO - [2025-08-02T14:15:47.056+0000] {dag.py:3947} INFO - Setting next_dagrun for example_astronauts to 2025-08-02 00:00:00+00:00, run_after=2025-08-03 00:00:00+00:00
[2025-08-02T14:15:47.069+0000] {processor.py:183} INFO - Processing /opt/airflow/dags/exampledag.py took 0.056 seconds
[2025-08-02T14:16:17.153+0000] {processor.py:161} INFO - Started process (PID=257) to work on /opt/airflow/dags/exampledag.py
[2025-08-02T14:16:17.154+0000] {processor.py:830} INFO - Processing file /opt/airflow/dags/exampledag.py for tasks to queue
[2025-08-02T14:16:17.154+0000] {logging_mixin.py:188} INFO - [2025-08-02T14:16:17.154+0000] {dagbag.py:545} INFO - Filling up the DagBag from /opt/airflow/dags/exampledag.py
[2025-08-02T14:16:17.161+0000] {processor.py:840} INFO - DAG(s) 'example_astronauts' retrieved from /opt/airflow/dags/exampledag.py
[2025-08-02T14:16:17.183+0000] {logging_mixin.py:188} INFO - [2025-08-02T14:16:17.183+0000] {dag.py:3089} INFO - Sync 1 DAGs
[2025-08-02T14:16:17.197+0000] {logging_mixin.py:188} INFO - [2025-08-02T14:16:17.197+0000] {dag.py:3947} INFO - Setting next_dagrun for example_astronauts to 2025-08-02 00:00:00+00:00, run_after=2025-08-03 00:00:00+00:00
[2025-08-02T14:16:17.217+0000] {processor.py:183} INFO - Processing /opt/airflow/dags/exampledag.py took 0.067 seconds
[2025-08-02T14:16:47.306+0000] {processor.py:161} INFO - Started process (PID=265) to work on /opt/airflow/dags/exampledag.py
[2025-08-02T14:16:47.307+0000] {processor.py:830} INFO - Processing file /opt/airflow/dags/exampledag.py for tasks to queue
[2025-08-02T14:16:47.307+0000] {logging_mixin.py:188} INFO - [2025-08-02T14:16:47.307+0000] {dagbag.py:545} INFO - Filling up the DagBag from /opt/airflow/dags/exampledag.py
[2025-08-02T14:16:47.314+0000] {processor.py:840} INFO - DAG(s) 'example_astronauts' retrieved from /opt/airflow/dags/exampledag.py
[2025-08-02T14:16:47.330+0000] {logging_mixin.py:188} INFO - [2025-08-02T14:16:47.330+0000] {dag.py:3089} INFO - Sync 1 DAGs
[2025-08-02T14:16:47.344+0000] {logging_mixin.py:188} INFO - [2025-08-02T14:16:47.344+0000] {dag.py:3947} INFO - Setting next_dagrun for example_astronauts to 2025-08-02 00:00:00+00:00, run_after=2025-08-03 00:00:00+00:00
[2025-08-02T14:16:47.358+0000] {processor.py:183} INFO - Processing /opt/airflow/dags/exampledag.py took 0.055 seconds
[2025-08-02T14:17:17.450+0000] {processor.py:161} INFO - Started process (PID=273) to work on /opt/airflow/dags/exampledag.py
[2025-08-02T14:17:17.451+0000] {processor.py:830} INFO - Processing file /opt/airflow/dags/exampledag.py for tasks to queue
[2025-08-02T14:17:17.451+0000] {logging_mixin.py:188} INFO - [2025-08-02T14:17:17.451+0000] {dagbag.py:545} INFO - Filling up the DagBag from /opt/airflow/dags/exampledag.py
[2025-08-02T14:17:17.460+0000] {processor.py:840} INFO - DAG(s) 'example_astronauts' retrieved from /opt/airflow/dags/exampledag.py
[2025-08-02T14:17:17.482+0000] {logging_mixin.py:188} INFO - [2025-08-02T14:17:17.482+0000] {dag.py:3089} INFO - Sync 1 DAGs
[2025-08-02T14:17:17.499+0000] {logging_mixin.py:188} INFO - [2025-08-02T14:17:17.499+0000] {dag.py:3947} INFO - Setting next_dagrun for example_astronauts to 2025-08-02 00:00:00+00:00, run_after=2025-08-03 00:00:00+00:00
[2025-08-02T14:17:17.519+0000] {processor.py:183} INFO - Processing /opt/airflow/dags/exampledag.py took 0.072 seconds
[2025-08-02T14:17:47.609+0000] {processor.py:161} INFO - Started process (PID=280) to work on /opt/airflow/dags/exampledag.py
[2025-08-02T14:17:47.609+0000] {processor.py:830} INFO - Processing file /opt/airflow/dags/exampledag.py for tasks to queue
[2025-08-02T14:17:47.610+0000] {logging_mixin.py:188} INFO - [2025-08-02T14:17:47.609+0000] {dagbag.py:545} INFO - Filling up the DagBag from /opt/airflow/dags/exampledag.py
[2025-08-02T14:17:47.616+0000] {processor.py:840} INFO - DAG(s) 'example_astronauts' retrieved from /opt/airflow/dags/exampledag.py
[2025-08-02T14:17:47.637+0000] {logging_mixin.py:188} INFO - [2025-08-02T14:17:47.637+0000] {dag.py:3089} INFO - Sync 1 DAGs
[2025-08-02T14:17:47.650+0000] {logging_mixin.py:188} INFO - [2025-08-02T14:17:47.650+0000] {dag.py:3947} INFO - Setting next_dagrun for example_astronauts to 2025-08-02 00:00:00+00:00, run_after=2025-08-03 00:00:00+00:00
[2025-08-02T14:17:47.663+0000] {processor.py:183} INFO - Processing /opt/airflow/dags/exampledag.py took 0.057 seconds
[2025-08-02T14:18:17.759+0000] {processor.py:161} INFO - Started process (PID=288) to work on /opt/airflow/dags/exampledag.py
[2025-08-02T14:18:17.759+0000] {processor.py:830} INFO - Processing file /opt/airflow/dags/exampledag.py for tasks to queue
[2025-08-02T14:18:17.760+0000] {logging_mixin.py:188} INFO - [2025-08-02T14:18:17.760+0000] {dagbag.py:545} INFO - Filling up the DagBag from /opt/airflow/dags/exampledag.py
[2025-08-02T14:18:17.767+0000] {processor.py:840} INFO - DAG(s) 'example_astronauts' retrieved from /opt/airflow/dags/exampledag.py
[2025-08-02T14:18:17.785+0000] {logging_mixin.py:188} INFO - [2025-08-02T14:18:17.785+0000] {dag.py:3089} INFO - Sync 1 DAGs
[2025-08-02T14:18:17.799+0000] {logging_mixin.py:188} INFO - [2025-08-02T14:18:17.799+0000] {dag.py:3947} INFO - Setting next_dagrun for example_astronauts to 2025-08-02 00:00:00+00:00, run_after=2025-08-03 00:00:00+00:00
[2025-08-02T14:18:17.812+0000] {processor.py:183} INFO - Processing /opt/airflow/dags/exampledag.py took 0.059 seconds
[2025-08-02T14:18:47.912+0000] {processor.py:161} INFO - Started process (PID=296) to work on /opt/airflow/dags/exampledag.py
[2025-08-02T14:18:47.913+0000] {processor.py:830} INFO - Processing file /opt/airflow/dags/exampledag.py for tasks to queue
[2025-08-02T14:18:47.914+0000] {logging_mixin.py:188} INFO - [2025-08-02T14:18:47.913+0000] {dagbag.py:545} INFO - Filling up the DagBag from /opt/airflow/dags/exampledag.py
[2025-08-02T14:18:47.927+0000] {processor.py:840} INFO - DAG(s) 'example_astronauts' retrieved from /opt/airflow/dags/exampledag.py
[2025-08-02T14:18:47.951+0000] {logging_mixin.py:188} INFO - [2025-08-02T14:18:47.951+0000] {dag.py:3089} INFO - Sync 1 DAGs
[2025-08-02T14:18:47.967+0000] {logging_mixin.py:188} INFO - [2025-08-02T14:18:47.966+0000] {dag.py:3947} INFO - Setting next_dagrun for example_astronauts to 2025-08-02 00:00:00+00:00, run_after=2025-08-03 00:00:00+00:00
[2025-08-02T14:18:47.981+0000] {processor.py:183} INFO - Processing /opt/airflow/dags/exampledag.py took 0.077 seconds
[2025-08-02T14:19:18.088+0000] {processor.py:161} INFO - Started process (PID=304) to work on /opt/airflow/dags/exampledag.py
[2025-08-02T14:19:18.088+0000] {processor.py:830} INFO - Processing file /opt/airflow/dags/exampledag.py for tasks to queue
[2025-08-02T14:19:18.089+0000] {logging_mixin.py:188} INFO - [2025-08-02T14:19:18.089+0000] {dagbag.py:545} INFO - Filling up the DagBag from /opt/airflow/dags/exampledag.py
[2025-08-02T14:19:18.097+0000] {processor.py:840} INFO - DAG(s) 'example_astronauts' retrieved from /opt/airflow/dags/exampledag.py
[2025-08-02T14:19:18.118+0000] {logging_mixin.py:188} INFO - [2025-08-02T14:19:18.118+0000] {dag.py:3089} INFO - Sync 1 DAGs
[2025-08-02T14:19:18.133+0000] {logging_mixin.py:188} INFO - [2025-08-02T14:19:18.133+0000] {dag.py:3947} INFO - Setting next_dagrun for example_astronauts to 2025-08-02 00:00:00+00:00, run_after=2025-08-03 00:00:00+00:00
[2025-08-02T14:19:18.149+0000] {processor.py:183} INFO - Processing /opt/airflow/dags/exampledag.py took 0.065 seconds
[2025-08-02T14:19:48.237+0000] {processor.py:161} INFO - Started process (PID=316) to work on /opt/airflow/dags/exampledag.py
[2025-08-02T14:19:48.237+0000] {processor.py:830} INFO - Processing file /opt/airflow/dags/exampledag.py for tasks to queue
[2025-08-02T14:19:48.238+0000] {logging_mixin.py:188} INFO - [2025-08-02T14:19:48.237+0000] {dagbag.py:545} INFO - Filling up the DagBag from /opt/airflow/dags/exampledag.py
[2025-08-02T14:19:48.244+0000] {processor.py:840} INFO - DAG(s) 'example_astronauts' retrieved from /opt/airflow/dags/exampledag.py
[2025-08-02T14:19:48.266+0000] {logging_mixin.py:188} INFO - [2025-08-02T14:19:48.266+0000] {dag.py:3089} INFO - Sync 1 DAGs
[2025-08-02T14:19:48.281+0000] {logging_mixin.py:188} INFO - [2025-08-02T14:19:48.280+0000] {dag.py:3947} INFO - Setting next_dagrun for example_astronauts to 2025-08-02 00:00:00+00:00, run_after=2025-08-03 00:00:00+00:00
[2025-08-02T14:19:48.299+0000] {processor.py:183} INFO - Processing /opt/airflow/dags/exampledag.py took 0.067 seconds
[2025-08-02T14:20:18.374+0000] {processor.py:161} INFO - Started process (PID=324) to work on /opt/airflow/dags/exampledag.py
[2025-08-02T14:20:18.374+0000] {processor.py:830} INFO - Processing file /opt/airflow/dags/exampledag.py for tasks to queue
[2025-08-02T14:20:18.375+0000] {logging_mixin.py:188} INFO - [2025-08-02T14:20:18.375+0000] {dagbag.py:545} INFO - Filling up the DagBag from /opt/airflow/dags/exampledag.py
[2025-08-02T14:20:18.381+0000] {processor.py:840} INFO - DAG(s) 'example_astronauts' retrieved from /opt/airflow/dags/exampledag.py
[2025-08-02T14:20:18.398+0000] {logging_mixin.py:188} INFO - [2025-08-02T14:20:18.398+0000] {dag.py:3089} INFO - Sync 1 DAGs
[2025-08-02T14:20:18.411+0000] {logging_mixin.py:188} INFO - [2025-08-02T14:20:18.411+0000] {dag.py:3947} INFO - Setting next_dagrun for example_astronauts to 2025-08-02 00:00:00+00:00, run_after=2025-08-03 00:00:00+00:00
[2025-08-02T14:20:18.423+0000] {processor.py:183} INFO - Processing /opt/airflow/dags/exampledag.py took 0.052 seconds
[2025-08-02T14:20:48.455+0000] {processor.py:161} INFO - Started process (PID=332) to work on /opt/airflow/dags/exampledag.py
[2025-08-02T14:20:48.455+0000] {processor.py:830} INFO - Processing file /opt/airflow/dags/exampledag.py for tasks to queue
[2025-08-02T14:20:48.456+0000] {logging_mixin.py:188} INFO - [2025-08-02T14:20:48.456+0000] {dagbag.py:545} INFO - Filling up the DagBag from /opt/airflow/dags/exampledag.py
[2025-08-02T14:20:48.463+0000] {processor.py:840} INFO - DAG(s) 'example_astronauts' retrieved from /opt/airflow/dags/exampledag.py
[2025-08-02T14:20:48.482+0000] {logging_mixin.py:188} INFO - [2025-08-02T14:20:48.482+0000] {dag.py:3089} INFO - Sync 1 DAGs
[2025-08-02T14:20:48.502+0000] {logging_mixin.py:188} INFO - [2025-08-02T14:20:48.502+0000] {dag.py:3947} INFO - Setting next_dagrun for example_astronauts to 2025-08-02 00:00:00+00:00, run_after=2025-08-03 00:00:00+00:00
[2025-08-02T14:20:48.517+0000] {processor.py:183} INFO - Processing /opt/airflow/dags/exampledag.py took 0.065 seconds
[2025-08-02T14:21:18.606+0000] {processor.py:161} INFO - Started process (PID=340) to work on /opt/airflow/dags/exampledag.py
[2025-08-02T14:21:18.606+0000] {processor.py:830} INFO - Processing file /opt/airflow/dags/exampledag.py for tasks to queue
[2025-08-02T14:21:18.606+0000] {logging_mixin.py:188} INFO - [2025-08-02T14:21:18.606+0000] {dagbag.py:545} INFO - Filling up the DagBag from /opt/airflow/dags/exampledag.py
[2025-08-02T14:21:18.613+0000] {processor.py:840} INFO - DAG(s) 'example_astronauts' retrieved from /opt/airflow/dags/exampledag.py
[2025-08-02T14:21:18.631+0000] {logging_mixin.py:188} INFO - [2025-08-02T14:21:18.631+0000] {dag.py:3089} INFO - Sync 1 DAGs
[2025-08-02T14:21:18.644+0000] {logging_mixin.py:188} INFO - [2025-08-02T14:21:18.644+0000] {dag.py:3947} INFO - Setting next_dagrun for example_astronauts to 2025-08-02 00:00:00+00:00, run_after=2025-08-03 00:00:00+00:00
[2025-08-02T14:21:18.656+0000] {processor.py:183} INFO - Processing /opt/airflow/dags/exampledag.py took 0.055 seconds
[2025-08-02T14:21:48.756+0000] {processor.py:161} INFO - Started process (PID=348) to work on /opt/airflow/dags/exampledag.py
[2025-08-02T14:21:48.756+0000] {processor.py:830} INFO - Processing file /opt/airflow/dags/exampledag.py for tasks to queue
[2025-08-02T14:21:48.757+0000] {logging_mixin.py:188} INFO - [2025-08-02T14:21:48.757+0000] {dagbag.py:545} INFO - Filling up the DagBag from /opt/airflow/dags/exampledag.py
[2025-08-02T14:21:48.764+0000] {processor.py:840} INFO - DAG(s) 'example_astronauts' retrieved from /opt/airflow/dags/exampledag.py
[2025-08-02T14:21:48.781+0000] {logging_mixin.py:188} INFO - [2025-08-02T14:21:48.781+0000] {dag.py:3089} INFO - Sync 1 DAGs
[2025-08-02T14:21:48.795+0000] {logging_mixin.py:188} INFO - [2025-08-02T14:21:48.795+0000] {dag.py:3947} INFO - Setting next_dagrun for example_astronauts to 2025-08-02 00:00:00+00:00, run_after=2025-08-03 00:00:00+00:00
[2025-08-02T14:21:48.808+0000] {processor.py:183} INFO - Processing /opt/airflow/dags/exampledag.py took 0.056 seconds
[2025-08-02T14:22:18.894+0000] {processor.py:161} INFO - Started process (PID=356) to work on /opt/airflow/dags/exampledag.py
[2025-08-02T14:22:18.895+0000] {processor.py:830} INFO - Processing file /opt/airflow/dags/exampledag.py for tasks to queue
[2025-08-02T14:22:18.895+0000] {logging_mixin.py:188} INFO - [2025-08-02T14:22:18.895+0000] {dagbag.py:545} INFO - Filling up the DagBag from /opt/airflow/dags/exampledag.py
[2025-08-02T14:22:18.902+0000] {processor.py:840} INFO - DAG(s) 'example_astronauts' retrieved from /opt/airflow/dags/exampledag.py
[2025-08-02T14:22:18.921+0000] {logging_mixin.py:188} INFO - [2025-08-02T14:22:18.921+0000] {dag.py:3089} INFO - Sync 1 DAGs
[2025-08-02T14:22:18.935+0000] {logging_mixin.py:188} INFO - [2025-08-02T14:22:18.934+0000] {dag.py:3947} INFO - Setting next_dagrun for example_astronauts to 2025-08-02 00:00:00+00:00, run_after=2025-08-03 00:00:00+00:00
[2025-08-02T14:22:18.947+0000] {processor.py:183} INFO - Processing /opt/airflow/dags/exampledag.py took 0.057 seconds
[2025-08-02T14:22:48.982+0000] {processor.py:161} INFO - Started process (PID=364) to work on /opt/airflow/dags/exampledag.py
[2025-08-02T14:22:48.983+0000] {processor.py:830} INFO - Processing file /opt/airflow/dags/exampledag.py for tasks to queue
[2025-08-02T14:22:48.983+0000] {logging_mixin.py:188} INFO - [2025-08-02T14:22:48.983+0000] {dagbag.py:545} INFO - Filling up the DagBag from /opt/airflow/dags/exampledag.py
[2025-08-02T14:22:48.991+0000] {processor.py:840} INFO - DAG(s) 'example_astronauts' retrieved from /opt/airflow/dags/exampledag.py
[2025-08-02T14:22:49.016+0000] {logging_mixin.py:188} INFO - [2025-08-02T14:22:49.016+0000] {dag.py:3089} INFO - Sync 1 DAGs
[2025-08-02T14:22:49.030+0000] {logging_mixin.py:188} INFO - [2025-08-02T14:22:49.030+0000] {dag.py:3947} INFO - Setting next_dagrun for example_astronauts to 2025-08-02 00:00:00+00:00, run_after=2025-08-03 00:00:00+00:00
[2025-08-02T14:22:49.046+0000] {processor.py:183} INFO - Processing /opt/airflow/dags/exampledag.py took 0.068 seconds
[2025-08-02T14:23:19.124+0000] {processor.py:161} INFO - Started process (PID=372) to work on /opt/airflow/dags/exampledag.py
[2025-08-02T14:23:19.125+0000] {processor.py:830} INFO - Processing file /opt/airflow/dags/exampledag.py for tasks to queue
[2025-08-02T14:23:19.125+0000] {logging_mixin.py:188} INFO - [2025-08-02T14:23:19.125+0000] {dagbag.py:545} INFO - Filling up the DagBag from /opt/airflow/dags/exampledag.py
[2025-08-02T14:23:19.135+0000] {processor.py:840} INFO - DAG(s) 'example_astronauts' retrieved from /opt/airflow/dags/exampledag.py
[2025-08-02T14:23:19.158+0000] {logging_mixin.py:188} INFO - [2025-08-02T14:23:19.158+0000] {dag.py:3089} INFO - Sync 1 DAGs
[2025-08-02T14:23:19.181+0000] {logging_mixin.py:188} INFO - [2025-08-02T14:23:19.181+0000] {dag.py:3947} INFO - Setting next_dagrun for example_astronauts to 2025-08-02 00:00:00+00:00, run_after=2025-08-03 00:00:00+00:00
[2025-08-02T14:23:19.199+0000] {processor.py:183} INFO - Processing /opt/airflow/dags/exampledag.py took 0.080 seconds
[2025-08-02T14:23:49.286+0000] {processor.py:161} INFO - Started process (PID=380) to work on /opt/airflow/dags/exampledag.py
[2025-08-02T14:23:49.286+0000] {processor.py:830} INFO - Processing file /opt/airflow/dags/exampledag.py for tasks to queue
[2025-08-02T14:23:49.287+0000] {logging_mixin.py:188} INFO - [2025-08-02T14:23:49.287+0000] {dagbag.py:545} INFO - Filling up the DagBag from /opt/airflow/dags/exampledag.py
[2025-08-02T14:23:49.294+0000] {processor.py:840} INFO - DAG(s) 'example_astronauts' retrieved from /opt/airflow/dags/exampledag.py
[2025-08-02T14:23:49.311+0000] {logging_mixin.py:188} INFO - [2025-08-02T14:23:49.311+0000] {dag.py:3089} INFO - Sync 1 DAGs
[2025-08-02T14:23:49.324+0000] {logging_mixin.py:188} INFO - [2025-08-02T14:23:49.324+0000] {dag.py:3947} INFO - Setting next_dagrun for example_astronauts to 2025-08-02 00:00:00+00:00, run_after=2025-08-03 00:00:00+00:00
[2025-08-02T14:23:49.337+0000] {processor.py:183} INFO - Processing /opt/airflow/dags/exampledag.py took 0.055 seconds
[2025-08-02T14:24:19.428+0000] {processor.py:161} INFO - Started process (PID=388) to work on /opt/airflow/dags/exampledag.py
[2025-08-02T14:24:19.429+0000] {processor.py:830} INFO - Processing file /opt/airflow/dags/exampledag.py for tasks to queue
[2025-08-02T14:24:19.429+0000] {logging_mixin.py:188} INFO - [2025-08-02T14:24:19.429+0000] {dagbag.py:545} INFO - Filling up the DagBag from /opt/airflow/dags/exampledag.py
[2025-08-02T14:24:19.436+0000] {processor.py:840} INFO - DAG(s) 'example_astronauts' retrieved from /opt/airflow/dags/exampledag.py
[2025-08-02T14:24:19.454+0000] {logging_mixin.py:188} INFO - [2025-08-02T14:24:19.454+0000] {dag.py:3089} INFO - Sync 1 DAGs
[2025-08-02T14:24:19.467+0000] {logging_mixin.py:188} INFO - [2025-08-02T14:24:19.467+0000] {dag.py:3947} INFO - Setting next_dagrun for example_astronauts to 2025-08-02 00:00:00+00:00, run_after=2025-08-03 00:00:00+00:00
[2025-08-02T14:24:19.480+0000] {processor.py:183} INFO - Processing /opt/airflow/dags/exampledag.py took 0.055 seconds
[2025-08-02T14:24:49.514+0000] {processor.py:161} INFO - Started process (PID=396) to work on /opt/airflow/dags/exampledag.py
[2025-08-02T14:24:49.514+0000] {processor.py:830} INFO - Processing file /opt/airflow/dags/exampledag.py for tasks to queue
[2025-08-02T14:24:49.515+0000] {logging_mixin.py:188} INFO - [2025-08-02T14:24:49.515+0000] {dagbag.py:545} INFO - Filling up the DagBag from /opt/airflow/dags/exampledag.py
[2025-08-02T14:24:49.522+0000] {processor.py:840} INFO - DAG(s) 'example_astronauts' retrieved from /opt/airflow/dags/exampledag.py
[2025-08-02T14:24:49.539+0000] {logging_mixin.py:188} INFO - [2025-08-02T14:24:49.539+0000] {dag.py:3089} INFO - Sync 1 DAGs
[2025-08-02T14:24:49.552+0000] {logging_mixin.py:188} INFO - [2025-08-02T14:24:49.552+0000] {dag.py:3947} INFO - Setting next_dagrun for example_astronauts to 2025-08-02 00:00:00+00:00, run_after=2025-08-03 00:00:00+00:00
[2025-08-02T14:24:49.565+0000] {processor.py:183} INFO - Processing /opt/airflow/dags/exampledag.py took 0.054 seconds
[2025-08-02T14:25:19.661+0000] {processor.py:161} INFO - Started process (PID=404) to work on /opt/airflow/dags/exampledag.py
[2025-08-02T14:25:19.661+0000] {processor.py:830} INFO - Processing file /opt/airflow/dags/exampledag.py for tasks to queue
[2025-08-02T14:25:19.662+0000] {logging_mixin.py:188} INFO - [2025-08-02T14:25:19.662+0000] {dagbag.py:545} INFO - Filling up the DagBag from /opt/airflow/dags/exampledag.py
[2025-08-02T14:25:19.672+0000] {processor.py:840} INFO - DAG(s) 'example_astronauts' retrieved from /opt/airflow/dags/exampledag.py
[2025-08-02T14:25:19.694+0000] {logging_mixin.py:188} INFO - [2025-08-02T14:25:19.694+0000] {dag.py:3089} INFO - Sync 1 DAGs
[2025-08-02T14:25:19.711+0000] {logging_mixin.py:188} INFO - [2025-08-02T14:25:19.711+0000] {dag.py:3947} INFO - Setting next_dagrun for example_astronauts to 2025-08-02 00:00:00+00:00, run_after=2025-08-03 00:00:00+00:00
[2025-08-02T14:25:19.729+0000] {processor.py:183} INFO - Processing /opt/airflow/dags/exampledag.py took 0.075 seconds
